CRITICAL - 2020-12-15 00:39:13 --> salah is not a valid rule.
#0 C:\xampp\htdocs\Pw_A\system\Validation\Validation.php(333): CodeIgniter\Validation\Exceptions\ValidationException::forRuleNotFound('salah')
#1 C:\xampp\htdocs\Pw_A\system\Validation\Validation.php(189): CodeIgniter\Validation\Validation->processRules('sampul', 'sampul', '', Array, Array)
#2 C:\xampp\htdocs\Pw_A\system\Controller.php(219): CodeIgniter\Validation\Validation->run()
#3 C:\xampp\htdocs\Pw_A\app\Controllers\cartoon.php(58): CodeIgniter\Controller->validate(Array)
#4 C:\xampp\htdocs\Pw_A\system\CodeIgniter.php(918): App\Controllers\cartoon->save()
#5 C:\xampp\htdocs\Pw_A\system\CodeIgniter.php(404): CodeIgniter\CodeIgniter->runController(Object(App\Controllers\cartoon))
#6 C:\xampp\htdocs\Pw_A\system\CodeIgniter.php(312): CodeIgniter\CodeIgniter->handleRequest(NULL, Object(Config\Cache), false)
#7 C:\xampp\htdocs\Pw_A\public\index.php(45): CodeIgniter\CodeIgniter->run()
#8 C:\xampp\htdocs\Pw_A\system\Commands\Server\rewrite.php(34): require_once('C:\\xampp\\htdocs...')
#9 {main}
CRITICAL - 2020-12-15 02:40:15 --> Undefined index: $slug
#0 C:\xampp\htdocs\Pw_A\app\Views\cartoon\detail.php(22): CodeIgniter\Debug\Exceptions->errorHandler(8, 'Undefined index...', 'C:\\xampp\\htdocs...', 22, Array)
#1 C:\xampp\htdocs\Pw_A\system\View\View.php(246): include('C:\\xampp\\htdocs...')
#2 C:\xampp\htdocs\Pw_A\system\Common.php(1119): CodeIgniter\View\View->render('cartoon/detail', Array, true)
#3 C:\xampp\htdocs\Pw_A\app\Controllers\cartoon.php(40): view('cartoon/detail', Array)
#4 C:\xampp\htdocs\Pw_A\system\CodeIgniter.php(918): App\Controllers\cartoon->detail('tom&jerry')
#5 C:\xampp\htdocs\Pw_A\system\CodeIgniter.php(404): CodeIgniter\CodeIgniter->runController(Object(App\Controllers\cartoon))
#6 C:\xampp\htdocs\Pw_A\system\CodeIgniter.php(312): CodeIgniter\CodeIgniter->handleRequest(NULL, Object(Config\Cache), false)
#7 C:\xampp\htdocs\Pw_A\public\index.php(45): CodeIgniter\CodeIgniter->run()
#8 C:\xampp\htdocs\Pw_A\system\Commands\Server\rewrite.php(34): require_once('C:\\xampp\\htdocs...')
#9 {main}
CRITICAL - 2020-12-15 02:40:25 --> Undefined index: $slug
#0 C:\xampp\htdocs\Pw_A\app\Views\cartoon\detail.php(22): CodeIgniter\Debug\Exceptions->errorHandler(8, 'Undefined index...', 'C:\\xampp\\htdocs...', 22, Array)
#1 C:\xampp\htdocs\Pw_A\system\View\View.php(246): include('C:\\xampp\\htdocs...')
#2 C:\xampp\htdocs\Pw_A\system\Common.php(1119): CodeIgniter\View\View->render('cartoon/detail', Array, true)
#3 C:\xampp\htdocs\Pw_A\app\Controllers\cartoon.php(40): view('cartoon/detail', Array)
#4 C:\xampp\htdocs\Pw_A\system\CodeIgniter.php(918): App\Controllers\cartoon->detail('bernard')
#5 C:\xampp\htdocs\Pw_A\system\CodeIgniter.php(404): CodeIgniter\CodeIgniter->runController(Object(App\Controllers\cartoon))
#6 C:\xampp\htdocs\Pw_A\system\CodeIgniter.php(312): CodeIgniter\CodeIgniter->handleRequest(NULL, Object(Config\Cache), false)
#7 C:\xampp\htdocs\Pw_A\public\index.php(45): CodeIgniter\CodeIgniter->run()
#8 C:\xampp\htdocs\Pw_A\system\Commands\Server\rewrite.php(34): require_once('C:\\xampp\\htdocs...')
#9 {main}
CRITICAL - 2020-12-15 02:41:36 --> Undefined index: $slug
#0 C:\xampp\htdocs\Pw_A\app\Views\cartoon\detail.php(22): CodeIgniter\Debug\Exceptions->errorHandler(8, 'Undefined index...', 'C:\\xampp\\htdocs...', 22, Array)
#1 C:\xampp\htdocs\Pw_A\system\View\View.php(246): include('C:\\xampp\\htdocs...')
#2 C:\xampp\htdocs\Pw_A\system\Common.php(1119): CodeIgniter\View\View->render('cartoon/detail', Array, true)
#3 C:\xampp\htdocs\Pw_A\app\Controllers\cartoon.php(40): view('cartoon/detail', Array)
#4 C:\xampp\htdocs\Pw_A\system\CodeIgniter.php(918): App\Controllers\cartoon->detail('tom&jerry')
#5 C:\xampp\htdocs\Pw_A\system\CodeIgniter.php(404): CodeIgniter\CodeIgniter->runController(Object(App\Controllers\cartoon))
#6 C:\xampp\htdocs\Pw_A\system\CodeIgniter.php(312): CodeIgniter\CodeIgniter->handleRequest(NULL, Object(Config\Cache), false)
#7 C:\xampp\htdocs\Pw_A\public\index.php(45): CodeIgniter\CodeIgniter->run()
#8 C:\xampp\htdocs\Pw_A\system\Commands\Server\rewrite.php(34): require_once('C:\\xampp\\htdocs...')
#9 {main}
CRITICAL - 2020-12-15 02:41:58 --> Undefined index: $slug
#0 C:\xampp\htdocs\Pw_A\app\Views\cartoon\detail.php(22): CodeIgniter\Debug\Exceptions->errorHandler(8, 'Undefined index...', 'C:\\xampp\\htdocs...', 22, Array)
#1 C:\xampp\htdocs\Pw_A\system\View\View.php(246): include('C:\\xampp\\htdocs...')
#2 C:\xampp\htdocs\Pw_A\system\Common.php(1119): CodeIgniter\View\View->render('cartoon/detail', Array, true)
#3 C:\xampp\htdocs\Pw_A\app\Controllers\cartoon.php(40): view('cartoon/detail', Array)
#4 C:\xampp\htdocs\Pw_A\system\CodeIgniter.php(918): App\Controllers\cartoon->detail('tom&jerry')
#5 C:\xampp\htdocs\Pw_A\system\CodeIgniter.php(404): CodeIgniter\CodeIgniter->runController(Object(App\Controllers\cartoon))
#6 C:\xampp\htdocs\Pw_A\system\CodeIgniter.php(312): CodeIgniter\CodeIgniter->handleRequest(NULL, Object(Config\Cache), false)
#7 C:\xampp\htdocs\Pw_A\public\index.php(45): CodeIgniter\CodeIgniter->run()
#8 C:\xampp\htdocs\Pw_A\system\Commands\Server\rewrite.php(34): require_once('C:\\xampp\\htdocs...')
#9 {main}
CRITICAL - 2020-12-15 02:43:46 --> Undefined index: $slug
#0 C:\xampp\htdocs\Pw_A\app\Views\cartoon\detail.php(22): CodeIgniter\Debug\Exceptions->errorHandler(8, 'Undefined index...', 'C:\\xampp\\htdocs...', 22, Array)
#1 C:\xampp\htdocs\Pw_A\system\View\View.php(246): include('C:\\xampp\\htdocs...')
#2 C:\xampp\htdocs\Pw_A\system\Common.php(1119): CodeIgniter\View\View->render('cartoon/detail', Array, true)
#3 C:\xampp\htdocs\Pw_A\app\Controllers\cartoon.php(40): view('cartoon/detail', Array)
#4 C:\xampp\htdocs\Pw_A\system\CodeIgniter.php(918): App\Controllers\cartoon->detail('tom&jerry')
#5 C:\xampp\htdocs\Pw_A\system\CodeIgniter.php(404): CodeIgniter\CodeIgniter->runController(Object(App\Controllers\cartoon))
#6 C:\xampp\htdocs\Pw_A\system\CodeIgniter.php(312): CodeIgniter\CodeIgniter->handleRequest(NULL, Object(Config\Cache), false)
#7 C:\xampp\htdocs\Pw_A\public\index.php(45): CodeIgniter\CodeIgniter->run()
#8 C:\xampp\htdocs\Pw_A\system\Commands\Server\rewrite.php(34): require_once('C:\\xampp\\htdocs...')
#9 {main}
CRITICAL - 2020-12-15 02:43:47 --> Undefined index: $slug
#0 C:\xampp\htdocs\Pw_A\app\Views\cartoon\detail.php(22): CodeIgniter\Debug\Exceptions->errorHandler(8, 'Undefined index...', 'C:\\xampp\\htdocs...', 22, Array)
#1 C:\xampp\htdocs\Pw_A\system\View\View.php(246): include('C:\\xampp\\htdocs...')
#2 C:\xampp\htdocs\Pw_A\system\Common.php(1119): CodeIgniter\View\View->render('cartoon/detail', Array, true)
#3 C:\xampp\htdocs\Pw_A\app\Controllers\cartoon.php(40): view('cartoon/detail', Array)
#4 C:\xampp\htdocs\Pw_A\system\CodeIgniter.php(918): App\Controllers\cartoon->detail('tom&jerry')
#5 C:\xampp\htdocs\Pw_A\system\CodeIgniter.php(404): CodeIgniter\CodeIgniter->runController(Object(App\Controllers\cartoon))
#6 C:\xampp\htdocs\Pw_A\system\CodeIgniter.php(312): CodeIgniter\CodeIgniter->handleRequest(NULL, Object(Config\Cache), false)
#7 C:\xampp\htdocs\Pw_A\public\index.php(45): CodeIgniter\CodeIgniter->run()
#8 C:\xampp\htdocs\Pw_A\system\Commands\Server\rewrite.php(34): require_once('C:\\xampp\\htdocs...')
#9 {main}
CRITICAL - 2020-12-15 02:43:47 --> Undefined index: $slug
#0 C:\xampp\htdocs\Pw_A\app\Views\cartoon\detail.php(22): CodeIgniter\Debug\Exceptions->errorHandler(8, 'Undefined index...', 'C:\\xampp\\htdocs...', 22, Array)
#1 C:\xampp\htdocs\Pw_A\system\View\View.php(246): include('C:\\xampp\\htdocs...')
#2 C:\xampp\htdocs\Pw_A\system\Common.php(1119): CodeIgniter\View\View->render('cartoon/detail', Array, true)
#3 C:\xampp\htdocs\Pw_A\app\Controllers\cartoon.php(40): view('cartoon/detail', Array)
#4 C:\xampp\htdocs\Pw_A\system\CodeIgniter.php(918): App\Controllers\cartoon->detail('tom&jerry')
#5 C:\xampp\htdocs\Pw_A\system\CodeIgniter.php(404): CodeIgniter\CodeIgniter->runController(Object(App\Controllers\cartoon))
#6 C:\xampp\htdocs\Pw_A\system\CodeIgniter.php(312): CodeIgniter\CodeIgniter->handleRequest(NULL, Object(Config\Cache), false)
#7 C:\xampp\htdocs\Pw_A\public\index.php(45): CodeIgniter\CodeIgniter->run()
#8 C:\xampp\htdocs\Pw_A\system\Commands\Server\rewrite.php(34): require_once('C:\\xampp\\htdocs...')
#9 {main}
CRITICAL - 2020-12-15 02:43:50 --> Undefined index: $slug
#0 C:\xampp\htdocs\Pw_A\app\Views\cartoon\detail.php(22): CodeIgniter\Debug\Exceptions->errorHandler(8, 'Undefined index...', 'C:\\xampp\\htdocs...', 22, Array)
#1 C:\xampp\htdocs\Pw_A\system\View\View.php(246): include('C:\\xampp\\htdocs...')
#2 C:\xampp\htdocs\Pw_A\system\Common.php(1119): CodeIgniter\View\View->render('cartoon/detail', Array, true)
#3 C:\xampp\htdocs\Pw_A\app\Controllers\cartoon.php(40): view('cartoon/detail', Array)
#4 C:\xampp\htdocs\Pw_A\system\CodeIgniter.php(918): App\Controllers\cartoon->detail('tom&jerry')
#5 C:\xampp\htdocs\Pw_A\system\CodeIgniter.php(404): CodeIgniter\CodeIgniter->runController(Object(App\Controllers\cartoon))
#6 C:\xampp\htdocs\Pw_A\system\CodeIgniter.php(312): CodeIgniter\CodeIgniter->handleRequest(NULL, Object(Config\Cache), false)
#7 C:\xampp\htdocs\Pw_A\public\index.php(45): CodeIgniter\CodeIgniter->run()
#8 C:\xampp\htdocs\Pw_A\system\Commands\Server\rewrite.php(34): require_once('C:\\xampp\\htdocs...')
#9 {main}
CRITICAL - 2020-12-15 02:55:25 --> Undefined index: $slug
#0 C:\xampp\htdocs\Pw_A\app\Views\cartoon\detail.php(22): CodeIgniter\Debug\Exceptions->errorHandler(8, 'Undefined index...', 'C:\\xampp\\htdocs...', 22, Array)
#1 C:\xampp\htdocs\Pw_A\system\View\View.php(246): include('C:\\xampp\\htdocs...')
#2 C:\xampp\htdocs\Pw_A\system\Common.php(1119): CodeIgniter\View\View->render('cartoon/detail', Array, true)
#3 C:\xampp\htdocs\Pw_A\app\Controllers\cartoon.php(40): view('cartoon/detail', Array)
#4 C:\xampp\htdocs\Pw_A\system\CodeIgniter.php(918): App\Controllers\cartoon->detail('spongebob-squar...')
#5 C:\xampp\htdocs\Pw_A\system\CodeIgniter.php(404): CodeIgniter\CodeIgniter->runController(Object(App\Controllers\cartoon))
#6 C:\xampp\htdocs\Pw_A\system\CodeIgniter.php(312): CodeIgniter\CodeIgniter->handleRequest(NULL, Object(Config\Cache), false)
#7 C:\xampp\htdocs\Pw_A\public\index.php(45): CodeIgniter\CodeIgniter->run()
#8 C:\xampp\htdocs\Pw_A\system\Commands\Server\rewrite.php(34): require_once('C:\\xampp\\htdocs...')
#9 {main}
CRITICAL - 2020-12-15 02:55:28 --> Undefined index: $slug
#0 C:\xampp\htdocs\Pw_A\app\Views\cartoon\detail.php(22): CodeIgniter\Debug\Exceptions->errorHandler(8, 'Undefined index...', 'C:\\xampp\\htdocs...', 22, Array)
#1 C:\xampp\htdocs\Pw_A\system\View\View.php(246): include('C:\\xampp\\htdocs...')
#2 C:\xampp\htdocs\Pw_A\system\Common.php(1119): CodeIgniter\View\View->render('cartoon/detail', Array, true)
#3 C:\xampp\htdocs\Pw_A\app\Controllers\cartoon.php(40): view('cartoon/detail', Array)
#4 C:\xampp\htdocs\Pw_A\system\CodeIgniter.php(918): App\Controllers\cartoon->detail('tom&jerry')
#5 C:\xampp\htdocs\Pw_A\system\CodeIgniter.php(404): CodeIgniter\CodeIgniter->runController(Object(App\Controllers\cartoon))
#6 C:\xampp\htdocs\Pw_A\system\CodeIgniter.php(312): CodeIgniter\CodeIgniter->handleRequest(NULL, Object(Config\Cache), false)
#7 C:\xampp\htdocs\Pw_A\public\index.php(45): CodeIgniter\CodeIgniter->run()
#8 C:\xampp\htdocs\Pw_A\system\Commands\Server\rewrite.php(34): require_once('C:\\xampp\\htdocs...')
#9 {main}
CRITICAL - 2020-12-15 02:56:21 --> Undefined index: $slug
#0 C:\xampp\htdocs\Pw_A\app\Views\cartoon\detail.php(22): CodeIgniter\Debug\Exceptions->errorHandler(8, 'Undefined index...', 'C:\\xampp\\htdocs...', 22, Array)
#1 C:\xampp\htdocs\Pw_A\system\View\View.php(246): include('C:\\xampp\\htdocs...')
#2 C:\xampp\htdocs\Pw_A\system\Common.php(1119): CodeIgniter\View\View->render('cartoon/detail', Array, true)
#3 C:\xampp\htdocs\Pw_A\app\Controllers\cartoon.php(40): view('cartoon/detail', Array)
#4 C:\xampp\htdocs\Pw_A\system\CodeIgniter.php(918): App\Controllers\cartoon->detail('tom&jerry')
#5 C:\xampp\htdocs\Pw_A\system\CodeIgniter.php(404): CodeIgniter\CodeIgniter->runController(Object(App\Controllers\cartoon))
#6 C:\xampp\htdocs\Pw_A\system\CodeIgniter.php(312): CodeIgniter\CodeIgniter->handleRequest(NULL, Object(Config\Cache), false)
#7 C:\xampp\htdocs\Pw_A\public\index.php(45): CodeIgniter\CodeIgniter->run()
#8 C:\xampp\htdocs\Pw_A\system\Commands\Server\rewrite.php(34): require_once('C:\\xampp\\htdocs...')
#9 {main}
CRITICAL - 2020-12-15 02:56:22 --> Undefined index: $slug
#0 C:\xampp\htdocs\Pw_A\app\Views\cartoon\detail.php(22): CodeIgniter\Debug\Exceptions->errorHandler(8, 'Undefined index...', 'C:\\xampp\\htdocs...', 22, Array)
#1 C:\xampp\htdocs\Pw_A\system\View\View.php(246): include('C:\\xampp\\htdocs...')
#2 C:\xampp\htdocs\Pw_A\system\Common.php(1119): CodeIgniter\View\View->render('cartoon/detail', Array, true)
#3 C:\xampp\htdocs\Pw_A\app\Controllers\cartoon.php(40): view('cartoon/detail', Array)
#4 C:\xampp\htdocs\Pw_A\system\CodeIgniter.php(918): App\Controllers\cartoon->detail('tom&jerry')
#5 C:\xampp\htdocs\Pw_A\system\CodeIgniter.php(404): CodeIgniter\CodeIgniter->runController(Object(App\Controllers\cartoon))
#6 C:\xampp\htdocs\Pw_A\system\CodeIgniter.php(312): CodeIgniter\CodeIgniter->handleRequest(NULL, Object(Config\Cache), false)
#7 C:\xampp\htdocs\Pw_A\public\index.php(45): CodeIgniter\CodeIgniter->run()
#8 C:\xampp\htdocs\Pw_A\system\Commands\Server\rewrite.php(34): require_once('C:\\xampp\\htdocs...')
#9 {main}
CRITICAL - 2020-12-15 02:56:22 --> Undefined index: $slug
#0 C:\xampp\htdocs\Pw_A\app\Views\cartoon\detail.php(22): CodeIgniter\Debug\Exceptions->errorHandler(8, 'Undefined index...', 'C:\\xampp\\htdocs...', 22, Array)
#1 C:\xampp\htdocs\Pw_A\system\View\View.php(246): include('C:\\xampp\\htdocs...')
#2 C:\xampp\htdocs\Pw_A\system\Common.php(1119): CodeIgniter\View\View->render('cartoon/detail', Array, true)
#3 C:\xampp\htdocs\Pw_A\app\Controllers\cartoon.php(40): view('cartoon/detail', Array)
#4 C:\xampp\htdocs\Pw_A\system\CodeIgniter.php(918): App\Controllers\cartoon->detail('tom&jerry')
#5 C:\xampp\htdocs\Pw_A\system\CodeIgniter.php(404): CodeIgniter\CodeIgniter->runController(Object(App\Controllers\cartoon))
#6 C:\xampp\htdocs\Pw_A\system\CodeIgniter.php(312): CodeIgniter\CodeIgniter->handleRequest(NULL, Object(Config\Cache), false)
#7 C:\xampp\htdocs\Pw_A\public\index.php(45): CodeIgniter\CodeIgniter->run()
#8 C:\xampp\htdocs\Pw_A\system\Commands\Server\rewrite.php(34): require_once('C:\\xampp\\htdocs...')
#9 {main}
CRITICAL - 2020-12-15 02:56:23 --> Undefined index: $slug
#0 C:\xampp\htdocs\Pw_A\app\Views\cartoon\detail.php(22): CodeIgniter\Debug\Exceptions->errorHandler(8, 'Undefined index...', 'C:\\xampp\\htdocs...', 22, Array)
#1 C:\xampp\htdocs\Pw_A\system\View\View.php(246): include('C:\\xampp\\htdocs...')
#2 C:\xampp\htdocs\Pw_A\system\Common.php(1119): CodeIgniter\View\View->render('cartoon/detail', Array, true)
#3 C:\xampp\htdocs\Pw_A\app\Controllers\cartoon.php(40): view('cartoon/detail', Array)
#4 C:\xampp\htdocs\Pw_A\system\CodeIgniter.php(918): App\Controllers\cartoon->detail('tom&jerry')
#5 C:\xampp\htdocs\Pw_A\system\CodeIgniter.php(404): CodeIgniter\CodeIgniter->runController(Object(App\Controllers\cartoon))
#6 C:\xampp\htdocs\Pw_A\system\CodeIgniter.php(312): CodeIgniter\CodeIgniter->handleRequest(NULL, Object(Config\Cache), false)
#7 C:\xampp\htdocs\Pw_A\public\index.php(45): CodeIgniter\CodeIgniter->run()
#8 C:\xampp\htdocs\Pw_A\system\Commands\Server\rewrite.php(34): require_once('C:\\xampp\\htdocs...')
#9 {main}
CRITICAL - 2020-12-15 02:58:08 --> Undefined index: $slug
#0 C:\xampp\htdocs\Pw_A\app\Views\cartoon\detail.php(22): CodeIgniter\Debug\Exceptions->errorHandler(8, 'Undefined index...', 'C:\\xampp\\htdocs...', 22, Array)
#1 C:\xampp\htdocs\Pw_A\system\View\View.php(246): include('C:\\xampp\\htdocs...')
#2 C:\xampp\htdocs\Pw_A\system\Common.php(1119): CodeIgniter\View\View->render('cartoon/detail', Array, true)
#3 C:\xampp\htdocs\Pw_A\app\Controllers\cartoon.php(40): view('cartoon/detail', Array)
#4 C:\xampp\htdocs\Pw_A\system\CodeIgniter.php(918): App\Controllers\cartoon->detail('tom&jerry')
#5 C:\xampp\htdocs\Pw_A\system\CodeIgniter.php(404): CodeIgniter\CodeIgniter->runController(Object(App\Controllers\cartoon))
#6 C:\xampp\htdocs\Pw_A\system\CodeIgniter.php(312): CodeIgniter\CodeIgniter->handleRequest(NULL, Object(Config\Cache), false)
#7 C:\xampp\htdocs\Pw_A\public\index.php(45): CodeIgniter\CodeIgniter->run()
#8 C:\xampp\htdocs\Pw_A\system\Commands\Server\rewrite.php(34): require_once('C:\\xampp\\htdocs...')
#9 {main}
CRITICAL - 2020-12-15 03:00:01 --> Undefined index: $slug
#0 C:\xampp\htdocs\Pw_A\app\Views\cartoon\detail.php(22): CodeIgniter\Debug\Exceptions->errorHandler(8, 'Undefined index...', 'C:\\xampp\\htdocs...', 22, Array)
#1 C:\xampp\htdocs\Pw_A\system\View\View.php(246): include('C:\\xampp\\htdocs...')
#2 C:\xampp\htdocs\Pw_A\system\Common.php(1119): CodeIgniter\View\View->render('cartoon/detail', Array, true)
#3 C:\xampp\htdocs\Pw_A\app\Controllers\cartoon.php(40): view('cartoon/detail', Array)
#4 C:\xampp\htdocs\Pw_A\system\CodeIgniter.php(918): App\Controllers\cartoon->detail('tom&jerry')
#5 C:\xampp\htdocs\Pw_A\system\CodeIgniter.php(404): CodeIgniter\CodeIgniter->runController(Object(App\Controllers\cartoon))
#6 C:\xampp\htdocs\Pw_A\system\CodeIgniter.php(312): CodeIgniter\CodeIgniter->handleRequest(NULL, Object(Config\Cache), false)
#7 C:\xampp\htdocs\Pw_A\public\index.php(45): CodeIgniter\CodeIgniter->run()
#8 C:\xampp\htdocs\Pw_A\system\Commands\Server\rewrite.php(34): require_once('C:\\xampp\\htdocs...')
#9 {main}
CRITICAL - 2020-12-15 03:00:05 --> Undefined index: $slug
#0 C:\xampp\htdocs\Pw_A\app\Views\cartoon\detail.php(22): CodeIgniter\Debug\Exceptions->errorHandler(8, 'Undefined index...', 'C:\\xampp\\htdocs...', 22, Array)
#1 C:\xampp\htdocs\Pw_A\system\View\View.php(246): include('C:\\xampp\\htdocs...')
#2 C:\xampp\htdocs\Pw_A\system\Common.php(1119): CodeIgniter\View\View->render('cartoon/detail', Array, true)
#3 C:\xampp\htdocs\Pw_A\app\Controllers\cartoon.php(40): view('cartoon/detail', Array)
#4 C:\xampp\htdocs\Pw_A\system\CodeIgniter.php(918): App\Controllers\cartoon->detail('tom&jerry')
#5 C:\xampp\htdocs\Pw_A\system\CodeIgniter.php(404): CodeIgniter\CodeIgniter->runController(Object(App\Controllers\cartoon))
#6 C:\xampp\htdocs\Pw_A\system\CodeIgniter.php(312): CodeIgniter\CodeIgniter->handleRequest(NULL, Object(Config\Cache), false)
#7 C:\xampp\htdocs\Pw_A\public\index.php(45): CodeIgniter\CodeIgniter->run()
#8 C:\xampp\htdocs\Pw_A\system\Commands\Server\rewrite.php(34): require_once('C:\\xampp\\htdocs...')
#9 {main}
CRITICAL - 2020-12-15 03:00:25 --> Undefined index: $slug
#0 C:\xampp\htdocs\Pw_A\app\Views\cartoon\detail.php(22): CodeIgniter\Debug\Exceptions->errorHandler(8, 'Undefined index...', 'C:\\xampp\\htdocs...', 22, Array)
#1 C:\xampp\htdocs\Pw_A\system\View\View.php(246): include('C:\\xampp\\htdocs...')
#2 C:\xampp\htdocs\Pw_A\system\Common.php(1119): CodeIgniter\View\View->render('cartoon/detail', Array, true)
#3 C:\xampp\htdocs\Pw_A\app\Controllers\cartoon.php(40): view('cartoon/detail', Array)
#4 C:\xampp\htdocs\Pw_A\system\CodeIgniter.php(918): App\Controllers\cartoon->detail('tom&jerry')
#5 C:\xampp\htdocs\Pw_A\system\CodeIgniter.php(404): CodeIgniter\CodeIgniter->runController(Object(App\Controllers\cartoon))
#6 C:\xampp\htdocs\Pw_A\system\CodeIgniter.php(312): CodeIgniter\CodeIgniter->handleRequest(NULL, Object(Config\Cache), false)
#7 C:\xampp\htdocs\Pw_A\public\index.php(45): CodeIgniter\CodeIgniter->run()
#8 C:\xampp\htdocs\Pw_A\system\Commands\Server\rewrite.php(34): require_once('C:\\xampp\\htdocs...')
#9 {main}
CRITICAL - 2020-12-15 03:00:26 --> Undefined index: $slug
#0 C:\xampp\htdocs\Pw_A\app\Views\cartoon\detail.php(22): CodeIgniter\Debug\Exceptions->errorHandler(8, 'Undefined index...', 'C:\\xampp\\htdocs...', 22, Array)
#1 C:\xampp\htdocs\Pw_A\system\View\View.php(246): include('C:\\xampp\\htdocs...')
#2 C:\xampp\htdocs\Pw_A\system\Common.php(1119): CodeIgniter\View\View->render('cartoon/detail', Array, true)
#3 C:\xampp\htdocs\Pw_A\app\Controllers\cartoon.php(40): view('cartoon/detail', Array)
#4 C:\xampp\htdocs\Pw_A\system\CodeIgniter.php(918): App\Controllers\cartoon->detail('tom&jerry')
#5 C:\xampp\htdocs\Pw_A\system\CodeIgniter.php(404): CodeIgniter\CodeIgniter->runController(Object(App\Controllers\cartoon))
#6 C:\xampp\htdocs\Pw_A\system\CodeIgniter.php(312): CodeIgniter\CodeIgniter->handleRequest(NULL, Object(Config\Cache), false)
#7 C:\xampp\htdocs\Pw_A\public\index.php(45): CodeIgniter\CodeIgniter->run()
#8 C:\xampp\htdocs\Pw_A\system\Commands\Server\rewrite.php(34): require_once('C:\\xampp\\htdocs...')
#9 {main}
CRITICAL - 2020-12-15 03:01:18 --> Undefined index: $slug
#0 C:\xampp\htdocs\Pw_A\app\Views\cartoon\detail.php(22): CodeIgniter\Debug\Exceptions->errorHandler(8, 'Undefined index...', 'C:\\xampp\\htdocs...', 22, Array)
#1 C:\xampp\htdocs\Pw_A\system\View\View.php(246): include('C:\\xampp\\htdocs...')
#2 C:\xampp\htdocs\Pw_A\system\Common.php(1119): CodeIgniter\View\View->render('cartoon/detail', Array, true)
#3 C:\xampp\htdocs\Pw_A\app\Controllers\cartoon.php(40): view('cartoon/detail', Array)
#4 C:\xampp\htdocs\Pw_A\system\CodeIgniter.php(918): App\Controllers\cartoon->detail('tom&jerry')
#5 C:\xampp\htdocs\Pw_A\system\CodeIgniter.php(404): CodeIgniter\CodeIgniter->runController(Object(App\Controllers\cartoon))
#6 C:\xampp\htdocs\Pw_A\system\CodeIgniter.php(312): CodeIgniter\CodeIgniter->handleRequest(NULL, Object(Config\Cache), false)
#7 C:\xampp\htdocs\Pw_A\public\index.php(45): CodeIgniter\CodeIgniter->run()
#8 C:\xampp\htdocs\Pw_A\system\Commands\Server\rewrite.php(34): require_once('C:\\xampp\\htdocs...')
#9 {main}
CRITICAL - 2020-12-15 03:01:59 --> Undefined index: $slug
#0 C:\xampp\htdocs\Pw_A\app\Views\cartoon\detail.php(22): CodeIgniter\Debug\Exceptions->errorHandler(8, 'Undefined index...', 'C:\\xampp\\htdocs...', 22, Array)
#1 C:\xampp\htdocs\Pw_A\system\View\View.php(246): include('C:\\xampp\\htdocs...')
#2 C:\xampp\htdocs\Pw_A\system\Common.php(1119): CodeIgniter\View\View->render('cartoon/detail', Array, true)
#3 C:\xampp\htdocs\Pw_A\app\Controllers\cartoon.php(40): view('cartoon/detail', Array)
#4 C:\xampp\htdocs\Pw_A\system\CodeIgniter.php(918): App\Controllers\cartoon->detail('tom&jerry')
#5 C:\xampp\htdocs\Pw_A\system\CodeIgniter.php(404): CodeIgniter\CodeIgniter->runController(Object(App\Controllers\cartoon))
#6 C:\xampp\htdocs\Pw_A\system\CodeIgniter.php(312): CodeIgniter\CodeIgniter->handleRequest(NULL, Object(Config\Cache), false)
#7 C:\xampp\htdocs\Pw_A\public\index.php(45): CodeIgniter\CodeIgniter->run()
#8 C:\xampp\htdocs\Pw_A\system\Commands\Server\rewrite.php(34): require_once('C:\\xampp\\htdocs...')
#9 {main}
CRITICAL - 2020-12-15 03:02:00 --> Undefined index: $slug
#0 C:\xampp\htdocs\Pw_A\app\Views\cartoon\detail.php(22): CodeIgniter\Debug\Exceptions->errorHandler(8, 'Undefined index...', 'C:\\xampp\\htdocs...', 22, Array)
#1 C:\xampp\htdocs\Pw_A\system\View\View.php(246): include('C:\\xampp\\htdocs...')
#2 C:\xampp\htdocs\Pw_A\system\Common.php(1119): CodeIgniter\View\View->render('cartoon/detail', Array, true)
#3 C:\xampp\htdocs\Pw_A\app\Controllers\cartoon.php(40): view('cartoon/detail', Array)
#4 C:\xampp\htdocs\Pw_A\system\CodeIgniter.php(918): App\Controllers\cartoon->detail('tom&jerry')
#5 C:\xampp\htdocs\Pw_A\system\CodeIgniter.php(404): CodeIgniter\CodeIgniter->runController(Object(App\Controllers\cartoon))
#6 C:\xampp\htdocs\Pw_A\system\CodeIgniter.php(312): CodeIgniter\CodeIgniter->handleRequest(NULL, Object(Config\Cache), false)
#7 C:\xampp\htdocs\Pw_A\public\index.php(45): CodeIgniter\CodeIgniter->run()
#8 C:\xampp\htdocs\Pw_A\system\Commands\Server\rewrite.php(34): require_once('C:\\xampp\\htdocs...')
#9 {main}
CRITICAL - 2020-12-15 03:02:12 --> Undefined index: $slug
#0 C:\xampp\htdocs\Pw_A\app\Views\cartoon\detail.php(22): CodeIgniter\Debug\Exceptions->errorHandler(8, 'Undefined index...', 'C:\\xampp\\htdocs...', 22, Array)
#1 C:\xampp\htdocs\Pw_A\system\View\View.php(246): include('C:\\xampp\\htdocs...')
#2 C:\xampp\htdocs\Pw_A\system\Common.php(1119): CodeIgniter\View\View->render('cartoon/detail', Array, true)
#3 C:\xampp\htdocs\Pw_A\app\Controllers\cartoon.php(40): view('cartoon/detail', Array)
#4 C:\xampp\htdocs\Pw_A\system\CodeIgniter.php(918): App\Controllers\cartoon->detail('tom&jerry')
#5 C:\xampp\htdocs\Pw_A\system\CodeIgniter.php(404): CodeIgniter\CodeIgniter->runController(Object(App\Controllers\cartoon))
#6 C:\xampp\htdocs\Pw_A\system\CodeIgniter.php(312): CodeIgniter\CodeIgniter->handleRequest(NULL, Object(Config\Cache), false)
#7 C:\xampp\htdocs\Pw_A\public\index.php(45): CodeIgniter\CodeIgniter->run()
#8 C:\xampp\htdocs\Pw_A\system\Commands\Server\rewrite.php(34): require_once('C:\\xampp\\htdocs...')
#9 {main}
CRITICAL - 2020-12-15 03:02:13 --> Undefined index: $slug
#0 C:\xampp\htdocs\Pw_A\app\Views\cartoon\detail.php(22): CodeIgniter\Debug\Exceptions->errorHandler(8, 'Undefined index...', 'C:\\xampp\\htdocs...', 22, Array)
#1 C:\xampp\htdocs\Pw_A\system\View\View.php(246): include('C:\\xampp\\htdocs...')
#2 C:\xampp\htdocs\Pw_A\system\Common.php(1119): CodeIgniter\View\View->render('cartoon/detail', Array, true)
#3 C:\xampp\htdocs\Pw_A\app\Controllers\cartoon.php(40): view('cartoon/detail', Array)
#4 C:\xampp\htdocs\Pw_A\system\CodeIgniter.php(918): App\Controllers\cartoon->detail('tom&jerry')
#5 C:\xampp\htdocs\Pw_A\system\CodeIgniter.php(404): CodeIgniter\CodeIgniter->runController(Object(App\Controllers\cartoon))
#6 C:\xampp\htdocs\Pw_A\system\CodeIgniter.php(312): CodeIgniter\CodeIgniter->handleRequest(NULL, Object(Config\Cache), false)
#7 C:\xampp\htdocs\Pw_A\public\index.php(45): CodeIgniter\CodeIgniter->run()
#8 C:\xampp\htdocs\Pw_A\system\Commands\Server\rewrite.php(34): require_once('C:\\xampp\\htdocs...')
#9 {main}
CRITICAL - 2020-12-15 03:02:13 --> Undefined index: $slug
#0 C:\xampp\htdocs\Pw_A\app\Views\cartoon\detail.php(22): CodeIgniter\Debug\Exceptions->errorHandler(8, 'Undefined index...', 'C:\\xampp\\htdocs...', 22, Array)
#1 C:\xampp\htdocs\Pw_A\system\View\View.php(246): include('C:\\xampp\\htdocs...')
#2 C:\xampp\htdocs\Pw_A\system\Common.php(1119): CodeIgniter\View\View->render('cartoon/detail', Array, true)
#3 C:\xampp\htdocs\Pw_A\app\Controllers\cartoon.php(40): view('cartoon/detail', Array)
#4 C:\xampp\htdocs\Pw_A\system\CodeIgniter.php(918): App\Controllers\cartoon->detail('tom&jerry')
#5 C:\xampp\htdocs\Pw_A\system\CodeIgniter.php(404): CodeIgniter\CodeIgniter->runController(Object(App\Controllers\cartoon))
#6 C:\xampp\htdocs\Pw_A\system\CodeIgniter.php(312): CodeIgniter\CodeIgniter->handleRequest(NULL, Object(Config\Cache), false)
#7 C:\xampp\htdocs\Pw_A\public\index.php(45): CodeIgniter\CodeIgniter->run()
#8 C:\xampp\htdocs\Pw_A\system\Commands\Server\rewrite.php(34): require_once('C:\\xampp\\htdocs...')
#9 {main}
CRITICAL - 2020-12-15 03:12:22 --> Undefined index: $slug
#0 C:\xampp\htdocs\Pw_A\app\Views\cartoon\detail.php(22): CodeIgniter\Debug\Exceptions->errorHandler(8, 'Undefined index...', 'C:\\xampp\\htdocs...', 22, Array)
#1 C:\xampp\htdocs\Pw_A\system\View\View.php(246): include('C:\\xampp\\htdocs...')
#2 C:\xampp\htdocs\Pw_A\system\Common.php(1119): CodeIgniter\View\View->render('cartoon/detail', Array, true)
#3 C:\xampp\htdocs\Pw_A\app\Controllers\cartoon.php(40): view('cartoon/detail', Array)
#4 C:\xampp\htdocs\Pw_A\system\CodeIgniter.php(918): App\Controllers\cartoon->detail('tom&jerry')
#5 C:\xampp\htdocs\Pw_A\system\CodeIgniter.php(404): CodeIgniter\CodeIgniter->runController(Object(App\Controllers\cartoon))
#6 C:\xampp\htdocs\Pw_A\system\CodeIgniter.php(312): CodeIgniter\CodeIgniter->handleRequest(NULL, Object(Config\Cache), false)
#7 C:\xampp\htdocs\Pw_A\public\index.php(45): CodeIgniter\CodeIgniter->run()
#8 C:\xampp\htdocs\Pw_A\system\Commands\Server\rewrite.php(34): require_once('C:\\xampp\\htdocs...')
#9 {main}
CRITICAL - 2020-12-15 09:01:27 --> Undefined variable: validation
#0 C:\xampp\htdocs\Pw_A\app\Views\cartoon\index.php(13): CodeIgniter\Debug\Exceptions->errorHandler(8, 'Undefined varia...', 'C:\\xampp\\htdocs...', 13, Array)
#1 C:\xampp\htdocs\Pw_A\system\View\View.php(246): include('C:\\xampp\\htdocs...')
#2 C:\xampp\htdocs\Pw_A\system\Common.php(1119): CodeIgniter\View\View->render('cartoon/index', Array, true)
#3 C:\xampp\htdocs\Pw_A\app\Controllers\cartoon.php(25): view('cartoon/index', Array)
#4 C:\xampp\htdocs\Pw_A\system\CodeIgniter.php(918): App\Controllers\cartoon->index()
#5 C:\xampp\htdocs\Pw_A\system\CodeIgniter.php(404): CodeIgniter\CodeIgniter->runController(Object(App\Controllers\cartoon))
#6 C:\xampp\htdocs\Pw_A\system\CodeIgniter.php(312): CodeIgniter\CodeIgniter->handleRequest(NULL, Object(Config\Cache), false)
#7 C:\xampp\htdocs\Pw_A\public\index.php(45): CodeIgniter\CodeIgniter->run()
#8 C:\xampp\htdocs\Pw_A\system\Commands\Server\rewrite.php(34): require_once('C:\\xampp\\htdocs...')
#9 {main}
CRITICAL - 2020-12-15 21:14:23 --> Undefined variable: currentPage
#0 C:\xampp\htdocs\Pw_A\app\Views\orang\index.php(20): CodeIgniter\Debug\Exceptions->errorHandler(8, 'Undefined varia...', 'C:\\xampp\\htdocs...', 20, Array)
#1 C:\xampp\htdocs\Pw_A\system\View\View.php(246): include('C:\\xampp\\htdocs...')
#2 C:\xampp\htdocs\Pw_A\system\Common.php(1119): CodeIgniter\View\View->render('orang/index', Array, true)
#3 C:\xampp\htdocs\Pw_A\app\Controllers\Orang.php(29): view('orang/index', Array)
#4 C:\xampp\htdocs\Pw_A\system\CodeIgniter.php(918): App\Controllers\Orang->index()
#5 C:\xampp\htdocs\Pw_A\system\CodeIgniter.php(404): CodeIgniter\CodeIgniter->runController(Object(App\Controllers\Orang))
#6 C:\xampp\htdocs\Pw_A\system\CodeIgniter.php(312): CodeIgniter\CodeIgniter->handleRequest(NULL, Object(Config\Cache), false)
#7 C:\xampp\htdocs\Pw_A\public\index.php(45): CodeIgniter\CodeIgniter->run()
#8 C:\xampp\htdocs\Pw_A\system\Commands\Server\rewrite.php(34): require_once('C:\\xampp\\htdocs...')
#9 {main}
CRITICAL - 2020-12-15 21:15:13 --> Undefined variable: currentPage
#0 C:\xampp\htdocs\Pw_A\app\Views\orang\index.php(20): CodeIgniter\Debug\Exceptions->errorHandler(8, 'Undefined varia...', 'C:\\xampp\\htdocs...', 20, Array)
#1 C:\xampp\htdocs\Pw_A\system\View\View.php(246): include('C:\\xampp\\htdocs...')
#2 C:\xampp\htdocs\Pw_A\system\Common.php(1119): CodeIgniter\View\View->render('orang/index', Array, true)
#3 C:\xampp\htdocs\Pw_A\app\Controllers\Orang.php(29): view('orang/index', Array)
#4 C:\xampp\htdocs\Pw_A\system\CodeIgniter.php(918): App\Controllers\Orang->index()
#5 C:\xampp\htdocs\Pw_A\system\CodeIgniter.php(404): CodeIgniter\CodeIgniter->runController(Object(App\Controllers\Orang))
#6 C:\xampp\htdocs\Pw_A\system\CodeIgniter.php(312): CodeIgniter\CodeIgniter->handleRequest(NULL, Object(Config\Cache), false)
#7 C:\xampp\htdocs\Pw_A\public\index.php(45): CodeIgniter\CodeIgniter->run()
#8 C:\xampp\htdocs\Pw_A\system\Commands\Server\rewrite.php(34): require_once('C:\\xampp\\htdocs...')
#9 {main}
CRITICAL - 2020-12-15 21:16:07 --> Undefined variable: currentpage
#0 C:\xampp\htdocs\Pw_A\app\Views\orang\index.php(20): CodeIgniter\Debug\Exceptions->errorHandler(8, 'Undefined varia...', 'C:\\xampp\\htdocs...', 20, Array)
#1 C:\xampp\htdocs\Pw_A\system\View\View.php(246): include('C:\\xampp\\htdocs...')
#2 C:\xampp\htdocs\Pw_A\system\Common.php(1119): CodeIgniter\View\View->render('orang/index', Array, true)
#3 C:\xampp\htdocs\Pw_A\app\Controllers\Orang.php(29): view('orang/index', Array)
#4 C:\xampp\htdocs\Pw_A\system\CodeIgniter.php(918): App\Controllers\Orang->index()
#5 C:\xampp\htdocs\Pw_A\system\CodeIgniter.php(404): CodeIgniter\CodeIgniter->runController(Object(App\Controllers\Orang))
#6 C:\xampp\htdocs\Pw_A\system\CodeIgniter.php(312): CodeIgniter\CodeIgniter->handleRequest(NULL, Object(Config\Cache), false)
#7 C:\xampp\htdocs\Pw_A\public\index.php(45): CodeIgniter\CodeIgniter->run()
#8 C:\xampp\htdocs\Pw_A\system\Commands\Server\rewrite.php(34): require_once('C:\\xampp\\htdocs...')
#9 {main}
CRITICAL - 2020-12-15 23:10:11 --> Undefined index: name
#0 C:\xampp\htdocs\Pw_A\app\Views\pages\contact.php(8): CodeIgniter\Debug\Exceptions->errorHandler(8, 'Undefined index...', 'C:\\xampp\\htdocs...', 8, Array)
#1 C:\xampp\htdocs\Pw_A\system\View\View.php(246): include('C:\\xampp\\htdocs...')
#2 C:\xampp\htdocs\Pw_A\system\Common.php(1119): CodeIgniter\View\View->render('Pages/contact', Array, true)
#3 C:\xampp\htdocs\Pw_A\app\Controllers\Pages.php(26): view('Pages/contact', Array)
#4 C:\xampp\htdocs\Pw_A\system\CodeIgniter.php(918): App\Controllers\Pages->contact()
#5 C:\xampp\htdocs\Pw_A\system\CodeIgniter.php(404): CodeIgniter\CodeIgniter->runController(Object(App\Controllers\Pages))
#6 C:\xampp\htdocs\Pw_A\system\CodeIgniter.php(312): CodeIgniter\CodeIgniter->handleRequest(NULL, Object(Config\Cache), false)
#7 C:\xampp\htdocs\Pw_A\public\index.php(45): CodeIgniter\CodeIgniter->run()
#8 C:\xampp\htdocs\Pw_A\system\Commands\Server\rewrite.php(34): require_once('C:\\xampp\\htdocs...')
#9 {main}
CRITICAL - 2020-12-15 23:10:24 --> Undefined index: name
#0 C:\xampp\htdocs\Pw_A\app\Views\pages\contact.php(8): CodeIgniter\Debug\Exceptions->errorHandler(8, 'Undefined index...', 'C:\\xampp\\htdocs...', 8, Array)
#1 C:\xampp\htdocs\Pw_A\system\View\View.php(246): include('C:\\xampp\\htdocs...')
#2 C:\xampp\htdocs\Pw_A\system\Common.php(1119): CodeIgniter\View\View->render('Pages/contact', Array, true)
#3 C:\xampp\htdocs\Pw_A\app\Controllers\Pages.php(26): view('Pages/contact', Array)
#4 C:\xampp\htdocs\Pw_A\system\CodeIgniter.php(918): App\Controllers\Pages->contact()
#5 C:\xampp\htdocs\Pw_A\system\CodeIgniter.php(404): CodeIgniter\CodeIgniter->runController(Object(App\Controllers\Pages))
#6 C:\xampp\htdocs\Pw_A\system\CodeIgniter.php(312): CodeIgniter\CodeIgniter->handleRequest(NULL, Object(Config\Cache), false)
#7 C:\xampp\htdocs\Pw_A\public\index.php(45): CodeIgniter\CodeIgniter->run()
#8 C:\xampp\htdocs\Pw_A\system\Commands\Server\rewrite.php(34): require_once('C:\\xampp\\htdocs...')
#9 {main}
CRITICAL - 2020-12-15 23:10:37 --> Undefined index: nama
#0 C:\xampp\htdocs\Pw_A\app\Views\pages\contact.php(8): CodeIgniter\Debug\Exceptions->errorHandler(8, 'Undefined index...', 'C:\\xampp\\htdocs...', 8, Array)
#1 C:\xampp\htdocs\Pw_A\system\View\View.php(246): include('C:\\xampp\\htdocs...')
#2 C:\xampp\htdocs\Pw_A\system\Common.php(1119): CodeIgniter\View\View->render('Pages/contact', Array, true)
#3 C:\xampp\htdocs\Pw_A\app\Controllers\Pages.php(26): view('Pages/contact', Array)
#4 C:\xampp\htdocs\Pw_A\system\CodeIgniter.php(918): App\Controllers\Pages->contact()
#5 C:\xampp\htdocs\Pw_A\system\CodeIgniter.php(404): CodeIgniter\CodeIgniter->runController(Object(App\Controllers\Pages))
#6 C:\xampp\htdocs\Pw_A\system\CodeIgniter.php(312): CodeIgniter\CodeIgniter->handleRequest(NULL, Object(Config\Cache), false)
#7 C:\xampp\htdocs\Pw_A\public\index.php(45): CodeIgniter\CodeIgniter->run()
#8 C:\xampp\htdocs\Pw_A\system\Commands\Server\rewrite.php(34): require_once('C:\\xampp\\htdocs...')
#9 {main}
CRITICAL - 2020-12-15 23:10:38 --> Undefined index: nama
#0 C:\xampp\htdocs\Pw_A\app\Views\pages\contact.php(8): CodeIgniter\Debug\Exceptions->errorHandler(8, 'Undefined index...', 'C:\\xampp\\htdocs...', 8, Array)
#1 C:\xampp\htdocs\Pw_A\system\View\View.php(246): include('C:\\xampp\\htdocs...')
#2 C:\xampp\htdocs\Pw_A\system\Common.php(1119): CodeIgniter\View\View->render('Pages/contact', Array, true)
#3 C:\xampp\htdocs\Pw_A\app\Controllers\Pages.php(26): view('Pages/contact', Array)
#4 C:\xampp\htdocs\Pw_A\system\CodeIgniter.php(918): App\Controllers\Pages->contact()
#5 C:\xampp\htdocs\Pw_A\system\CodeIgniter.php(404): CodeIgniter\CodeIgniter->runController(Object(App\Controllers\Pages))
#6 C:\xampp\htdocs\Pw_A\system\CodeIgniter.php(312): CodeIgniter\CodeIgniter->handleRequest(NULL, Object(Config\Cache), false)
#7 C:\xampp\htdocs\Pw_A\public\index.php(45): CodeIgniter\CodeIgniter->run()
#8 C:\xampp\htdocs\Pw_A\system\Commands\Server\rewrite.php(34): require_once('C:\\xampp\\htdocs...')
#9 {main}
