CRITICAL - 2020-12-13 08:21:06 --> Trying to access array offset on value of type null
#0 C:\xampp\htdocs\Pw_A\app\Views\cartoon\detail.php(12): CodeIgniter\Debug\Exceptions->errorHandler(8, 'Trying to acces...', 'C:\\xampp\\htdocs...', 12, Array)
#1 C:\xampp\htdocs\Pw_A\system\View\View.php(246): include('C:\\xampp\\htdocs...')
#2 C:\xampp\htdocs\Pw_A\system\Common.php(1119): CodeIgniter\View\View->render('cartoon/detail', Array, true)
#3 C:\xampp\htdocs\Pw_A\app\Controllers\cartoon.php(47): view('cartoon/detail', Array)
#4 C:\xampp\htdocs\Pw_A\system\CodeIgniter.php(918): App\Controllers\cartoon->detail('create')
#5 C:\xampp\htdocs\Pw_A\system\CodeIgniter.php(404): CodeIgniter\CodeIgniter->runController(Object(App\Controllers\cartoon))
#6 C:\xampp\htdocs\Pw_A\system\CodeIgniter.php(312): CodeIgniter\CodeIgniter->handleRequest(NULL, Object(Config\Cache), false)
#7 C:\xampp\htdocs\Pw_A\public\index.php(45): CodeIgniter\CodeIgniter->run()
#8 C:\xampp\htdocs\Pw_A\system\Commands\Server\rewrite.php(34): require_once('C:\\xampp\\htdocs...')
#9 {main}
CRITICAL - 2020-12-13 08:21:06 --> Trying to access array offset on value of type null
#0 C:\xampp\htdocs\Pw_A\app\Views\cartoon\detail.php(12): CodeIgniter\Debug\Exceptions->errorHandler(8, 'Trying to acces...', 'C:\\xampp\\htdocs...', 12, Array)
#1 C:\xampp\htdocs\Pw_A\system\View\View.php(246): include('C:\\xampp\\htdocs...')
#2 C:\xampp\htdocs\Pw_A\system\Common.php(1119): CodeIgniter\View\View->render('cartoon/detail', Array, true)
#3 C:\xampp\htdocs\Pw_A\app\Controllers\cartoon.php(47): view('cartoon/detail', Array)
#4 C:\xampp\htdocs\Pw_A\system\CodeIgniter.php(918): App\Controllers\cartoon->detail('create')
#5 C:\xampp\htdocs\Pw_A\system\CodeIgniter.php(404): CodeIgniter\CodeIgniter->runController(Object(App\Controllers\cartoon))
#6 C:\xampp\htdocs\Pw_A\system\CodeIgniter.php(312): CodeIgniter\CodeIgniter->handleRequest(NULL, Object(Config\Cache), false)
#7 C:\xampp\htdocs\Pw_A\public\index.php(45): CodeIgniter\CodeIgniter->run()
#8 C:\xampp\htdocs\Pw_A\system\Commands\Server\rewrite.php(34): require_once('C:\\xampp\\htdocs...')
#9 {main}
CRITICAL - 2020-12-13 08:22:59 --> Trying to access array offset on value of type null
#0 C:\xampp\htdocs\Pw_A\app\Views\cartoon\detail.php(12): CodeIgniter\Debug\Exceptions->errorHandler(8, 'Trying to acces...', 'C:\\xampp\\htdocs...', 12, Array)
#1 C:\xampp\htdocs\Pw_A\system\View\View.php(246): include('C:\\xampp\\htdocs...')
#2 C:\xampp\htdocs\Pw_A\system\Common.php(1119): CodeIgniter\View\View->render('cartoon/detail', Array, true)
#3 C:\xampp\htdocs\Pw_A\app\Controllers\cartoon.php(47): view('cartoon/detail', Array)
#4 C:\xampp\htdocs\Pw_A\system\CodeIgniter.php(918): App\Controllers\cartoon->detail('create')
#5 C:\xampp\htdocs\Pw_A\system\CodeIgniter.php(404): CodeIgniter\CodeIgniter->runController(Object(App\Controllers\cartoon))
#6 C:\xampp\htdocs\Pw_A\system\CodeIgniter.php(312): CodeIgniter\CodeIgniter->handleRequest(NULL, Object(Config\Cache), false)
#7 C:\xampp\htdocs\Pw_A\public\index.php(45): CodeIgniter\CodeIgniter->run()
#8 C:\xampp\htdocs\Pw_A\system\Commands\Server\rewrite.php(34): require_once('C:\\xampp\\htdocs...')
#9 {main}
CRITICAL - 2020-12-13 08:23:03 --> Trying to access array offset on value of type null
#0 C:\xampp\htdocs\Pw_A\app\Views\cartoon\detail.php(12): CodeIgniter\Debug\Exceptions->errorHandler(8, 'Trying to acces...', 'C:\\xampp\\htdocs...', 12, Array)
#1 C:\xampp\htdocs\Pw_A\system\View\View.php(246): include('C:\\xampp\\htdocs...')
#2 C:\xampp\htdocs\Pw_A\system\Common.php(1119): CodeIgniter\View\View->render('cartoon/detail', Array, true)
#3 C:\xampp\htdocs\Pw_A\app\Controllers\cartoon.php(47): view('cartoon/detail', Array)
#4 C:\xampp\htdocs\Pw_A\system\CodeIgniter.php(918): App\Controllers\cartoon->detail('create')
#5 C:\xampp\htdocs\Pw_A\system\CodeIgniter.php(404): CodeIgniter\CodeIgniter->runController(Object(App\Controllers\cartoon))
#6 C:\xampp\htdocs\Pw_A\system\CodeIgniter.php(312): CodeIgniter\CodeIgniter->handleRequest(NULL, Object(Config\Cache), false)
#7 C:\xampp\htdocs\Pw_A\public\index.php(45): CodeIgniter\CodeIgniter->run()
#8 C:\xampp\htdocs\Pw_A\system\Commands\Server\rewrite.php(34): require_once('C:\\xampp\\htdocs...')
#9 {main}
CRITICAL - 2020-12-13 08:24:42 --> Trying to access array offset on value of type null
#0 C:\xampp\htdocs\Pw_A\app\Views\cartoon\detail.php(12): CodeIgniter\Debug\Exceptions->errorHandler(8, 'Trying to acces...', 'C:\\xampp\\htdocs...', 12, Array)
#1 C:\xampp\htdocs\Pw_A\system\View\View.php(246): include('C:\\xampp\\htdocs...')
#2 C:\xampp\htdocs\Pw_A\system\Common.php(1119): CodeIgniter\View\View->render('cartoon/detail', Array, true)
#3 C:\xampp\htdocs\Pw_A\app\Controllers\cartoon.php(47): view('cartoon/detail', Array)
#4 C:\xampp\htdocs\Pw_A\system\CodeIgniter.php(918): App\Controllers\cartoon->detail('create')
#5 C:\xampp\htdocs\Pw_A\system\CodeIgniter.php(404): CodeIgniter\CodeIgniter->runController(Object(App\Controllers\cartoon))
#6 C:\xampp\htdocs\Pw_A\system\CodeIgniter.php(312): CodeIgniter\CodeIgniter->handleRequest(NULL, Object(Config\Cache), false)
#7 C:\xampp\htdocs\Pw_A\public\index.php(45): CodeIgniter\CodeIgniter->run()
#8 C:\xampp\htdocs\Pw_A\system\Commands\Server\rewrite.php(34): require_once('C:\\xampp\\htdocs...')
#9 {main}
CRITICAL - 2020-12-13 08:24:43 --> Trying to access array offset on value of type null
#0 C:\xampp\htdocs\Pw_A\app\Views\cartoon\detail.php(12): CodeIgniter\Debug\Exceptions->errorHandler(8, 'Trying to acces...', 'C:\\xampp\\htdocs...', 12, Array)
#1 C:\xampp\htdocs\Pw_A\system\View\View.php(246): include('C:\\xampp\\htdocs...')
#2 C:\xampp\htdocs\Pw_A\system\Common.php(1119): CodeIgniter\View\View->render('cartoon/detail', Array, true)
#3 C:\xampp\htdocs\Pw_A\app\Controllers\cartoon.php(47): view('cartoon/detail', Array)
#4 C:\xampp\htdocs\Pw_A\system\CodeIgniter.php(918): App\Controllers\cartoon->detail('create')
#5 C:\xampp\htdocs\Pw_A\system\CodeIgniter.php(404): CodeIgniter\CodeIgniter->runController(Object(App\Controllers\cartoon))
#6 C:\xampp\htdocs\Pw_A\system\CodeIgniter.php(312): CodeIgniter\CodeIgniter->handleRequest(NULL, Object(Config\Cache), false)
#7 C:\xampp\htdocs\Pw_A\public\index.php(45): CodeIgniter\CodeIgniter->run()
#8 C:\xampp\htdocs\Pw_A\system\Commands\Server\rewrite.php(34): require_once('C:\\xampp\\htdocs...')
#9 {main}
CRITICAL - 2020-12-13 08:25:30 --> Trying to access array offset on value of type null
#0 C:\xampp\htdocs\Pw_A\app\Views\cartoon\detail.php(12): CodeIgniter\Debug\Exceptions->errorHandler(8, 'Trying to acces...', 'C:\\xampp\\htdocs...', 12, Array)
#1 C:\xampp\htdocs\Pw_A\system\View\View.php(246): include('C:\\xampp\\htdocs...')
#2 C:\xampp\htdocs\Pw_A\system\Common.php(1119): CodeIgniter\View\View->render('cartoon/detail', Array, true)
#3 C:\xampp\htdocs\Pw_A\app\Controllers\cartoon.php(47): view('cartoon/detail', Array)
#4 C:\xampp\htdocs\Pw_A\system\CodeIgniter.php(918): App\Controllers\cartoon->detail('create')
#5 C:\xampp\htdocs\Pw_A\system\CodeIgniter.php(404): CodeIgniter\CodeIgniter->runController(Object(App\Controllers\cartoon))
#6 C:\xampp\htdocs\Pw_A\system\CodeIgniter.php(312): CodeIgniter\CodeIgniter->handleRequest(NULL, Object(Config\Cache), false)
#7 C:\xampp\htdocs\Pw_A\public\index.php(45): CodeIgniter\CodeIgniter->run()
#8 C:\xampp\htdocs\Pw_A\system\Commands\Server\rewrite.php(34): require_once('C:\\xampp\\htdocs...')
#9 {main}
CRITICAL - 2020-12-13 08:25:39 --> Trying to access array offset on value of type null
#0 C:\xampp\htdocs\Pw_A\app\Views\cartoon\detail.php(12): CodeIgniter\Debug\Exceptions->errorHandler(8, 'Trying to acces...', 'C:\\xampp\\htdocs...', 12, Array)
#1 C:\xampp\htdocs\Pw_A\system\View\View.php(246): include('C:\\xampp\\htdocs...')
#2 C:\xampp\htdocs\Pw_A\system\Common.php(1119): CodeIgniter\View\View->render('cartoon/detail', Array, true)
#3 C:\xampp\htdocs\Pw_A\app\Controllers\cartoon.php(47): view('cartoon/detail', Array)
#4 C:\xampp\htdocs\Pw_A\system\CodeIgniter.php(918): App\Controllers\cartoon->detail('create')
#5 C:\xampp\htdocs\Pw_A\system\CodeIgniter.php(404): CodeIgniter\CodeIgniter->runController(Object(App\Controllers\cartoon))
#6 C:\xampp\htdocs\Pw_A\system\CodeIgniter.php(312): CodeIgniter\CodeIgniter->handleRequest(NULL, Object(Config\Cache), false)
#7 C:\xampp\htdocs\Pw_A\public\index.php(45): CodeIgniter\CodeIgniter->run()
#8 C:\xampp\htdocs\Pw_A\system\Commands\Server\rewrite.php(34): require_once('C:\\xampp\\htdocs...')
#9 {main}
CRITICAL - 2020-12-13 08:31:20 --> Trying to access array offset on value of type null
#0 C:\xampp\htdocs\Pw_A\app\Views\cartoon\detail.php(12): CodeIgniter\Debug\Exceptions->errorHandler(8, 'Trying to acces...', 'C:\\xampp\\htdocs...', 12, Array)
#1 C:\xampp\htdocs\Pw_A\system\View\View.php(246): include('C:\\xampp\\htdocs...')
#2 C:\xampp\htdocs\Pw_A\system\Common.php(1119): CodeIgniter\View\View->render('cartoon/detail', Array, true)
#3 C:\xampp\htdocs\Pw_A\app\Controllers\cartoon.php(47): view('cartoon/detail', Array)
#4 C:\xampp\htdocs\Pw_A\system\CodeIgniter.php(918): App\Controllers\cartoon->detail('create')
#5 C:\xampp\htdocs\Pw_A\system\CodeIgniter.php(404): CodeIgniter\CodeIgniter->runController(Object(App\Controllers\cartoon))
#6 C:\xampp\htdocs\Pw_A\system\CodeIgniter.php(312): CodeIgniter\CodeIgniter->handleRequest(NULL, Object(Config\Cache), false)
#7 C:\xampp\htdocs\Pw_A\public\index.php(45): CodeIgniter\CodeIgniter->run()
#8 C:\xampp\htdocs\Pw_A\system\Commands\Server\rewrite.php(34): require_once('C:\\xampp\\htdocs...')
#9 {main}
CRITICAL - 2020-12-13 08:31:56 --> Trying to access array offset on value of type null
#0 C:\xampp\htdocs\Pw_A\app\Views\cartoon\detail.php(12): CodeIgniter\Debug\Exceptions->errorHandler(8, 'Trying to acces...', 'C:\\xampp\\htdocs...', 12, Array)
#1 C:\xampp\htdocs\Pw_A\system\View\View.php(246): include('C:\\xampp\\htdocs...')
#2 C:\xampp\htdocs\Pw_A\system\Common.php(1119): CodeIgniter\View\View->render('cartoon/detail', Array, true)
#3 C:\xampp\htdocs\Pw_A\app\Controllers\cartoon.php(47): view('cartoon/detail', Array)
#4 C:\xampp\htdocs\Pw_A\system\CodeIgniter.php(918): App\Controllers\cartoon->detail('create')
#5 C:\xampp\htdocs\Pw_A\system\CodeIgniter.php(404): CodeIgniter\CodeIgniter->runController(Object(App\Controllers\cartoon))
#6 C:\xampp\htdocs\Pw_A\system\CodeIgniter.php(312): CodeIgniter\CodeIgniter->handleRequest(NULL, Object(Config\Cache), false)
#7 C:\xampp\htdocs\Pw_A\public\index.php(45): CodeIgniter\CodeIgniter->run()
#8 C:\xampp\htdocs\Pw_A\system\Commands\Server\rewrite.php(34): require_once('C:\\xampp\\htdocs...')
#9 {main}
CRITICAL - 2020-12-13 08:39:45 --> Trying to access array offset on value of type null
#0 C:\xampp\htdocs\Pw_A\app\Views\cartoon\detail.php(12): CodeIgniter\Debug\Exceptions->errorHandler(8, 'Trying to acces...', 'C:\\xampp\\htdocs...', 12, Array)
#1 C:\xampp\htdocs\Pw_A\system\View\View.php(246): include('C:\\xampp\\htdocs...')
#2 C:\xampp\htdocs\Pw_A\system\Common.php(1119): CodeIgniter\View\View->render('cartoon/detail', Array, true)
#3 C:\xampp\htdocs\Pw_A\app\Controllers\cartoon.php(47): view('cartoon/detail', Array)
#4 C:\xampp\htdocs\Pw_A\system\CodeIgniter.php(918): App\Controllers\cartoon->detail('create')
#5 C:\xampp\htdocs\Pw_A\system\CodeIgniter.php(404): CodeIgniter\CodeIgniter->runController(Object(App\Controllers\cartoon))
#6 C:\xampp\htdocs\Pw_A\system\CodeIgniter.php(312): CodeIgniter\CodeIgniter->handleRequest(NULL, Object(Config\Cache), false)
#7 C:\xampp\htdocs\Pw_A\public\index.php(45): CodeIgniter\CodeIgniter->run()
#8 C:\xampp\htdocs\Pw_A\system\Commands\Server\rewrite.php(34): require_once('C:\\xampp\\htdocs...')
#9 {main}
CRITICAL - 2020-12-13 08:39:49 --> Trying to access array offset on value of type null
#0 C:\xampp\htdocs\Pw_A\app\Views\cartoon\detail.php(12): CodeIgniter\Debug\Exceptions->errorHandler(8, 'Trying to acces...', 'C:\\xampp\\htdocs...', 12, Array)
#1 C:\xampp\htdocs\Pw_A\system\View\View.php(246): include('C:\\xampp\\htdocs...')
#2 C:\xampp\htdocs\Pw_A\system\Common.php(1119): CodeIgniter\View\View->render('cartoon/detail', Array, true)
#3 C:\xampp\htdocs\Pw_A\app\Controllers\cartoon.php(47): view('cartoon/detail', Array)
#4 C:\xampp\htdocs\Pw_A\system\CodeIgniter.php(918): App\Controllers\cartoon->detail('create')
#5 C:\xampp\htdocs\Pw_A\system\CodeIgniter.php(404): CodeIgniter\CodeIgniter->runController(Object(App\Controllers\cartoon))
#6 C:\xampp\htdocs\Pw_A\system\CodeIgniter.php(312): CodeIgniter\CodeIgniter->handleRequest(NULL, Object(Config\Cache), false)
#7 C:\xampp\htdocs\Pw_A\public\index.php(45): CodeIgniter\CodeIgniter->run()
#8 C:\xampp\htdocs\Pw_A\system\Commands\Server\rewrite.php(34): require_once('C:\\xampp\\htdocs...')
#9 {main}
CRITICAL - 2020-12-13 08:40:52 --> Trying to access array offset on value of type null
#0 C:\xampp\htdocs\Pw_A\app\Views\cartoon\detail.php(12): CodeIgniter\Debug\Exceptions->errorHandler(8, 'Trying to acces...', 'C:\\xampp\\htdocs...', 12, Array)
#1 C:\xampp\htdocs\Pw_A\system\View\View.php(246): include('C:\\xampp\\htdocs...')
#2 C:\xampp\htdocs\Pw_A\system\Common.php(1119): CodeIgniter\View\View->render('cartoon/detail', Array, true)
#3 C:\xampp\htdocs\Pw_A\app\Controllers\cartoon.php(43): view('cartoon/detail', Array)
#4 C:\xampp\htdocs\Pw_A\system\CodeIgniter.php(918): App\Controllers\cartoon->detail('create')
#5 C:\xampp\htdocs\Pw_A\system\CodeIgniter.php(404): CodeIgniter\CodeIgniter->runController(Object(App\Controllers\cartoon))
#6 C:\xampp\htdocs\Pw_A\system\CodeIgniter.php(312): CodeIgniter\CodeIgniter->handleRequest(NULL, Object(Config\Cache), false)
#7 C:\xampp\htdocs\Pw_A\public\index.php(45): CodeIgniter\CodeIgniter->run()
#8 C:\xampp\htdocs\Pw_A\system\Commands\Server\rewrite.php(34): require_once('C:\\xampp\\htdocs...')
#9 {main}
CRITICAL - 2020-12-13 08:44:53 --> Trying to access array offset on value of type null
#0 C:\xampp\htdocs\Pw_A\app\Views\cartoon\detail.php(12): CodeIgniter\Debug\Exceptions->errorHandler(8, 'Trying to acces...', 'C:\\xampp\\htdocs...', 12, Array)
#1 C:\xampp\htdocs\Pw_A\system\View\View.php(246): include('C:\\xampp\\htdocs...')
#2 C:\xampp\htdocs\Pw_A\system\Common.php(1119): CodeIgniter\View\View->render('cartoon/detail', Array, true)
#3 C:\xampp\htdocs\Pw_A\app\Controllers\cartoon.php(43): view('cartoon/detail', Array)
#4 C:\xampp\htdocs\Pw_A\system\CodeIgniter.php(918): App\Controllers\cartoon->detail('create')
#5 C:\xampp\htdocs\Pw_A\system\CodeIgniter.php(404): CodeIgniter\CodeIgniter->runController(Object(App\Controllers\cartoon))
#6 C:\xampp\htdocs\Pw_A\system\CodeIgniter.php(312): CodeIgniter\CodeIgniter->handleRequest(NULL, Object(Config\Cache), false)
#7 C:\xampp\htdocs\Pw_A\public\index.php(45): CodeIgniter\CodeIgniter->run()
#8 C:\xampp\htdocs\Pw_A\system\Commands\Server\rewrite.php(34): require_once('C:\\xampp\\htdocs...')
#9 {main}
CRITICAL - 2020-12-13 08:47:13 --> Trying to access array offset on value of type null
#0 C:\xampp\htdocs\Pw_A\app\Views\cartoon\detail.php(12): CodeIgniter\Debug\Exceptions->errorHandler(8, 'Trying to acces...', 'C:\\xampp\\htdocs...', 12, Array)
#1 C:\xampp\htdocs\Pw_A\system\View\View.php(246): include('C:\\xampp\\htdocs...')
#2 C:\xampp\htdocs\Pw_A\system\Common.php(1119): CodeIgniter\View\View->render('cartoon/detail', Array, true)
#3 C:\xampp\htdocs\Pw_A\app\Controllers\cartoon.php(43): view('cartoon/detail', Array)
#4 C:\xampp\htdocs\Pw_A\system\CodeIgniter.php(918): App\Controllers\cartoon->detail('create')
#5 C:\xampp\htdocs\Pw_A\system\CodeIgniter.php(404): CodeIgniter\CodeIgniter->runController(Object(App\Controllers\cartoon))
#6 C:\xampp\htdocs\Pw_A\system\CodeIgniter.php(312): CodeIgniter\CodeIgniter->handleRequest(NULL, Object(Config\Cache), false)
#7 C:\xampp\htdocs\Pw_A\public\index.php(45): CodeIgniter\CodeIgniter->run()
#8 C:\xampp\htdocs\Pw_A\system\Commands\Server\rewrite.php(34): require_once('C:\\xampp\\htdocs...')
#9 {main}
CRITICAL - 2020-12-13 08:50:53 --> Trying to access array offset on value of type null
#0 C:\xampp\htdocs\Pw_A\app\Views\cartoon\detail.php(12): CodeIgniter\Debug\Exceptions->errorHandler(8, 'Trying to acces...', 'C:\\xampp\\htdocs...', 12, Array)
#1 C:\xampp\htdocs\Pw_A\system\View\View.php(246): include('C:\\xampp\\htdocs...')
#2 C:\xampp\htdocs\Pw_A\system\Common.php(1119): CodeIgniter\View\View->render('cartoon/detail', Array, true)
#3 C:\xampp\htdocs\Pw_A\app\Controllers\cartoon.php(43): view('cartoon/detail', Array)
#4 C:\xampp\htdocs\Pw_A\system\CodeIgniter.php(918): App\Controllers\cartoon->detail('create')
#5 C:\xampp\htdocs\Pw_A\system\CodeIgniter.php(404): CodeIgniter\CodeIgniter->runController(Object(App\Controllers\cartoon))
#6 C:\xampp\htdocs\Pw_A\system\CodeIgniter.php(312): CodeIgniter\CodeIgniter->handleRequest(NULL, Object(Config\Cache), false)
#7 C:\xampp\htdocs\Pw_A\public\index.php(45): CodeIgniter\CodeIgniter->run()
#8 C:\xampp\htdocs\Pw_A\system\Commands\Server\rewrite.php(34): require_once('C:\\xampp\\htdocs...')
#9 {main}
CRITICAL - 2020-12-13 08:53:55 --> Trying to access array offset on value of type null
#0 C:\xampp\htdocs\Pw_A\app\Views\cartoon\detail.php(12): CodeIgniter\Debug\Exceptions->errorHandler(8, 'Trying to acces...', 'C:\\xampp\\htdocs...', 12, Array)
#1 C:\xampp\htdocs\Pw_A\system\View\View.php(246): include('C:\\xampp\\htdocs...')
#2 C:\xampp\htdocs\Pw_A\system\Common.php(1119): CodeIgniter\View\View->render('cartoon/detail', Array, true)
#3 C:\xampp\htdocs\Pw_A\app\Controllers\cartoon.php(43): view('cartoon/detail', Array)
#4 C:\xampp\htdocs\Pw_A\system\CodeIgniter.php(918): App\Controllers\cartoon->detail('create')
#5 C:\xampp\htdocs\Pw_A\system\CodeIgniter.php(404): CodeIgniter\CodeIgniter->runController(Object(App\Controllers\cartoon))
#6 C:\xampp\htdocs\Pw_A\system\CodeIgniter.php(312): CodeIgniter\CodeIgniter->handleRequest(NULL, Object(Config\Cache), false)
#7 C:\xampp\htdocs\Pw_A\public\index.php(45): CodeIgniter\CodeIgniter->run()
#8 C:\xampp\htdocs\Pw_A\system\Commands\Server\rewrite.php(34): require_once('C:\\xampp\\htdocs...')
#9 {main}
CRITICAL - 2020-12-13 08:55:52 --> Trying to access array offset on value of type null
#0 C:\xampp\htdocs\Pw_A\app\Views\cartoon\detail.php(12): CodeIgniter\Debug\Exceptions->errorHandler(8, 'Trying to acces...', 'C:\\xampp\\htdocs...', 12, Array)
#1 C:\xampp\htdocs\Pw_A\system\View\View.php(246): include('C:\\xampp\\htdocs...')
#2 C:\xampp\htdocs\Pw_A\system\Common.php(1119): CodeIgniter\View\View->render('cartoon/detail', Array, true)
#3 C:\xampp\htdocs\Pw_A\app\Controllers\cartoon.php(43): view('cartoon/detail', Array)
#4 C:\xampp\htdocs\Pw_A\system\CodeIgniter.php(918): App\Controllers\cartoon->detail('create')
#5 C:\xampp\htdocs\Pw_A\system\CodeIgniter.php(404): CodeIgniter\CodeIgniter->runController(Object(App\Controllers\cartoon))
#6 C:\xampp\htdocs\Pw_A\system\CodeIgniter.php(312): CodeIgniter\CodeIgniter->handleRequest(NULL, Object(Config\Cache), false)
#7 C:\xampp\htdocs\Pw_A\public\index.php(45): CodeIgniter\CodeIgniter->run()
#8 C:\xampp\htdocs\Pw_A\system\Commands\Server\rewrite.php(34): require_once('C:\\xampp\\htdocs...')
#9 {main}
CRITICAL - 2020-12-13 08:58:14 --> Trying to access array offset on value of type null
#0 C:\xampp\htdocs\Pw_A\app\Views\cartoon\detail.php(12): CodeIgniter\Debug\Exceptions->errorHandler(8, 'Trying to acces...', 'C:\\xampp\\htdocs...', 12, Array)
#1 C:\xampp\htdocs\Pw_A\system\View\View.php(246): include('C:\\xampp\\htdocs...')
#2 C:\xampp\htdocs\Pw_A\system\Common.php(1119): CodeIgniter\View\View->render('cartoon/detail', Array, true)
#3 C:\xampp\htdocs\Pw_A\app\Controllers\cartoon.php(43): view('cartoon/detail', Array)
#4 C:\xampp\htdocs\Pw_A\system\CodeIgniter.php(918): App\Controllers\cartoon->detail('create')
#5 C:\xampp\htdocs\Pw_A\system\CodeIgniter.php(404): CodeIgniter\CodeIgniter->runController(Object(App\Controllers\cartoon))
#6 C:\xampp\htdocs\Pw_A\system\CodeIgniter.php(312): CodeIgniter\CodeIgniter->handleRequest(NULL, Object(Config\Cache), false)
#7 C:\xampp\htdocs\Pw_A\public\index.php(45): CodeIgniter\CodeIgniter->run()
#8 C:\xampp\htdocs\Pw_A\system\Commands\Server\rewrite.php(34): require_once('C:\\xampp\\htdocs...')
#9 {main}
CRITICAL - 2020-12-13 08:58:19 --> Trying to access array offset on value of type null
#0 C:\xampp\htdocs\Pw_A\app\Views\cartoon\detail.php(12): CodeIgniter\Debug\Exceptions->errorHandler(8, 'Trying to acces...', 'C:\\xampp\\htdocs...', 12, Array)
#1 C:\xampp\htdocs\Pw_A\system\View\View.php(246): include('C:\\xampp\\htdocs...')
#2 C:\xampp\htdocs\Pw_A\system\Common.php(1119): CodeIgniter\View\View->render('cartoon/detail', Array, true)
#3 C:\xampp\htdocs\Pw_A\app\Controllers\cartoon.php(43): view('cartoon/detail', Array)
#4 C:\xampp\htdocs\Pw_A\system\CodeIgniter.php(918): App\Controllers\cartoon->detail('create')
#5 C:\xampp\htdocs\Pw_A\system\CodeIgniter.php(404): CodeIgniter\CodeIgniter->runController(Object(App\Controllers\cartoon))
#6 C:\xampp\htdocs\Pw_A\system\CodeIgniter.php(312): CodeIgniter\CodeIgniter->handleRequest(NULL, Object(Config\Cache), false)
#7 C:\xampp\htdocs\Pw_A\public\index.php(45): CodeIgniter\CodeIgniter->run()
#8 C:\xampp\htdocs\Pw_A\system\Commands\Server\rewrite.php(34): require_once('C:\\xampp\\htdocs...')
#9 {main}
CRITICAL - 2020-12-13 09:01:48 --> Trying to access array offset on value of type null
#0 C:\xampp\htdocs\Pw_A\app\Views\cartoon\detail.php(12): CodeIgniter\Debug\Exceptions->errorHandler(8, 'Trying to acces...', 'C:\\xampp\\htdocs...', 12, Array)
#1 C:\xampp\htdocs\Pw_A\system\View\View.php(246): include('C:\\xampp\\htdocs...')
#2 C:\xampp\htdocs\Pw_A\system\Common.php(1119): CodeIgniter\View\View->render('cartoon/detail', Array, true)
#3 C:\xampp\htdocs\Pw_A\app\Controllers\cartoon.php(43): view('cartoon/detail', Array)
#4 C:\xampp\htdocs\Pw_A\system\CodeIgniter.php(918): App\Controllers\cartoon->detail('create')
#5 C:\xampp\htdocs\Pw_A\system\CodeIgniter.php(404): CodeIgniter\CodeIgniter->runController(Object(App\Controllers\cartoon))
#6 C:\xampp\htdocs\Pw_A\system\CodeIgniter.php(312): CodeIgniter\CodeIgniter->handleRequest(NULL, Object(Config\Cache), false)
#7 C:\xampp\htdocs\Pw_A\public\index.php(45): CodeIgniter\CodeIgniter->run()
#8 C:\xampp\htdocs\Pw_A\system\Commands\Server\rewrite.php(34): require_once('C:\\xampp\\htdocs...')
#9 {main}
CRITICAL - 2020-12-13 09:02:24 --> Trying to access array offset on value of type null
#0 C:\xampp\htdocs\Pw_A\app\Views\cartoon\detail.php(12): CodeIgniter\Debug\Exceptions->errorHandler(8, 'Trying to acces...', 'C:\\xampp\\htdocs...', 12, Array)
#1 C:\xampp\htdocs\Pw_A\system\View\View.php(246): include('C:\\xampp\\htdocs...')
#2 C:\xampp\htdocs\Pw_A\system\Common.php(1119): CodeIgniter\View\View->render('cartoon/detail', Array, true)
#3 C:\xampp\htdocs\Pw_A\app\Controllers\cartoon.php(43): view('cartoon/detail', Array)
#4 C:\xampp\htdocs\Pw_A\system\CodeIgniter.php(918): App\Controllers\cartoon->detail('create')
#5 C:\xampp\htdocs\Pw_A\system\CodeIgniter.php(404): CodeIgniter\CodeIgniter->runController(Object(App\Controllers\cartoon))
#6 C:\xampp\htdocs\Pw_A\system\CodeIgniter.php(312): CodeIgniter\CodeIgniter->handleRequest(NULL, Object(Config\Cache), false)
#7 C:\xampp\htdocs\Pw_A\public\index.php(45): CodeIgniter\CodeIgniter->run()
#8 C:\xampp\htdocs\Pw_A\system\Commands\Server\rewrite.php(34): require_once('C:\\xampp\\htdocs...')
#9 {main}
CRITICAL - 2020-12-13 09:02:50 --> Trying to access array offset on value of type null
#0 C:\xampp\htdocs\Pw_A\app\Views\cartoon\detail.php(12): CodeIgniter\Debug\Exceptions->errorHandler(8, 'Trying to acces...', 'C:\\xampp\\htdocs...', 12, Array)
#1 C:\xampp\htdocs\Pw_A\system\View\View.php(246): include('C:\\xampp\\htdocs...')
#2 C:\xampp\htdocs\Pw_A\system\Common.php(1119): CodeIgniter\View\View->render('cartoon/detail', Array, true)
#3 C:\xampp\htdocs\Pw_A\app\Controllers\cartoon.php(43): view('cartoon/detail', Array)
#4 C:\xampp\htdocs\Pw_A\system\CodeIgniter.php(918): App\Controllers\cartoon->detail('create')
#5 C:\xampp\htdocs\Pw_A\system\CodeIgniter.php(404): CodeIgniter\CodeIgniter->runController(Object(App\Controllers\cartoon))
#6 C:\xampp\htdocs\Pw_A\system\CodeIgniter.php(312): CodeIgniter\CodeIgniter->handleRequest(NULL, Object(Config\Cache), false)
#7 C:\xampp\htdocs\Pw_A\public\index.php(45): CodeIgniter\CodeIgniter->run()
#8 C:\xampp\htdocs\Pw_A\system\Commands\Server\rewrite.php(34): require_once('C:\\xampp\\htdocs...')
#9 {main}
CRITICAL - 2020-12-13 09:07:50 --> Trying to access array offset on value of type null
#0 C:\xampp\htdocs\Pw_A\app\Views\cartoon\detail.php(12): CodeIgniter\Debug\Exceptions->errorHandler(8, 'Trying to acces...', 'C:\\xampp\\htdocs...', 12, Array)
#1 C:\xampp\htdocs\Pw_A\system\View\View.php(246): include('C:\\xampp\\htdocs...')
#2 C:\xampp\htdocs\Pw_A\system\Common.php(1119): CodeIgniter\View\View->render('cartoon/detail', Array, true)
#3 C:\xampp\htdocs\Pw_A\app\Controllers\cartoon.php(43): view('cartoon/detail', Array)
#4 C:\xampp\htdocs\Pw_A\system\CodeIgniter.php(918): App\Controllers\cartoon->detail('create')
#5 C:\xampp\htdocs\Pw_A\system\CodeIgniter.php(404): CodeIgniter\CodeIgniter->runController(Object(App\Controllers\cartoon))
#6 C:\xampp\htdocs\Pw_A\system\CodeIgniter.php(312): CodeIgniter\CodeIgniter->handleRequest(NULL, Object(Config\Cache), false)
#7 C:\xampp\htdocs\Pw_A\public\index.php(45): CodeIgniter\CodeIgniter->run()
#8 C:\xampp\htdocs\Pw_A\system\Commands\Server\rewrite.php(34): require_once('C:\\xampp\\htdocs...')
#9 {main}
CRITICAL - 2020-12-13 09:14:03 --> Trying to access array offset on value of type null
#0 C:\xampp\htdocs\Pw_A\app\Views\cartoon\detail.php(12): CodeIgniter\Debug\Exceptions->errorHandler(8, 'Trying to acces...', 'C:\\xampp\\htdocs...', 12, Array)
#1 C:\xampp\htdocs\Pw_A\system\View\View.php(246): include('C:\\xampp\\htdocs...')
#2 C:\xampp\htdocs\Pw_A\system\Common.php(1119): CodeIgniter\View\View->render('cartoon/detail', Array, true)
#3 C:\xampp\htdocs\Pw_A\app\Controllers\cartoon.php(43): view('cartoon/detail', Array)
#4 C:\xampp\htdocs\Pw_A\system\CodeIgniter.php(918): App\Controllers\cartoon->detail('create')
#5 C:\xampp\htdocs\Pw_A\system\CodeIgniter.php(404): CodeIgniter\CodeIgniter->runController(Object(App\Controllers\cartoon))
#6 C:\xampp\htdocs\Pw_A\system\CodeIgniter.php(312): CodeIgniter\CodeIgniter->handleRequest(NULL, Object(Config\Cache), false)
#7 C:\xampp\htdocs\Pw_A\public\index.php(45): CodeIgniter\CodeIgniter->run()
#8 C:\xampp\htdocs\Pw_A\system\Commands\Server\rewrite.php(34): require_once('C:\\xampp\\htdocs...')
#9 {main}
CRITICAL - 2020-12-13 09:14:14 --> Trying to access array offset on value of type null
#0 C:\xampp\htdocs\Pw_A\app\Views\cartoon\detail.php(12): CodeIgniter\Debug\Exceptions->errorHandler(8, 'Trying to acces...', 'C:\\xampp\\htdocs...', 12, Array)
#1 C:\xampp\htdocs\Pw_A\system\View\View.php(246): include('C:\\xampp\\htdocs...')
#2 C:\xampp\htdocs\Pw_A\system\Common.php(1119): CodeIgniter\View\View->render('cartoon/detail', Array, true)
#3 C:\xampp\htdocs\Pw_A\app\Controllers\cartoon.php(43): view('cartoon/detail', Array)
#4 C:\xampp\htdocs\Pw_A\system\CodeIgniter.php(918): App\Controllers\cartoon->detail('create')
#5 C:\xampp\htdocs\Pw_A\system\CodeIgniter.php(404): CodeIgniter\CodeIgniter->runController(Object(App\Controllers\cartoon))
#6 C:\xampp\htdocs\Pw_A\system\CodeIgniter.php(312): CodeIgniter\CodeIgniter->handleRequest(NULL, Object(Config\Cache), false)
#7 C:\xampp\htdocs\Pw_A\public\index.php(45): CodeIgniter\CodeIgniter->run()
#8 C:\xampp\htdocs\Pw_A\system\Commands\Server\rewrite.php(34): require_once('C:\\xampp\\htdocs...')
#9 {main}
CRITICAL - 2020-12-13 09:17:27 --> Trying to access array offset on value of type null
#0 C:\xampp\htdocs\Pw_A\app\Views\cartoon\detail.php(12): CodeIgniter\Debug\Exceptions->errorHandler(8, 'Trying to acces...', 'C:\\xampp\\htdocs...', 12, Array)
#1 C:\xampp\htdocs\Pw_A\system\View\View.php(246): include('C:\\xampp\\htdocs...')
#2 C:\xampp\htdocs\Pw_A\system\Common.php(1119): CodeIgniter\View\View->render('cartoon/detail', Array, true)
#3 C:\xampp\htdocs\Pw_A\app\Controllers\cartoon.php(43): view('cartoon/detail', Array)
#4 C:\xampp\htdocs\Pw_A\system\CodeIgniter.php(918): App\Controllers\cartoon->detail('create')
#5 C:\xampp\htdocs\Pw_A\system\CodeIgniter.php(404): CodeIgniter\CodeIgniter->runController(Object(App\Controllers\cartoon))
#6 C:\xampp\htdocs\Pw_A\system\CodeIgniter.php(312): CodeIgniter\CodeIgniter->handleRequest(NULL, Object(Config\Cache), false)
#7 C:\xampp\htdocs\Pw_A\public\index.php(45): CodeIgniter\CodeIgniter->run()
#8 C:\xampp\htdocs\Pw_A\system\Commands\Server\rewrite.php(34): require_once('C:\\xampp\\htdocs...')
#9 {main}
CRITICAL - 2020-12-13 09:25:42 --> Trying to access array offset on value of type null
#0 C:\xampp\htdocs\Pw_A\app\Views\cartoon\detail.php(12): CodeIgniter\Debug\Exceptions->errorHandler(8, 'Trying to acces...', 'C:\\xampp\\htdocs...', 12, Array)
#1 C:\xampp\htdocs\Pw_A\system\View\View.php(246): include('C:\\xampp\\htdocs...')
#2 C:\xampp\htdocs\Pw_A\system\Common.php(1119): CodeIgniter\View\View->render('cartoon/detail', Array, true)
#3 C:\xampp\htdocs\Pw_A\app\Controllers\cartoon.php(43): view('cartoon/detail', Array)
#4 C:\xampp\htdocs\Pw_A\system\CodeIgniter.php(918): App\Controllers\cartoon->detail('create')
#5 C:\xampp\htdocs\Pw_A\system\CodeIgniter.php(404): CodeIgniter\CodeIgniter->runController(Object(App\Controllers\cartoon))
#6 C:\xampp\htdocs\Pw_A\system\CodeIgniter.php(312): CodeIgniter\CodeIgniter->handleRequest(NULL, Object(Config\Cache), false)
#7 C:\xampp\htdocs\Pw_A\public\index.php(45): CodeIgniter\CodeIgniter->run()
#8 C:\xampp\htdocs\Pw_A\system\Commands\Server\rewrite.php(34): require_once('C:\\xampp\\htdocs...')
#9 {main}
CRITICAL - 2020-12-13 09:25:52 --> Trying to access array offset on value of type null
#0 C:\xampp\htdocs\Pw_A\app\Views\cartoon\detail.php(12): CodeIgniter\Debug\Exceptions->errorHandler(8, 'Trying to acces...', 'C:\\xampp\\htdocs...', 12, Array)
#1 C:\xampp\htdocs\Pw_A\system\View\View.php(246): include('C:\\xampp\\htdocs...')
#2 C:\xampp\htdocs\Pw_A\system\Common.php(1119): CodeIgniter\View\View->render('cartoon/detail', Array, true)
#3 C:\xampp\htdocs\Pw_A\app\Controllers\cartoon.php(43): view('cartoon/detail', Array)
#4 C:\xampp\htdocs\Pw_A\system\CodeIgniter.php(918): App\Controllers\cartoon->detail('create')
#5 C:\xampp\htdocs\Pw_A\system\CodeIgniter.php(404): CodeIgniter\CodeIgniter->runController(Object(App\Controllers\cartoon))
#6 C:\xampp\htdocs\Pw_A\system\CodeIgniter.php(312): CodeIgniter\CodeIgniter->handleRequest(NULL, Object(Config\Cache), false)
#7 C:\xampp\htdocs\Pw_A\public\index.php(45): CodeIgniter\CodeIgniter->run()
#8 C:\xampp\htdocs\Pw_A\system\Commands\Server\rewrite.php(34): require_once('C:\\xampp\\htdocs...')
#9 {main}
CRITICAL - 2020-12-13 09:34:39 --> Trying to access array offset on value of type null
#0 C:\xampp\htdocs\Pw_A\app\Views\cartoon\detail.php(12): CodeIgniter\Debug\Exceptions->errorHandler(8, 'Trying to acces...', 'C:\\xampp\\htdocs...', 12, Array)
#1 C:\xampp\htdocs\Pw_A\system\View\View.php(246): include('C:\\xampp\\htdocs...')
#2 C:\xampp\htdocs\Pw_A\system\Common.php(1119): CodeIgniter\View\View->render('cartoon/detail', Array, true)
#3 C:\xampp\htdocs\Pw_A\app\Controllers\cartoon.php(43): view('cartoon/detail', Array)
#4 C:\xampp\htdocs\Pw_A\system\CodeIgniter.php(918): App\Controllers\cartoon->detail('create')
#5 C:\xampp\htdocs\Pw_A\system\CodeIgniter.php(404): CodeIgniter\CodeIgniter->runController(Object(App\Controllers\cartoon))
#6 C:\xampp\htdocs\Pw_A\system\CodeIgniter.php(312): CodeIgniter\CodeIgniter->handleRequest(NULL, Object(Config\Cache), false)
#7 C:\xampp\htdocs\Pw_A\public\index.php(45): CodeIgniter\CodeIgniter->run()
#8 C:\xampp\htdocs\Pw_A\system\Commands\Server\rewrite.php(34): require_once('C:\\xampp\\htdocs...')
#9 {main}
CRITICAL - 2020-12-13 09:35:03 --> Trying to access array offset on value of type null
#0 C:\xampp\htdocs\Pw_A\app\Views\cartoon\detail.php(12): CodeIgniter\Debug\Exceptions->errorHandler(8, 'Trying to acces...', 'C:\\xampp\\htdocs...', 12, Array)
#1 C:\xampp\htdocs\Pw_A\system\View\View.php(246): include('C:\\xampp\\htdocs...')
#2 C:\xampp\htdocs\Pw_A\system\Common.php(1119): CodeIgniter\View\View->render('cartoon/detail', Array, true)
#3 C:\xampp\htdocs\Pw_A\app\Controllers\cartoon.php(43): view('cartoon/detail', Array)
#4 C:\xampp\htdocs\Pw_A\system\CodeIgniter.php(918): App\Controllers\cartoon->detail('create')
#5 C:\xampp\htdocs\Pw_A\system\CodeIgniter.php(404): CodeIgniter\CodeIgniter->runController(Object(App\Controllers\cartoon))
#6 C:\xampp\htdocs\Pw_A\system\CodeIgniter.php(312): CodeIgniter\CodeIgniter->handleRequest(NULL, Object(Config\Cache), false)
#7 C:\xampp\htdocs\Pw_A\public\index.php(45): CodeIgniter\CodeIgniter->run()
#8 C:\xampp\htdocs\Pw_A\system\Commands\Server\rewrite.php(34): require_once('C:\\xampp\\htdocs...')
#9 {main}
CRITICAL - 2020-12-13 09:35:03 --> Trying to access array offset on value of type null
#0 C:\xampp\htdocs\Pw_A\app\Views\cartoon\detail.php(12): CodeIgniter\Debug\Exceptions->errorHandler(8, 'Trying to acces...', 'C:\\xampp\\htdocs...', 12, Array)
#1 C:\xampp\htdocs\Pw_A\system\View\View.php(246): include('C:\\xampp\\htdocs...')
#2 C:\xampp\htdocs\Pw_A\system\Common.php(1119): CodeIgniter\View\View->render('cartoon/detail', Array, true)
#3 C:\xampp\htdocs\Pw_A\app\Controllers\cartoon.php(43): view('cartoon/detail', Array)
#4 C:\xampp\htdocs\Pw_A\system\CodeIgniter.php(918): App\Controllers\cartoon->detail('create')
#5 C:\xampp\htdocs\Pw_A\system\CodeIgniter.php(404): CodeIgniter\CodeIgniter->runController(Object(App\Controllers\cartoon))
#6 C:\xampp\htdocs\Pw_A\system\CodeIgniter.php(312): CodeIgniter\CodeIgniter->handleRequest(NULL, Object(Config\Cache), false)
#7 C:\xampp\htdocs\Pw_A\public\index.php(45): CodeIgniter\CodeIgniter->run()
#8 C:\xampp\htdocs\Pw_A\system\Commands\Server\rewrite.php(34): require_once('C:\\xampp\\htdocs...')
#9 {main}
CRITICAL - 2020-12-13 09:35:45 --> Trying to access array offset on value of type null
#0 C:\xampp\htdocs\Pw_A\app\Views\cartoon\detail.php(12): CodeIgniter\Debug\Exceptions->errorHandler(8, 'Trying to acces...', 'C:\\xampp\\htdocs...', 12, Array)
#1 C:\xampp\htdocs\Pw_A\system\View\View.php(246): include('C:\\xampp\\htdocs...')
#2 C:\xampp\htdocs\Pw_A\system\Common.php(1119): CodeIgniter\View\View->render('cartoon/detail', Array, true)
#3 C:\xampp\htdocs\Pw_A\app\Controllers\cartoon.php(43): view('cartoon/detail', Array)
#4 C:\xampp\htdocs\Pw_A\system\CodeIgniter.php(918): App\Controllers\cartoon->detail('create')
#5 C:\xampp\htdocs\Pw_A\system\CodeIgniter.php(404): CodeIgniter\CodeIgniter->runController(Object(App\Controllers\cartoon))
#6 C:\xampp\htdocs\Pw_A\system\CodeIgniter.php(312): CodeIgniter\CodeIgniter->handleRequest(NULL, Object(Config\Cache), false)
#7 C:\xampp\htdocs\Pw_A\public\index.php(45): CodeIgniter\CodeIgniter->run()
#8 C:\xampp\htdocs\Pw_A\system\Commands\Server\rewrite.php(34): require_once('C:\\xampp\\htdocs...')
#9 {main}
CRITICAL - 2020-12-13 09:35:47 --> Trying to access array offset on value of type null
#0 C:\xampp\htdocs\Pw_A\app\Views\cartoon\detail.php(12): CodeIgniter\Debug\Exceptions->errorHandler(8, 'Trying to acces...', 'C:\\xampp\\htdocs...', 12, Array)
#1 C:\xampp\htdocs\Pw_A\system\View\View.php(246): include('C:\\xampp\\htdocs...')
#2 C:\xampp\htdocs\Pw_A\system\Common.php(1119): CodeIgniter\View\View->render('cartoon/detail', Array, true)
#3 C:\xampp\htdocs\Pw_A\app\Controllers\cartoon.php(43): view('cartoon/detail', Array)
#4 C:\xampp\htdocs\Pw_A\system\CodeIgniter.php(918): App\Controllers\cartoon->detail('create')
#5 C:\xampp\htdocs\Pw_A\system\CodeIgniter.php(404): CodeIgniter\CodeIgniter->runController(Object(App\Controllers\cartoon))
#6 C:\xampp\htdocs\Pw_A\system\CodeIgniter.php(312): CodeIgniter\CodeIgniter->handleRequest(NULL, Object(Config\Cache), false)
#7 C:\xampp\htdocs\Pw_A\public\index.php(45): CodeIgniter\CodeIgniter->run()
#8 C:\xampp\htdocs\Pw_A\system\Commands\Server\rewrite.php(34): require_once('C:\\xampp\\htdocs...')
#9 {main}
CRITICAL - 2020-12-13 09:35:48 --> Trying to access array offset on value of type null
#0 C:\xampp\htdocs\Pw_A\app\Views\cartoon\detail.php(12): CodeIgniter\Debug\Exceptions->errorHandler(8, 'Trying to acces...', 'C:\\xampp\\htdocs...', 12, Array)
#1 C:\xampp\htdocs\Pw_A\system\View\View.php(246): include('C:\\xampp\\htdocs...')
#2 C:\xampp\htdocs\Pw_A\system\Common.php(1119): CodeIgniter\View\View->render('cartoon/detail', Array, true)
#3 C:\xampp\htdocs\Pw_A\app\Controllers\cartoon.php(43): view('cartoon/detail', Array)
#4 C:\xampp\htdocs\Pw_A\system\CodeIgniter.php(918): App\Controllers\cartoon->detail('create')
#5 C:\xampp\htdocs\Pw_A\system\CodeIgniter.php(404): CodeIgniter\CodeIgniter->runController(Object(App\Controllers\cartoon))
#6 C:\xampp\htdocs\Pw_A\system\CodeIgniter.php(312): CodeIgniter\CodeIgniter->handleRequest(NULL, Object(Config\Cache), false)
#7 C:\xampp\htdocs\Pw_A\public\index.php(45): CodeIgniter\CodeIgniter->run()
#8 C:\xampp\htdocs\Pw_A\system\Commands\Server\rewrite.php(34): require_once('C:\\xampp\\htdocs...')
#9 {main}
CRITICAL - 2020-12-13 09:35:48 --> Trying to access array offset on value of type null
#0 C:\xampp\htdocs\Pw_A\app\Views\cartoon\detail.php(12): CodeIgniter\Debug\Exceptions->errorHandler(8, 'Trying to acces...', 'C:\\xampp\\htdocs...', 12, Array)
#1 C:\xampp\htdocs\Pw_A\system\View\View.php(246): include('C:\\xampp\\htdocs...')
#2 C:\xampp\htdocs\Pw_A\system\Common.php(1119): CodeIgniter\View\View->render('cartoon/detail', Array, true)
#3 C:\xampp\htdocs\Pw_A\app\Controllers\cartoon.php(43): view('cartoon/detail', Array)
#4 C:\xampp\htdocs\Pw_A\system\CodeIgniter.php(918): App\Controllers\cartoon->detail('create')
#5 C:\xampp\htdocs\Pw_A\system\CodeIgniter.php(404): CodeIgniter\CodeIgniter->runController(Object(App\Controllers\cartoon))
#6 C:\xampp\htdocs\Pw_A\system\CodeIgniter.php(312): CodeIgniter\CodeIgniter->handleRequest(NULL, Object(Config\Cache), false)
#7 C:\xampp\htdocs\Pw_A\public\index.php(45): CodeIgniter\CodeIgniter->run()
#8 C:\xampp\htdocs\Pw_A\system\Commands\Server\rewrite.php(34): require_once('C:\\xampp\\htdocs...')
#9 {main}
CRITICAL - 2020-12-13 09:35:49 --> Trying to access array offset on value of type null
#0 C:\xampp\htdocs\Pw_A\app\Views\cartoon\detail.php(12): CodeIgniter\Debug\Exceptions->errorHandler(8, 'Trying to acces...', 'C:\\xampp\\htdocs...', 12, Array)
#1 C:\xampp\htdocs\Pw_A\system\View\View.php(246): include('C:\\xampp\\htdocs...')
#2 C:\xampp\htdocs\Pw_A\system\Common.php(1119): CodeIgniter\View\View->render('cartoon/detail', Array, true)
#3 C:\xampp\htdocs\Pw_A\app\Controllers\cartoon.php(43): view('cartoon/detail', Array)
#4 C:\xampp\htdocs\Pw_A\system\CodeIgniter.php(918): App\Controllers\cartoon->detail('create')
#5 C:\xampp\htdocs\Pw_A\system\CodeIgniter.php(404): CodeIgniter\CodeIgniter->runController(Object(App\Controllers\cartoon))
#6 C:\xampp\htdocs\Pw_A\system\CodeIgniter.php(312): CodeIgniter\CodeIgniter->handleRequest(NULL, Object(Config\Cache), false)
#7 C:\xampp\htdocs\Pw_A\public\index.php(45): CodeIgniter\CodeIgniter->run()
#8 C:\xampp\htdocs\Pw_A\system\Commands\Server\rewrite.php(34): require_once('C:\\xampp\\htdocs...')
#9 {main}
CRITICAL - 2020-12-13 09:35:50 --> Trying to access array offset on value of type null
#0 C:\xampp\htdocs\Pw_A\app\Views\cartoon\detail.php(12): CodeIgniter\Debug\Exceptions->errorHandler(8, 'Trying to acces...', 'C:\\xampp\\htdocs...', 12, Array)
#1 C:\xampp\htdocs\Pw_A\system\View\View.php(246): include('C:\\xampp\\htdocs...')
#2 C:\xampp\htdocs\Pw_A\system\Common.php(1119): CodeIgniter\View\View->render('cartoon/detail', Array, true)
#3 C:\xampp\htdocs\Pw_A\app\Controllers\cartoon.php(43): view('cartoon/detail', Array)
#4 C:\xampp\htdocs\Pw_A\system\CodeIgniter.php(918): App\Controllers\cartoon->detail('create')
#5 C:\xampp\htdocs\Pw_A\system\CodeIgniter.php(404): CodeIgniter\CodeIgniter->runController(Object(App\Controllers\cartoon))
#6 C:\xampp\htdocs\Pw_A\system\CodeIgniter.php(312): CodeIgniter\CodeIgniter->handleRequest(NULL, Object(Config\Cache), false)
#7 C:\xampp\htdocs\Pw_A\public\index.php(45): CodeIgniter\CodeIgniter->run()
#8 C:\xampp\htdocs\Pw_A\system\Commands\Server\rewrite.php(34): require_once('C:\\xampp\\htdocs...')
#9 {main}
CRITICAL - 2020-12-13 09:37:47 --> Trying to access array offset on value of type null
#0 C:\xampp\htdocs\Pw_A\app\Views\cartoon\detail.php(12): CodeIgniter\Debug\Exceptions->errorHandler(8, 'Trying to acces...', 'C:\\xampp\\htdocs...', 12, Array)
#1 C:\xampp\htdocs\Pw_A\system\View\View.php(246): include('C:\\xampp\\htdocs...')
#2 C:\xampp\htdocs\Pw_A\system\Common.php(1119): CodeIgniter\View\View->render('cartoon/detail', Array, true)
#3 C:\xampp\htdocs\Pw_A\app\Controllers\cartoon.php(43): view('cartoon/detail', Array)
#4 C:\xampp\htdocs\Pw_A\system\CodeIgniter.php(918): App\Controllers\cartoon->detail('create')
#5 C:\xampp\htdocs\Pw_A\system\CodeIgniter.php(404): CodeIgniter\CodeIgniter->runController(Object(App\Controllers\cartoon))
#6 C:\xampp\htdocs\Pw_A\system\CodeIgniter.php(312): CodeIgniter\CodeIgniter->handleRequest(NULL, Object(Config\Cache), false)
#7 C:\xampp\htdocs\Pw_A\public\index.php(45): CodeIgniter\CodeIgniter->run()
#8 C:\xampp\htdocs\Pw_A\system\Commands\Server\rewrite.php(34): require_once('C:\\xampp\\htdocs...')
#9 {main}
CRITICAL - 2020-12-13 09:38:44 --> Trying to access array offset on value of type null
#0 C:\xampp\htdocs\Pw_A\app\Views\cartoon\detail.php(12): CodeIgniter\Debug\Exceptions->errorHandler(8, 'Trying to acces...', 'C:\\xampp\\htdocs...', 12, Array)
#1 C:\xampp\htdocs\Pw_A\system\View\View.php(246): include('C:\\xampp\\htdocs...')
#2 C:\xampp\htdocs\Pw_A\system\Common.php(1119): CodeIgniter\View\View->render('cartoon/detail', Array, true)
#3 C:\xampp\htdocs\Pw_A\app\Controllers\cartoon.php(43): view('cartoon/detail', Array)
#4 C:\xampp\htdocs\Pw_A\system\CodeIgniter.php(918): App\Controllers\cartoon->detail('create')
#5 C:\xampp\htdocs\Pw_A\system\CodeIgniter.php(404): CodeIgniter\CodeIgniter->runController(Object(App\Controllers\cartoon))
#6 C:\xampp\htdocs\Pw_A\system\CodeIgniter.php(312): CodeIgniter\CodeIgniter->handleRequest(NULL, Object(Config\Cache), false)
#7 C:\xampp\htdocs\Pw_A\public\index.php(45): CodeIgniter\CodeIgniter->run()
#8 C:\xampp\htdocs\Pw_A\system\Commands\Server\rewrite.php(34): require_once('C:\\xampp\\htdocs...')
#9 {main}
CRITICAL - 2020-12-13 09:43:01 --> Trying to access array offset on value of type null
#0 C:\xampp\htdocs\Pw_A\app\Views\cartoon\detail.php(12): CodeIgniter\Debug\Exceptions->errorHandler(8, 'Trying to acces...', 'C:\\xampp\\htdocs...', 12, Array)
#1 C:\xampp\htdocs\Pw_A\system\View\View.php(246): include('C:\\xampp\\htdocs...')
#2 C:\xampp\htdocs\Pw_A\system\Common.php(1119): CodeIgniter\View\View->render('cartoon/detail', Array, true)
#3 C:\xampp\htdocs\Pw_A\app\Controllers\cartoon.php(43): view('cartoon/detail', Array)
#4 C:\xampp\htdocs\Pw_A\system\CodeIgniter.php(918): App\Controllers\cartoon->detail('create')
#5 C:\xampp\htdocs\Pw_A\system\CodeIgniter.php(404): CodeIgniter\CodeIgniter->runController(Object(App\Controllers\cartoon))
#6 C:\xampp\htdocs\Pw_A\system\CodeIgniter.php(312): CodeIgniter\CodeIgniter->handleRequest(NULL, Object(Config\Cache), false)
#7 C:\xampp\htdocs\Pw_A\public\index.php(45): CodeIgniter\CodeIgniter->run()
#8 C:\xampp\htdocs\Pw_A\system\Commands\Server\rewrite.php(34): require_once('C:\\xampp\\htdocs...')
#9 {main}
CRITICAL - 2020-12-13 09:43:01 --> Trying to access array offset on value of type null
#0 C:\xampp\htdocs\Pw_A\app\Views\cartoon\detail.php(12): CodeIgniter\Debug\Exceptions->errorHandler(8, 'Trying to acces...', 'C:\\xampp\\htdocs...', 12, Array)
#1 C:\xampp\htdocs\Pw_A\system\View\View.php(246): include('C:\\xampp\\htdocs...')
#2 C:\xampp\htdocs\Pw_A\system\Common.php(1119): CodeIgniter\View\View->render('cartoon/detail', Array, true)
#3 C:\xampp\htdocs\Pw_A\app\Controllers\cartoon.php(43): view('cartoon/detail', Array)
#4 C:\xampp\htdocs\Pw_A\system\CodeIgniter.php(918): App\Controllers\cartoon->detail('create')
#5 C:\xampp\htdocs\Pw_A\system\CodeIgniter.php(404): CodeIgniter\CodeIgniter->runController(Object(App\Controllers\cartoon))
#6 C:\xampp\htdocs\Pw_A\system\CodeIgniter.php(312): CodeIgniter\CodeIgniter->handleRequest(NULL, Object(Config\Cache), false)
#7 C:\xampp\htdocs\Pw_A\public\index.php(45): CodeIgniter\CodeIgniter->run()
#8 C:\xampp\htdocs\Pw_A\system\Commands\Server\rewrite.php(34): require_once('C:\\xampp\\htdocs...')
#9 {main}
CRITICAL - 2020-12-13 09:43:01 --> Trying to access array offset on value of type null
#0 C:\xampp\htdocs\Pw_A\app\Views\cartoon\detail.php(12): CodeIgniter\Debug\Exceptions->errorHandler(8, 'Trying to acces...', 'C:\\xampp\\htdocs...', 12, Array)
#1 C:\xampp\htdocs\Pw_A\system\View\View.php(246): include('C:\\xampp\\htdocs...')
#2 C:\xampp\htdocs\Pw_A\system\Common.php(1119): CodeIgniter\View\View->render('cartoon/detail', Array, true)
#3 C:\xampp\htdocs\Pw_A\app\Controllers\cartoon.php(43): view('cartoon/detail', Array)
#4 C:\xampp\htdocs\Pw_A\system\CodeIgniter.php(918): App\Controllers\cartoon->detail('create')
#5 C:\xampp\htdocs\Pw_A\system\CodeIgniter.php(404): CodeIgniter\CodeIgniter->runController(Object(App\Controllers\cartoon))
#6 C:\xampp\htdocs\Pw_A\system\CodeIgniter.php(312): CodeIgniter\CodeIgniter->handleRequest(NULL, Object(Config\Cache), false)
#7 C:\xampp\htdocs\Pw_A\public\index.php(45): CodeIgniter\CodeIgniter->run()
#8 C:\xampp\htdocs\Pw_A\system\Commands\Server\rewrite.php(34): require_once('C:\\xampp\\htdocs...')
#9 {main}
CRITICAL - 2020-12-13 09:43:02 --> Trying to access array offset on value of type null
#0 C:\xampp\htdocs\Pw_A\app\Views\cartoon\detail.php(12): CodeIgniter\Debug\Exceptions->errorHandler(8, 'Trying to acces...', 'C:\\xampp\\htdocs...', 12, Array)
#1 C:\xampp\htdocs\Pw_A\system\View\View.php(246): include('C:\\xampp\\htdocs...')
#2 C:\xampp\htdocs\Pw_A\system\Common.php(1119): CodeIgniter\View\View->render('cartoon/detail', Array, true)
#3 C:\xampp\htdocs\Pw_A\app\Controllers\cartoon.php(43): view('cartoon/detail', Array)
#4 C:\xampp\htdocs\Pw_A\system\CodeIgniter.php(918): App\Controllers\cartoon->detail('create')
#5 C:\xampp\htdocs\Pw_A\system\CodeIgniter.php(404): CodeIgniter\CodeIgniter->runController(Object(App\Controllers\cartoon))
#6 C:\xampp\htdocs\Pw_A\system\CodeIgniter.php(312): CodeIgniter\CodeIgniter->handleRequest(NULL, Object(Config\Cache), false)
#7 C:\xampp\htdocs\Pw_A\public\index.php(45): CodeIgniter\CodeIgniter->run()
#8 C:\xampp\htdocs\Pw_A\system\Commands\Server\rewrite.php(34): require_once('C:\\xampp\\htdocs...')
#9 {main}
CRITICAL - 2020-12-13 09:43:02 --> Trying to access array offset on value of type null
#0 C:\xampp\htdocs\Pw_A\app\Views\cartoon\detail.php(12): CodeIgniter\Debug\Exceptions->errorHandler(8, 'Trying to acces...', 'C:\\xampp\\htdocs...', 12, Array)
#1 C:\xampp\htdocs\Pw_A\system\View\View.php(246): include('C:\\xampp\\htdocs...')
#2 C:\xampp\htdocs\Pw_A\system\Common.php(1119): CodeIgniter\View\View->render('cartoon/detail', Array, true)
#3 C:\xampp\htdocs\Pw_A\app\Controllers\cartoon.php(43): view('cartoon/detail', Array)
#4 C:\xampp\htdocs\Pw_A\system\CodeIgniter.php(918): App\Controllers\cartoon->detail('create')
#5 C:\xampp\htdocs\Pw_A\system\CodeIgniter.php(404): CodeIgniter\CodeIgniter->runController(Object(App\Controllers\cartoon))
#6 C:\xampp\htdocs\Pw_A\system\CodeIgniter.php(312): CodeIgniter\CodeIgniter->handleRequest(NULL, Object(Config\Cache), false)
#7 C:\xampp\htdocs\Pw_A\public\index.php(45): CodeIgniter\CodeIgniter->run()
#8 C:\xampp\htdocs\Pw_A\system\Commands\Server\rewrite.php(34): require_once('C:\\xampp\\htdocs...')
#9 {main}
CRITICAL - 2020-12-13 09:52:10 --> Trying to access array offset on value of type null
#0 C:\xampp\htdocs\Pw_A\app\Views\cartoon\detail.php(12): CodeIgniter\Debug\Exceptions->errorHandler(8, 'Trying to acces...', 'C:\\xampp\\htdocs...', 12, Array)
#1 C:\xampp\htdocs\Pw_A\system\View\View.php(246): include('C:\\xampp\\htdocs...')
#2 C:\xampp\htdocs\Pw_A\system\Common.php(1119): CodeIgniter\View\View->render('cartoon/detail', Array, true)
#3 C:\xampp\htdocs\Pw_A\app\Controllers\cartoon.php(43): view('cartoon/detail', Array)
#4 C:\xampp\htdocs\Pw_A\system\CodeIgniter.php(918): App\Controllers\cartoon->detail('create')
#5 C:\xampp\htdocs\Pw_A\system\CodeIgniter.php(404): CodeIgniter\CodeIgniter->runController(Object(App\Controllers\cartoon))
#6 C:\xampp\htdocs\Pw_A\system\CodeIgniter.php(312): CodeIgniter\CodeIgniter->handleRequest(NULL, Object(Config\Cache), false)
#7 C:\xampp\htdocs\Pw_A\public\index.php(45): CodeIgniter\CodeIgniter->run()
#8 C:\xampp\htdocs\Pw_A\system\Commands\Server\rewrite.php(34): require_once('C:\\xampp\\htdocs...')
#9 {main}
CRITICAL - 2020-12-13 09:53:04 --> Trying to access array offset on value of type null
#0 C:\xampp\htdocs\Pw_A\app\Views\cartoon\detail.php(12): CodeIgniter\Debug\Exceptions->errorHandler(8, 'Trying to acces...', 'C:\\xampp\\htdocs...', 12, Array)
#1 C:\xampp\htdocs\Pw_A\system\View\View.php(246): include('C:\\xampp\\htdocs...')
#2 C:\xampp\htdocs\Pw_A\system\Common.php(1119): CodeIgniter\View\View->render('cartoon/detail', Array, true)
#3 C:\xampp\htdocs\Pw_A\app\Controllers\cartoon.php(43): view('cartoon/detail', Array)
#4 C:\xampp\htdocs\Pw_A\system\CodeIgniter.php(918): App\Controllers\cartoon->detail('create')
#5 C:\xampp\htdocs\Pw_A\system\CodeIgniter.php(404): CodeIgniter\CodeIgniter->runController(Object(App\Controllers\cartoon))
#6 C:\xampp\htdocs\Pw_A\system\CodeIgniter.php(312): CodeIgniter\CodeIgniter->handleRequest(NULL, Object(Config\Cache), false)
#7 C:\xampp\htdocs\Pw_A\public\index.php(45): CodeIgniter\CodeIgniter->run()
#8 C:\xampp\htdocs\Pw_A\system\Commands\Server\rewrite.php(34): require_once('C:\\xampp\\htdocs...')
#9 {main}
CRITICAL - 2020-12-13 10:00:29 --> Trying to access array offset on value of type null
#0 C:\xampp\htdocs\Pw_A\app\Views\cartoon\detail.php(12): CodeIgniter\Debug\Exceptions->errorHandler(8, 'Trying to acces...', 'C:\\xampp\\htdocs...', 12, Array)
#1 C:\xampp\htdocs\Pw_A\system\View\View.php(246): include('C:\\xampp\\htdocs...')
#2 C:\xampp\htdocs\Pw_A\system\Common.php(1119): CodeIgniter\View\View->render('cartoon/detail', Array, true)
#3 C:\xampp\htdocs\Pw_A\app\Controllers\cartoon.php(43): view('cartoon/detail', Array)
#4 C:\xampp\htdocs\Pw_A\system\CodeIgniter.php(918): App\Controllers\cartoon->detail('create')
#5 C:\xampp\htdocs\Pw_A\system\CodeIgniter.php(404): CodeIgniter\CodeIgniter->runController(Object(App\Controllers\cartoon))
#6 C:\xampp\htdocs\Pw_A\system\CodeIgniter.php(312): CodeIgniter\CodeIgniter->handleRequest(NULL, Object(Config\Cache), false)
#7 C:\xampp\htdocs\Pw_A\public\index.php(45): CodeIgniter\CodeIgniter->run()
#8 C:\xampp\htdocs\Pw_A\system\Commands\Server\rewrite.php(34): require_once('C:\\xampp\\htdocs...')
#9 {main}
CRITICAL - 2020-12-13 10:00:30 --> Trying to access array offset on value of type null
#0 C:\xampp\htdocs\Pw_A\app\Views\cartoon\detail.php(12): CodeIgniter\Debug\Exceptions->errorHandler(8, 'Trying to acces...', 'C:\\xampp\\htdocs...', 12, Array)
#1 C:\xampp\htdocs\Pw_A\system\View\View.php(246): include('C:\\xampp\\htdocs...')
#2 C:\xampp\htdocs\Pw_A\system\Common.php(1119): CodeIgniter\View\View->render('cartoon/detail', Array, true)
#3 C:\xampp\htdocs\Pw_A\app\Controllers\cartoon.php(43): view('cartoon/detail', Array)
#4 C:\xampp\htdocs\Pw_A\system\CodeIgniter.php(918): App\Controllers\cartoon->detail('create')
#5 C:\xampp\htdocs\Pw_A\system\CodeIgniter.php(404): CodeIgniter\CodeIgniter->runController(Object(App\Controllers\cartoon))
#6 C:\xampp\htdocs\Pw_A\system\CodeIgniter.php(312): CodeIgniter\CodeIgniter->handleRequest(NULL, Object(Config\Cache), false)
#7 C:\xampp\htdocs\Pw_A\public\index.php(45): CodeIgniter\CodeIgniter->run()
#8 C:\xampp\htdocs\Pw_A\system\Commands\Server\rewrite.php(34): require_once('C:\\xampp\\htdocs...')
#9 {main}
CRITICAL - 2020-12-13 10:00:31 --> Trying to access array offset on value of type null
#0 C:\xampp\htdocs\Pw_A\app\Views\cartoon\detail.php(12): CodeIgniter\Debug\Exceptions->errorHandler(8, 'Trying to acces...', 'C:\\xampp\\htdocs...', 12, Array)
#1 C:\xampp\htdocs\Pw_A\system\View\View.php(246): include('C:\\xampp\\htdocs...')
#2 C:\xampp\htdocs\Pw_A\system\Common.php(1119): CodeIgniter\View\View->render('cartoon/detail', Array, true)
#3 C:\xampp\htdocs\Pw_A\app\Controllers\cartoon.php(43): view('cartoon/detail', Array)
#4 C:\xampp\htdocs\Pw_A\system\CodeIgniter.php(918): App\Controllers\cartoon->detail('create')
#5 C:\xampp\htdocs\Pw_A\system\CodeIgniter.php(404): CodeIgniter\CodeIgniter->runController(Object(App\Controllers\cartoon))
#6 C:\xampp\htdocs\Pw_A\system\CodeIgniter.php(312): CodeIgniter\CodeIgniter->handleRequest(NULL, Object(Config\Cache), false)
#7 C:\xampp\htdocs\Pw_A\public\index.php(45): CodeIgniter\CodeIgniter->run()
#8 C:\xampp\htdocs\Pw_A\system\Commands\Server\rewrite.php(34): require_once('C:\\xampp\\htdocs...')
#9 {main}
CRITICAL - 2020-12-13 10:00:34 --> Trying to access array offset on value of type null
#0 C:\xampp\htdocs\Pw_A\app\Views\cartoon\detail.php(12): CodeIgniter\Debug\Exceptions->errorHandler(8, 'Trying to acces...', 'C:\\xampp\\htdocs...', 12, Array)
#1 C:\xampp\htdocs\Pw_A\system\View\View.php(246): include('C:\\xampp\\htdocs...')
#2 C:\xampp\htdocs\Pw_A\system\Common.php(1119): CodeIgniter\View\View->render('cartoon/detail', Array, true)
#3 C:\xampp\htdocs\Pw_A\app\Controllers\cartoon.php(43): view('cartoon/detail', Array)
#4 C:\xampp\htdocs\Pw_A\system\CodeIgniter.php(918): App\Controllers\cartoon->detail('create')
#5 C:\xampp\htdocs\Pw_A\system\CodeIgniter.php(404): CodeIgniter\CodeIgniter->runController(Object(App\Controllers\cartoon))
#6 C:\xampp\htdocs\Pw_A\system\CodeIgniter.php(312): CodeIgniter\CodeIgniter->handleRequest(NULL, Object(Config\Cache), false)
#7 C:\xampp\htdocs\Pw_A\public\index.php(45): CodeIgniter\CodeIgniter->run()
#8 C:\xampp\htdocs\Pw_A\system\Commands\Server\rewrite.php(34): require_once('C:\\xampp\\htdocs...')
#9 {main}
CRITICAL - 2020-12-13 10:00:35 --> Trying to access array offset on value of type null
#0 C:\xampp\htdocs\Pw_A\app\Views\cartoon\detail.php(12): CodeIgniter\Debug\Exceptions->errorHandler(8, 'Trying to acces...', 'C:\\xampp\\htdocs...', 12, Array)
#1 C:\xampp\htdocs\Pw_A\system\View\View.php(246): include('C:\\xampp\\htdocs...')
#2 C:\xampp\htdocs\Pw_A\system\Common.php(1119): CodeIgniter\View\View->render('cartoon/detail', Array, true)
#3 C:\xampp\htdocs\Pw_A\app\Controllers\cartoon.php(43): view('cartoon/detail', Array)
#4 C:\xampp\htdocs\Pw_A\system\CodeIgniter.php(918): App\Controllers\cartoon->detail('create')
#5 C:\xampp\htdocs\Pw_A\system\CodeIgniter.php(404): CodeIgniter\CodeIgniter->runController(Object(App\Controllers\cartoon))
#6 C:\xampp\htdocs\Pw_A\system\CodeIgniter.php(312): CodeIgniter\CodeIgniter->handleRequest(NULL, Object(Config\Cache), false)
#7 C:\xampp\htdocs\Pw_A\public\index.php(45): CodeIgniter\CodeIgniter->run()
#8 C:\xampp\htdocs\Pw_A\system\Commands\Server\rewrite.php(34): require_once('C:\\xampp\\htdocs...')
#9 {main}
CRITICAL - 2020-12-13 10:00:35 --> Trying to access array offset on value of type null
#0 C:\xampp\htdocs\Pw_A\app\Views\cartoon\detail.php(12): CodeIgniter\Debug\Exceptions->errorHandler(8, 'Trying to acces...', 'C:\\xampp\\htdocs...', 12, Array)
#1 C:\xampp\htdocs\Pw_A\system\View\View.php(246): include('C:\\xampp\\htdocs...')
#2 C:\xampp\htdocs\Pw_A\system\Common.php(1119): CodeIgniter\View\View->render('cartoon/detail', Array, true)
#3 C:\xampp\htdocs\Pw_A\app\Controllers\cartoon.php(43): view('cartoon/detail', Array)
#4 C:\xampp\htdocs\Pw_A\system\CodeIgniter.php(918): App\Controllers\cartoon->detail('create')
#5 C:\xampp\htdocs\Pw_A\system\CodeIgniter.php(404): CodeIgniter\CodeIgniter->runController(Object(App\Controllers\cartoon))
#6 C:\xampp\htdocs\Pw_A\system\CodeIgniter.php(312): CodeIgniter\CodeIgniter->handleRequest(NULL, Object(Config\Cache), false)
#7 C:\xampp\htdocs\Pw_A\public\index.php(45): CodeIgniter\CodeIgniter->run()
#8 C:\xampp\htdocs\Pw_A\system\Commands\Server\rewrite.php(34): require_once('C:\\xampp\\htdocs...')
#9 {main}
CRITICAL - 2020-12-13 10:00:35 --> Trying to access array offset on value of type null
#0 C:\xampp\htdocs\Pw_A\app\Views\cartoon\detail.php(12): CodeIgniter\Debug\Exceptions->errorHandler(8, 'Trying to acces...', 'C:\\xampp\\htdocs...', 12, Array)
#1 C:\xampp\htdocs\Pw_A\system\View\View.php(246): include('C:\\xampp\\htdocs...')
#2 C:\xampp\htdocs\Pw_A\system\Common.php(1119): CodeIgniter\View\View->render('cartoon/detail', Array, true)
#3 C:\xampp\htdocs\Pw_A\app\Controllers\cartoon.php(43): view('cartoon/detail', Array)
#4 C:\xampp\htdocs\Pw_A\system\CodeIgniter.php(918): App\Controllers\cartoon->detail('create')
#5 C:\xampp\htdocs\Pw_A\system\CodeIgniter.php(404): CodeIgniter\CodeIgniter->runController(Object(App\Controllers\cartoon))
#6 C:\xampp\htdocs\Pw_A\system\CodeIgniter.php(312): CodeIgniter\CodeIgniter->handleRequest(NULL, Object(Config\Cache), false)
#7 C:\xampp\htdocs\Pw_A\public\index.php(45): CodeIgniter\CodeIgniter->run()
#8 C:\xampp\htdocs\Pw_A\system\Commands\Server\rewrite.php(34): require_once('C:\\xampp\\htdocs...')
#9 {main}
CRITICAL - 2020-12-13 10:00:38 --> Trying to access array offset on value of type null
#0 C:\xampp\htdocs\Pw_A\app\Views\cartoon\detail.php(12): CodeIgniter\Debug\Exceptions->errorHandler(8, 'Trying to acces...', 'C:\\xampp\\htdocs...', 12, Array)
#1 C:\xampp\htdocs\Pw_A\system\View\View.php(246): include('C:\\xampp\\htdocs...')
#2 C:\xampp\htdocs\Pw_A\system\Common.php(1119): CodeIgniter\View\View->render('cartoon/detail', Array, true)
#3 C:\xampp\htdocs\Pw_A\app\Controllers\cartoon.php(43): view('cartoon/detail', Array)
#4 C:\xampp\htdocs\Pw_A\system\CodeIgniter.php(918): App\Controllers\cartoon->detail('buat')
#5 C:\xampp\htdocs\Pw_A\system\CodeIgniter.php(404): CodeIgniter\CodeIgniter->runController(Object(App\Controllers\cartoon))
#6 C:\xampp\htdocs\Pw_A\system\CodeIgniter.php(312): CodeIgniter\CodeIgniter->handleRequest(NULL, Object(Config\Cache), false)
#7 C:\xampp\htdocs\Pw_A\public\index.php(45): CodeIgniter\CodeIgniter->run()
#8 C:\xampp\htdocs\Pw_A\system\Commands\Server\rewrite.php(34): require_once('C:\\xampp\\htdocs...')
#9 {main}
