CRITICAL - 2020-12-14 05:21:41 --> Trying to access array offset on value of type null
#0 C:\xampp\htdocs\Pw_A\app\Views\cartoon\detail.php(12): CodeIgniter\Debug\Exceptions->errorHandler(8, 'Trying to acces...', 'C:\\xampp\\htdocs...', 12, Array)
#1 C:\xampp\htdocs\Pw_A\system\View\View.php(246): include('C:\\xampp\\htdocs...')
#2 C:\xampp\htdocs\Pw_A\system\Common.php(1119): CodeIgniter\View\View->render('cartoon/detail', Array, true)
#3 C:\xampp\htdocs\Pw_A\app\Controllers\cartoon.php(43): view('cartoon/detail', Array)
#4 C:\xampp\htdocs\Pw_A\system\CodeIgniter.php(918): App\Controllers\cartoon->detail('buat')
#5 C:\xampp\htdocs\Pw_A\system\CodeIgniter.php(404): CodeIgniter\CodeIgniter->runController(Object(App\Controllers\cartoon))
#6 C:\xampp\htdocs\Pw_A\system\CodeIgniter.php(312): CodeIgniter\CodeIgniter->handleRequest(NULL, Object(Config\Cache), false)
#7 C:\xampp\htdocs\Pw_A\public\index.php(45): CodeIgniter\CodeIgniter->run()
#8 C:\xampp\htdocs\Pw_A\system\Commands\Server\rewrite.php(34): require_once('C:\\xampp\\htdocs...')
#9 {main}
CRITICAL - 2020-12-14 05:21:52 --> Trying to access array offset on value of type null
#0 C:\xampp\htdocs\Pw_A\app\Views\cartoon\detail.php(12): CodeIgniter\Debug\Exceptions->errorHandler(8, 'Trying to acces...', 'C:\\xampp\\htdocs...', 12, Array)
#1 C:\xampp\htdocs\Pw_A\system\View\View.php(246): include('C:\\xampp\\htdocs...')
#2 C:\xampp\htdocs\Pw_A\system\Common.php(1119): CodeIgniter\View\View->render('cartoon/detail', Array, true)
#3 C:\xampp\htdocs\Pw_A\app\Controllers\cartoon.php(43): view('cartoon/detail', Array)
#4 C:\xampp\htdocs\Pw_A\system\CodeIgniter.php(918): App\Controllers\cartoon->detail('buat')
#5 C:\xampp\htdocs\Pw_A\system\CodeIgniter.php(404): CodeIgniter\CodeIgniter->runController(Object(App\Controllers\cartoon))
#6 C:\xampp\htdocs\Pw_A\system\CodeIgniter.php(312): CodeIgniter\CodeIgniter->handleRequest(NULL, Object(Config\Cache), false)
#7 C:\xampp\htdocs\Pw_A\public\index.php(45): CodeIgniter\CodeIgniter->run()
#8 C:\xampp\htdocs\Pw_A\system\Commands\Server\rewrite.php(34): require_once('C:\\xampp\\htdocs...')
#9 {main}
CRITICAL - 2020-12-14 05:26:58 --> Trying to access array offset on value of type null
#0 C:\xampp\htdocs\Pw_A\app\Views\cartoon\detail.php(12): CodeIgniter\Debug\Exceptions->errorHandler(8, 'Trying to acces...', 'C:\\xampp\\htdocs...', 12, Array)
#1 C:\xampp\htdocs\Pw_A\system\View\View.php(246): include('C:\\xampp\\htdocs...')
#2 C:\xampp\htdocs\Pw_A\system\Common.php(1119): CodeIgniter\View\View->render('cartoon/detail', Array, true)
#3 C:\xampp\htdocs\Pw_A\app\Controllers\cartoon.php(43): view('cartoon/detail', Array)
#4 C:\xampp\htdocs\Pw_A\system\CodeIgniter.php(918): App\Controllers\cartoon->detail('buat')
#5 C:\xampp\htdocs\Pw_A\system\CodeIgniter.php(404): CodeIgniter\CodeIgniter->runController(Object(App\Controllers\cartoon))
#6 C:\xampp\htdocs\Pw_A\system\CodeIgniter.php(312): CodeIgniter\CodeIgniter->handleRequest(NULL, Object(Config\Cache), false)
#7 C:\xampp\htdocs\Pw_A\public\index.php(45): CodeIgniter\CodeIgniter->run()
#8 C:\xampp\htdocs\Pw_A\system\Commands\Server\rewrite.php(34): require_once('C:\\xampp\\htdocs...')
#9 {main}
CRITICAL - 2020-12-14 05:49:56 --> Trying to access array offset on value of type null
#0 C:\xampp\htdocs\Pw_A\app\Views\cartoon\detail.php(12): CodeIgniter\Debug\Exceptions->errorHandler(8, 'Trying to acces...', 'C:\\xampp\\htdocs...', 12, Array)
#1 C:\xampp\htdocs\Pw_A\system\View\View.php(246): include('C:\\xampp\\htdocs...')
#2 C:\xampp\htdocs\Pw_A\system\Common.php(1119): CodeIgniter\View\View->render('cartoon/detail', Array, true)
#3 C:\xampp\htdocs\Pw_A\app\Controllers\cartoon.php(35): view('cartoon/detail', Array)
#4 C:\xampp\htdocs\Pw_A\system\CodeIgniter.php(918): App\Controllers\cartoon->detail('buat')
#5 C:\xampp\htdocs\Pw_A\system\CodeIgniter.php(404): CodeIgniter\CodeIgniter->runController(Object(App\Controllers\cartoon))
#6 C:\xampp\htdocs\Pw_A\system\CodeIgniter.php(312): CodeIgniter\CodeIgniter->handleRequest(NULL, Object(Config\Cache), false)
#7 C:\xampp\htdocs\Pw_A\public\index.php(45): CodeIgniter\CodeIgniter->run()
#8 C:\xampp\htdocs\Pw_A\system\Commands\Server\rewrite.php(34): require_once('C:\\xampp\\htdocs...')
#9 {main}
CRITICAL - 2020-12-14 05:50:04 --> Trying to access array offset on value of type null
#0 C:\xampp\htdocs\Pw_A\app\Views\cartoon\detail.php(12): CodeIgniter\Debug\Exceptions->errorHandler(8, 'Trying to acces...', 'C:\\xampp\\htdocs...', 12, Array)
#1 C:\xampp\htdocs\Pw_A\system\View\View.php(246): include('C:\\xampp\\htdocs...')
#2 C:\xampp\htdocs\Pw_A\system\Common.php(1119): CodeIgniter\View\View->render('cartoon/detail', Array, true)
#3 C:\xampp\htdocs\Pw_A\app\Controllers\cartoon.php(35): view('cartoon/detail', Array)
#4 C:\xampp\htdocs\Pw_A\system\CodeIgniter.php(918): App\Controllers\cartoon->detail('buat')
#5 C:\xampp\htdocs\Pw_A\system\CodeIgniter.php(404): CodeIgniter\CodeIgniter->runController(Object(App\Controllers\cartoon))
#6 C:\xampp\htdocs\Pw_A\system\CodeIgniter.php(312): CodeIgniter\CodeIgniter->handleRequest(NULL, Object(Config\Cache), false)
#7 C:\xampp\htdocs\Pw_A\public\index.php(45): CodeIgniter\CodeIgniter->run()
#8 C:\xampp\htdocs\Pw_A\system\Commands\Server\rewrite.php(34): require_once('C:\\xampp\\htdocs...')
#9 {main}
CRITICAL - 2020-12-14 06:42:20 --> Trying to access array offset on value of type null
#0 C:\xampp\htdocs\Pw_A\app\Views\cartoon\detail.php(12): CodeIgniter\Debug\Exceptions->errorHandler(8, 'Trying to acces...', 'C:\\xampp\\htdocs...', 12, Array)
#1 C:\xampp\htdocs\Pw_A\system\View\View.php(246): include('C:\\xampp\\htdocs...')
#2 C:\xampp\htdocs\Pw_A\system\Common.php(1119): CodeIgniter\View\View->render('cartoon/detail', Array, true)
#3 C:\xampp\htdocs\Pw_A\app\Controllers\cartoon.php(39): view('cartoon/detail', Array)
#4 C:\xampp\htdocs\Pw_A\system\CodeIgniter.php(918): App\Controllers\cartoon->detail('create')
#5 C:\xampp\htdocs\Pw_A\system\CodeIgniter.php(404): CodeIgniter\CodeIgniter->runController(Object(App\Controllers\cartoon))
#6 C:\xampp\htdocs\Pw_A\system\CodeIgniter.php(312): CodeIgniter\CodeIgniter->handleRequest(NULL, Object(Config\Cache), false)
#7 C:\xampp\htdocs\Pw_A\public\index.php(45): CodeIgniter\CodeIgniter->run()
#8 C:\xampp\htdocs\Pw_A\system\Commands\Server\rewrite.php(34): require_once('C:\\xampp\\htdocs...')
#9 {main}
CRITICAL - 2020-12-14 07:12:43 --> Trying to access array offset on value of type null
#0 C:\xampp\htdocs\Pw_A\app\Views\cartoon\detail.php(12): CodeIgniter\Debug\Exceptions->errorHandler(8, 'Trying to acces...', 'C:\\xampp\\htdocs...', 12, Array)
#1 C:\xampp\htdocs\Pw_A\system\View\View.php(246): include('C:\\xampp\\htdocs...')
#2 C:\xampp\htdocs\Pw_A\system\Common.php(1119): CodeIgniter\View\View->render('cartoon/detail', Array, true)
#3 C:\xampp\htdocs\Pw_A\app\Controllers\cartoon.php(39): view('cartoon/detail', Array)
#4 C:\xampp\htdocs\Pw_A\system\CodeIgniter.php(918): App\Controllers\cartoon->detail('create')
#5 C:\xampp\htdocs\Pw_A\system\CodeIgniter.php(404): CodeIgniter\CodeIgniter->runController(Object(App\Controllers\cartoon))
#6 C:\xampp\htdocs\Pw_A\system\CodeIgniter.php(312): CodeIgniter\CodeIgniter->handleRequest(NULL, Object(Config\Cache), false)
#7 C:\xampp\htdocs\Pw_A\public\index.php(45): CodeIgniter\CodeIgniter->run()
#8 C:\xampp\htdocs\Pw_A\system\Commands\Server\rewrite.php(34): require_once('C:\\xampp\\htdocs...')
#9 {main}
CRITICAL - 2020-12-14 07:12:57 --> Trying to access array offset on value of type null
#0 C:\xampp\htdocs\Pw_A\app\Views\cartoon\detail.php(12): CodeIgniter\Debug\Exceptions->errorHandler(8, 'Trying to acces...', 'C:\\xampp\\htdocs...', 12, Array)
#1 C:\xampp\htdocs\Pw_A\system\View\View.php(246): include('C:\\xampp\\htdocs...')
#2 C:\xampp\htdocs\Pw_A\system\Common.php(1119): CodeIgniter\View\View->render('cartoon/detail', Array, true)
#3 C:\xampp\htdocs\Pw_A\app\Controllers\cartoon.php(39): view('cartoon/detail', Array)
#4 C:\xampp\htdocs\Pw_A\system\CodeIgniter.php(918): App\Controllers\cartoon->detail('create')
#5 C:\xampp\htdocs\Pw_A\system\CodeIgniter.php(404): CodeIgniter\CodeIgniter->runController(Object(App\Controllers\cartoon))
#6 C:\xampp\htdocs\Pw_A\system\CodeIgniter.php(312): CodeIgniter\CodeIgniter->handleRequest(NULL, Object(Config\Cache), false)
#7 C:\xampp\htdocs\Pw_A\public\index.php(45): CodeIgniter\CodeIgniter->run()
#8 C:\xampp\htdocs\Pw_A\system\Commands\Server\rewrite.php(34): require_once('C:\\xampp\\htdocs...')
#9 {main}
CRITICAL - 2020-12-14 07:14:37 --> Trying to access array offset on value of type null
#0 C:\xampp\htdocs\Pw_A\app\Views\cartoon\detail.php(12): CodeIgniter\Debug\Exceptions->errorHandler(8, 'Trying to acces...', 'C:\\xampp\\htdocs...', 12, Array)
#1 C:\xampp\htdocs\Pw_A\system\View\View.php(246): include('C:\\xampp\\htdocs...')
#2 C:\xampp\htdocs\Pw_A\system\Common.php(1119): CodeIgniter\View\View->render('cartoon/detail', Array, true)
#3 C:\xampp\htdocs\Pw_A\app\Controllers\cartoon.php(38): view('cartoon/detail', Array)
#4 C:\xampp\htdocs\Pw_A\system\CodeIgniter.php(918): App\Controllers\cartoon->detail('create')
#5 C:\xampp\htdocs\Pw_A\system\CodeIgniter.php(404): CodeIgniter\CodeIgniter->runController(Object(App\Controllers\cartoon))
#6 C:\xampp\htdocs\Pw_A\system\CodeIgniter.php(312): CodeIgniter\CodeIgniter->handleRequest(NULL, Object(Config\Cache), false)
#7 C:\xampp\htdocs\Pw_A\public\index.php(45): CodeIgniter\CodeIgniter->run()
#8 C:\xampp\htdocs\Pw_A\system\Commands\Server\rewrite.php(34): require_once('C:\\xampp\\htdocs...')
#9 {main}
CRITICAL - 2020-12-14 07:22:37 --> Trying to access array offset on value of type null
#0 C:\xampp\htdocs\Pw_A\app\Views\cartoon\detail.php(11): CodeIgniter\Debug\Exceptions->errorHandler(8, 'Trying to acces...', 'C:\\xampp\\htdocs...', 11, Array)
#1 C:\xampp\htdocs\Pw_A\system\View\View.php(246): include('C:\\xampp\\htdocs...')
#2 C:\xampp\htdocs\Pw_A\system\Common.php(1119): CodeIgniter\View\View->render('cartoon/detail', Array, true)
#3 C:\xampp\htdocs\Pw_A\app\Controllers\cartoon.php(38): view('cartoon/detail', Array)
#4 C:\xampp\htdocs\Pw_A\system\CodeIgniter.php(918): App\Controllers\cartoon->detail('create')
#5 C:\xampp\htdocs\Pw_A\system\CodeIgniter.php(404): CodeIgniter\CodeIgniter->runController(Object(App\Controllers\cartoon))
#6 C:\xampp\htdocs\Pw_A\system\CodeIgniter.php(312): CodeIgniter\CodeIgniter->handleRequest(NULL, Object(Config\Cache), false)
#7 C:\xampp\htdocs\Pw_A\public\index.php(45): CodeIgniter\CodeIgniter->run()
#8 C:\xampp\htdocs\Pw_A\system\Commands\Server\rewrite.php(34): require_once('C:\\xampp\\htdocs...')
#9 {main}
CRITICAL - 2020-12-14 07:23:04 --> Trying to access array offset on value of type null
#0 C:\xampp\htdocs\Pw_A\app\Views\cartoon\detail.php(11): CodeIgniter\Debug\Exceptions->errorHandler(8, 'Trying to acces...', 'C:\\xampp\\htdocs...', 11, Array)
#1 C:\xampp\htdocs\Pw_A\system\View\View.php(246): include('C:\\xampp\\htdocs...')
#2 C:\xampp\htdocs\Pw_A\system\Common.php(1119): CodeIgniter\View\View->render('cartoon/detail', Array, true)
#3 C:\xampp\htdocs\Pw_A\app\Controllers\cartoon.php(38): view('cartoon/detail', Array)
#4 C:\xampp\htdocs\Pw_A\system\CodeIgniter.php(918): App\Controllers\cartoon->detail('create')
#5 C:\xampp\htdocs\Pw_A\system\CodeIgniter.php(404): CodeIgniter\CodeIgniter->runController(Object(App\Controllers\cartoon))
#6 C:\xampp\htdocs\Pw_A\system\CodeIgniter.php(312): CodeIgniter\CodeIgniter->handleRequest(NULL, Object(Config\Cache), false)
#7 C:\xampp\htdocs\Pw_A\public\index.php(45): CodeIgniter\CodeIgniter->run()
#8 C:\xampp\htdocs\Pw_A\system\Commands\Server\rewrite.php(34): require_once('C:\\xampp\\htdocs...')
#9 {main}
CRITICAL - 2020-12-14 07:23:05 --> Trying to access array offset on value of type null
#0 C:\xampp\htdocs\Pw_A\app\Views\cartoon\detail.php(11): CodeIgniter\Debug\Exceptions->errorHandler(8, 'Trying to acces...', 'C:\\xampp\\htdocs...', 11, Array)
#1 C:\xampp\htdocs\Pw_A\system\View\View.php(246): include('C:\\xampp\\htdocs...')
#2 C:\xampp\htdocs\Pw_A\system\Common.php(1119): CodeIgniter\View\View->render('cartoon/detail', Array, true)
#3 C:\xampp\htdocs\Pw_A\app\Controllers\cartoon.php(38): view('cartoon/detail', Array)
#4 C:\xampp\htdocs\Pw_A\system\CodeIgniter.php(918): App\Controllers\cartoon->detail('create')
#5 C:\xampp\htdocs\Pw_A\system\CodeIgniter.php(404): CodeIgniter\CodeIgniter->runController(Object(App\Controllers\cartoon))
#6 C:\xampp\htdocs\Pw_A\system\CodeIgniter.php(312): CodeIgniter\CodeIgniter->handleRequest(NULL, Object(Config\Cache), false)
#7 C:\xampp\htdocs\Pw_A\public\index.php(45): CodeIgniter\CodeIgniter->run()
#8 C:\xampp\htdocs\Pw_A\system\Commands\Server\rewrite.php(34): require_once('C:\\xampp\\htdocs...')
#9 {main}
CRITICAL - 2020-12-14 07:23:06 --> Trying to access array offset on value of type null
#0 C:\xampp\htdocs\Pw_A\app\Views\cartoon\detail.php(11): CodeIgniter\Debug\Exceptions->errorHandler(8, 'Trying to acces...', 'C:\\xampp\\htdocs...', 11, Array)
#1 C:\xampp\htdocs\Pw_A\system\View\View.php(246): include('C:\\xampp\\htdocs...')
#2 C:\xampp\htdocs\Pw_A\system\Common.php(1119): CodeIgniter\View\View->render('cartoon/detail', Array, true)
#3 C:\xampp\htdocs\Pw_A\app\Controllers\cartoon.php(38): view('cartoon/detail', Array)
#4 C:\xampp\htdocs\Pw_A\system\CodeIgniter.php(918): App\Controllers\cartoon->detail('create')
#5 C:\xampp\htdocs\Pw_A\system\CodeIgniter.php(404): CodeIgniter\CodeIgniter->runController(Object(App\Controllers\cartoon))
#6 C:\xampp\htdocs\Pw_A\system\CodeIgniter.php(312): CodeIgniter\CodeIgniter->handleRequest(NULL, Object(Config\Cache), false)
#7 C:\xampp\htdocs\Pw_A\public\index.php(45): CodeIgniter\CodeIgniter->run()
#8 C:\xampp\htdocs\Pw_A\system\Commands\Server\rewrite.php(34): require_once('C:\\xampp\\htdocs...')
#9 {main}
CRITICAL - 2020-12-14 07:33:51 --> Trying to access array offset on value of type null
#0 C:\xampp\htdocs\Pw_A\app\Views\cartoon\detail.php(11): CodeIgniter\Debug\Exceptions->errorHandler(8, 'Trying to acces...', 'C:\\xampp\\htdocs...', 11, Array)
#1 C:\xampp\htdocs\Pw_A\system\View\View.php(246): include('C:\\xampp\\htdocs...')
#2 C:\xampp\htdocs\Pw_A\system\Common.php(1119): CodeIgniter\View\View->render('cartoon/detail', Array, true)
#3 C:\xampp\htdocs\Pw_A\app\Controllers\cartoon.php(38): view('cartoon/detail', Array)
#4 C:\xampp\htdocs\Pw_A\system\CodeIgniter.php(918): App\Controllers\cartoon->detail('create')
#5 C:\xampp\htdocs\Pw_A\system\CodeIgniter.php(404): CodeIgniter\CodeIgniter->runController(Object(App\Controllers\cartoon))
#6 C:\xampp\htdocs\Pw_A\system\CodeIgniter.php(312): CodeIgniter\CodeIgniter->handleRequest(NULL, Object(Config\Cache), false)
#7 C:\xampp\htdocs\Pw_A\public\index.php(45): CodeIgniter\CodeIgniter->run()
#8 C:\xampp\htdocs\Pw_A\system\Commands\Server\rewrite.php(34): require_once('C:\\xampp\\htdocs...')
#9 {main}
CRITICAL - 2020-12-14 07:33:52 --> Trying to access array offset on value of type null
#0 C:\xampp\htdocs\Pw_A\app\Views\cartoon\detail.php(11): CodeIgniter\Debug\Exceptions->errorHandler(8, 'Trying to acces...', 'C:\\xampp\\htdocs...', 11, Array)
#1 C:\xampp\htdocs\Pw_A\system\View\View.php(246): include('C:\\xampp\\htdocs...')
#2 C:\xampp\htdocs\Pw_A\system\Common.php(1119): CodeIgniter\View\View->render('cartoon/detail', Array, true)
#3 C:\xampp\htdocs\Pw_A\app\Controllers\cartoon.php(38): view('cartoon/detail', Array)
#4 C:\xampp\htdocs\Pw_A\system\CodeIgniter.php(918): App\Controllers\cartoon->detail('create')
#5 C:\xampp\htdocs\Pw_A\system\CodeIgniter.php(404): CodeIgniter\CodeIgniter->runController(Object(App\Controllers\cartoon))
#6 C:\xampp\htdocs\Pw_A\system\CodeIgniter.php(312): CodeIgniter\CodeIgniter->handleRequest(NULL, Object(Config\Cache), false)
#7 C:\xampp\htdocs\Pw_A\public\index.php(45): CodeIgniter\CodeIgniter->run()
#8 C:\xampp\htdocs\Pw_A\system\Commands\Server\rewrite.php(34): require_once('C:\\xampp\\htdocs...')
#9 {main}
CRITICAL - 2020-12-14 07:33:52 --> Trying to access array offset on value of type null
#0 C:\xampp\htdocs\Pw_A\app\Views\cartoon\detail.php(11): CodeIgniter\Debug\Exceptions->errorHandler(8, 'Trying to acces...', 'C:\\xampp\\htdocs...', 11, Array)
#1 C:\xampp\htdocs\Pw_A\system\View\View.php(246): include('C:\\xampp\\htdocs...')
#2 C:\xampp\htdocs\Pw_A\system\Common.php(1119): CodeIgniter\View\View->render('cartoon/detail', Array, true)
#3 C:\xampp\htdocs\Pw_A\app\Controllers\cartoon.php(38): view('cartoon/detail', Array)
#4 C:\xampp\htdocs\Pw_A\system\CodeIgniter.php(918): App\Controllers\cartoon->detail('create')
#5 C:\xampp\htdocs\Pw_A\system\CodeIgniter.php(404): CodeIgniter\CodeIgniter->runController(Object(App\Controllers\cartoon))
#6 C:\xampp\htdocs\Pw_A\system\CodeIgniter.php(312): CodeIgniter\CodeIgniter->handleRequest(NULL, Object(Config\Cache), false)
#7 C:\xampp\htdocs\Pw_A\public\index.php(45): CodeIgniter\CodeIgniter->run()
#8 C:\xampp\htdocs\Pw_A\system\Commands\Server\rewrite.php(34): require_once('C:\\xampp\\htdocs...')
#9 {main}
CRITICAL - 2020-12-14 07:33:52 --> Trying to access array offset on value of type null
#0 C:\xampp\htdocs\Pw_A\app\Views\cartoon\detail.php(11): CodeIgniter\Debug\Exceptions->errorHandler(8, 'Trying to acces...', 'C:\\xampp\\htdocs...', 11, Array)
#1 C:\xampp\htdocs\Pw_A\system\View\View.php(246): include('C:\\xampp\\htdocs...')
#2 C:\xampp\htdocs\Pw_A\system\Common.php(1119): CodeIgniter\View\View->render('cartoon/detail', Array, true)
#3 C:\xampp\htdocs\Pw_A\app\Controllers\cartoon.php(38): view('cartoon/detail', Array)
#4 C:\xampp\htdocs\Pw_A\system\CodeIgniter.php(918): App\Controllers\cartoon->detail('create')
#5 C:\xampp\htdocs\Pw_A\system\CodeIgniter.php(404): CodeIgniter\CodeIgniter->runController(Object(App\Controllers\cartoon))
#6 C:\xampp\htdocs\Pw_A\system\CodeIgniter.php(312): CodeIgniter\CodeIgniter->handleRequest(NULL, Object(Config\Cache), false)
#7 C:\xampp\htdocs\Pw_A\public\index.php(45): CodeIgniter\CodeIgniter->run()
#8 C:\xampp\htdocs\Pw_A\system\Commands\Server\rewrite.php(34): require_once('C:\\xampp\\htdocs...')
#9 {main}
CRITICAL - 2020-12-14 07:33:53 --> Trying to access array offset on value of type null
#0 C:\xampp\htdocs\Pw_A\app\Views\cartoon\detail.php(11): CodeIgniter\Debug\Exceptions->errorHandler(8, 'Trying to acces...', 'C:\\xampp\\htdocs...', 11, Array)
#1 C:\xampp\htdocs\Pw_A\system\View\View.php(246): include('C:\\xampp\\htdocs...')
#2 C:\xampp\htdocs\Pw_A\system\Common.php(1119): CodeIgniter\View\View->render('cartoon/detail', Array, true)
#3 C:\xampp\htdocs\Pw_A\app\Controllers\cartoon.php(38): view('cartoon/detail', Array)
#4 C:\xampp\htdocs\Pw_A\system\CodeIgniter.php(918): App\Controllers\cartoon->detail('create')
#5 C:\xampp\htdocs\Pw_A\system\CodeIgniter.php(404): CodeIgniter\CodeIgniter->runController(Object(App\Controllers\cartoon))
#6 C:\xampp\htdocs\Pw_A\system\CodeIgniter.php(312): CodeIgniter\CodeIgniter->handleRequest(NULL, Object(Config\Cache), false)
#7 C:\xampp\htdocs\Pw_A\public\index.php(45): CodeIgniter\CodeIgniter->run()
#8 C:\xampp\htdocs\Pw_A\system\Commands\Server\rewrite.php(34): require_once('C:\\xampp\\htdocs...')
#9 {main}
CRITICAL - 2020-12-14 07:33:59 --> Trying to access array offset on value of type null
#0 C:\xampp\htdocs\Pw_A\app\Views\cartoon\detail.php(11): CodeIgniter\Debug\Exceptions->errorHandler(8, 'Trying to acces...', 'C:\\xampp\\htdocs...', 11, Array)
#1 C:\xampp\htdocs\Pw_A\system\View\View.php(246): include('C:\\xampp\\htdocs...')
#2 C:\xampp\htdocs\Pw_A\system\Common.php(1119): CodeIgniter\View\View->render('cartoon/detail', Array, true)
#3 C:\xampp\htdocs\Pw_A\app\Controllers\cartoon.php(38): view('cartoon/detail', Array)
#4 C:\xampp\htdocs\Pw_A\system\CodeIgniter.php(918): App\Controllers\cartoon->detail('create')
#5 C:\xampp\htdocs\Pw_A\system\CodeIgniter.php(404): CodeIgniter\CodeIgniter->runController(Object(App\Controllers\cartoon))
#6 C:\xampp\htdocs\Pw_A\system\CodeIgniter.php(312): CodeIgniter\CodeIgniter->handleRequest(NULL, Object(Config\Cache), false)
#7 C:\xampp\htdocs\Pw_A\public\index.php(45): CodeIgniter\CodeIgniter->run()
#8 C:\xampp\htdocs\Pw_A\system\Commands\Server\rewrite.php(34): require_once('C:\\xampp\\htdocs...')
#9 {main}
CRITICAL - 2020-12-14 07:43:53 --> Trying to access array offset on value of type null
#0 C:\xampp\htdocs\Pw_A\app\Views\cartoon\detail.php(11): CodeIgniter\Debug\Exceptions->errorHandler(8, 'Trying to acces...', 'C:\\xampp\\htdocs...', 11, Array)
#1 C:\xampp\htdocs\Pw_A\system\View\View.php(246): include('C:\\xampp\\htdocs...')
#2 C:\xampp\htdocs\Pw_A\system\Common.php(1119): CodeIgniter\View\View->render('cartoon/detail', Array, true)
#3 C:\xampp\htdocs\Pw_A\app\Controllers\cartoon.php(38): view('cartoon/detail', Array)
#4 C:\xampp\htdocs\Pw_A\system\CodeIgniter.php(918): App\Controllers\cartoon->detail('create')
#5 C:\xampp\htdocs\Pw_A\system\CodeIgniter.php(404): CodeIgniter\CodeIgniter->runController(Object(App\Controllers\cartoon))
#6 C:\xampp\htdocs\Pw_A\system\CodeIgniter.php(312): CodeIgniter\CodeIgniter->handleRequest(NULL, Object(Config\Cache), false)
#7 C:\xampp\htdocs\Pw_A\public\index.php(45): CodeIgniter\CodeIgniter->run()
#8 C:\xampp\htdocs\Pw_A\system\Commands\Server\rewrite.php(34): require_once('C:\\xampp\\htdocs...')
#9 {main}
CRITICAL - 2020-12-14 07:54:02 --> Trying to access array offset on value of type null
#0 C:\xampp\htdocs\Pw_A\app\Views\cartoon\detail.php(11): CodeIgniter\Debug\Exceptions->errorHandler(8, 'Trying to acces...', 'C:\\xampp\\htdocs...', 11, Array)
#1 C:\xampp\htdocs\Pw_A\system\View\View.php(246): include('C:\\xampp\\htdocs...')
#2 C:\xampp\htdocs\Pw_A\system\Common.php(1119): CodeIgniter\View\View->render('cartoon/detail', Array, true)
#3 C:\xampp\htdocs\Pw_A\app\Controllers\cartoon.php(38): view('cartoon/detail', Array)
#4 C:\xampp\htdocs\Pw_A\system\CodeIgniter.php(918): App\Controllers\cartoon->detail('create')
#5 C:\xampp\htdocs\Pw_A\system\CodeIgniter.php(404): CodeIgniter\CodeIgniter->runController(Object(App\Controllers\cartoon))
#6 C:\xampp\htdocs\Pw_A\system\CodeIgniter.php(312): CodeIgniter\CodeIgniter->handleRequest(NULL, Object(Config\Cache), false)
#7 C:\xampp\htdocs\Pw_A\public\index.php(45): CodeIgniter\CodeIgniter->run()
#8 C:\xampp\htdocs\Pw_A\system\Commands\Server\rewrite.php(34): require_once('C:\\xampp\\htdocs...')
#9 {main}
CRITICAL - 2020-12-14 08:54:41 --> Argument 1 passed to url_title() must be of the type string, null given, called in C:\xampp\htdocs\Pw_A\app\Controllers\cartoon.php on line 54
#0 C:\xampp\htdocs\Pw_A\app\Controllers\cartoon.php(54): url_title(NULL, '-', true)
#1 C:\xampp\htdocs\Pw_A\system\CodeIgniter.php(918): App\Controllers\cartoon->save()
#2 C:\xampp\htdocs\Pw_A\system\CodeIgniter.php(404): CodeIgniter\CodeIgniter->runController(Object(App\Controllers\cartoon))
#3 C:\xampp\htdocs\Pw_A\system\CodeIgniter.php(312): CodeIgniter\CodeIgniter->handleRequest(NULL, Object(Config\Cache), false)
#4 C:\xampp\htdocs\Pw_A\public\index.php(45): CodeIgniter\CodeIgniter->run()
#5 C:\xampp\htdocs\Pw_A\system\Commands\Server\rewrite.php(34): require_once('C:\\xampp\\htdocs...')
#6 {main}
CRITICAL - 2020-12-14 08:54:48 --> Argument 1 passed to url_title() must be of the type string, null given, called in C:\xampp\htdocs\Pw_A\app\Controllers\cartoon.php on line 54
#0 C:\xampp\htdocs\Pw_A\app\Controllers\cartoon.php(54): url_title(NULL, '-', true)
#1 C:\xampp\htdocs\Pw_A\system\CodeIgniter.php(918): App\Controllers\cartoon->save()
#2 C:\xampp\htdocs\Pw_A\system\CodeIgniter.php(404): CodeIgniter\CodeIgniter->runController(Object(App\Controllers\cartoon))
#3 C:\xampp\htdocs\Pw_A\system\CodeIgniter.php(312): CodeIgniter\CodeIgniter->handleRequest(NULL, Object(Config\Cache), false)
#4 C:\xampp\htdocs\Pw_A\public\index.php(45): CodeIgniter\CodeIgniter->run()
#5 C:\xampp\htdocs\Pw_A\system\Commands\Server\rewrite.php(34): require_once('C:\\xampp\\htdocs...')
#6 {main}
CRITICAL - 2020-12-14 08:54:50 --> Argument 1 passed to url_title() must be of the type string, null given, called in C:\xampp\htdocs\Pw_A\app\Controllers\cartoon.php on line 54
#0 C:\xampp\htdocs\Pw_A\app\Controllers\cartoon.php(54): url_title(NULL, '-', true)
#1 C:\xampp\htdocs\Pw_A\system\CodeIgniter.php(918): App\Controllers\cartoon->save()
#2 C:\xampp\htdocs\Pw_A\system\CodeIgniter.php(404): CodeIgniter\CodeIgniter->runController(Object(App\Controllers\cartoon))
#3 C:\xampp\htdocs\Pw_A\system\CodeIgniter.php(312): CodeIgniter\CodeIgniter->handleRequest(NULL, Object(Config\Cache), false)
#4 C:\xampp\htdocs\Pw_A\public\index.php(45): CodeIgniter\CodeIgniter->run()
#5 C:\xampp\htdocs\Pw_A\system\Commands\Server\rewrite.php(34): require_once('C:\\xampp\\htdocs...')
#6 {main}
CRITICAL - 2020-12-14 08:56:02 --> Allowed fields must be specified for model: App\Models\CartoonModel
#0 C:\xampp\htdocs\Pw_A\system\Model.php(1265): CodeIgniter\Database\Exceptions\DataException::forInvalidAllowedFields('App\\Models\\Cart...')
#1 C:\xampp\htdocs\Pw_A\system\Model.php(735): CodeIgniter\Model->doProtectFields(Array)
#2 C:\xampp\htdocs\Pw_A\system\Model.php(574): CodeIgniter\Model->insert(Array, false)
#3 C:\xampp\htdocs\Pw_A\app\Controllers\cartoon.php(60): CodeIgniter\Model->save(Array)
#4 C:\xampp\htdocs\Pw_A\system\CodeIgniter.php(918): App\Controllers\cartoon->save()
#5 C:\xampp\htdocs\Pw_A\system\CodeIgniter.php(404): CodeIgniter\CodeIgniter->runController(Object(App\Controllers\cartoon))
#6 C:\xampp\htdocs\Pw_A\system\CodeIgniter.php(312): CodeIgniter\CodeIgniter->handleRequest(NULL, Object(Config\Cache), false)
#7 C:\xampp\htdocs\Pw_A\public\index.php(45): CodeIgniter\CodeIgniter->run()
#8 C:\xampp\htdocs\Pw_A\system\Commands\Server\rewrite.php(34): require_once('C:\\xampp\\htdocs...')
#9 {main}
CRITICAL - 2020-12-14 09:13:19 --> Undefined variable: session
#0 C:\xampp\htdocs\Pw_A\app\Views\cartoon\index.php(11): CodeIgniter\Debug\Exceptions->errorHandler(8, 'Undefined varia...', 'C:\\xampp\\htdocs...', 11, Array)
#1 C:\xampp\htdocs\Pw_A\system\View\View.php(246): include('C:\\xampp\\htdocs...')
#2 C:\xampp\htdocs\Pw_A\system\Common.php(1119): CodeIgniter\View\View->render('cartoon/index', Array, true)
#3 C:\xampp\htdocs\Pw_A\app\Controllers\cartoon.php(25): view('cartoon/index', Array)
#4 C:\xampp\htdocs\Pw_A\system\CodeIgniter.php(918): App\Controllers\cartoon->index()
#5 C:\xampp\htdocs\Pw_A\system\CodeIgniter.php(404): CodeIgniter\CodeIgniter->runController(Object(App\Controllers\cartoon))
#6 C:\xampp\htdocs\Pw_A\system\CodeIgniter.php(312): CodeIgniter\CodeIgniter->handleRequest(NULL, Object(Config\Cache), false)
#7 C:\xampp\htdocs\Pw_A\public\index.php(45): CodeIgniter\CodeIgniter->run()
#8 C:\xampp\htdocs\Pw_A\system\Commands\Server\rewrite.php(34): require_once('C:\\xampp\\htdocs...')
#9 {main}
