CRITICAL - 2020-12-06 07:59:25 --> Undefined property: App\Controllers\Coba::$nama
#0 C:\xampp\htdocs\Pw_A\app\Controllers\Coba.php(9): CodeIgniter\Debug\Exceptions->errorHandler(8, 'Undefined prope...', 'C:\\xampp\\htdocs...', 9, Array)
#1 C:\xampp\htdocs\Pw_A\system\CodeIgniter.php(918): App\Controllers\Coba->index()
#2 C:\xampp\htdocs\Pw_A\system\CodeIgniter.php(404): CodeIgniter\CodeIgniter->runController(Object(App\Controllers\Coba))
#3 C:\xampp\htdocs\Pw_A\system\CodeIgniter.php(312): CodeIgniter\CodeIgniter->handleRequest(NULL, Object(Config\Cache), false)
#4 C:\xampp\htdocs\Pw_A\public\index.php(45): CodeIgniter\CodeIgniter->run()
#5 C:\xampp\htdocs\Pw_A\system\Commands\Server\rewrite.php(34): require_once('C:\\xampp\\htdocs...')
#6 {main}
CRITICAL - 2020-12-06 07:59:52 --> Undefined property: App\Controllers\Coba::$nama
#0 C:\xampp\htdocs\Pw_A\app\Controllers\Coba.php(9): CodeIgniter\Debug\Exceptions->errorHandler(8, 'Undefined prope...', 'C:\\xampp\\htdocs...', 9, Array)
#1 C:\xampp\htdocs\Pw_A\system\CodeIgniter.php(918): App\Controllers\Coba->index()
#2 C:\xampp\htdocs\Pw_A\system\CodeIgniter.php(404): CodeIgniter\CodeIgniter->runController(Object(App\Controllers\Coba))
#3 C:\xampp\htdocs\Pw_A\system\CodeIgniter.php(312): CodeIgniter\CodeIgniter->handleRequest(NULL, Object(Config\Cache), false)
#4 C:\xampp\htdocs\Pw_A\public\index.php(45): CodeIgniter\CodeIgniter->run()
#5 C:\xampp\htdocs\Pw_A\system\Commands\Server\rewrite.php(34): require_once('C:\\xampp\\htdocs...')
#6 {main}
CRITICAL - 2020-12-06 08:00:00 --> Undefined property: App\Controllers\Coba::$nama
#0 C:\xampp\htdocs\Pw_A\app\Controllers\Coba.php(9): CodeIgniter\Debug\Exceptions->errorHandler(8, 'Undefined prope...', 'C:\\xampp\\htdocs...', 9, Array)
#1 C:\xampp\htdocs\Pw_A\system\CodeIgniter.php(918): App\Controllers\Coba->index()
#2 C:\xampp\htdocs\Pw_A\system\CodeIgniter.php(404): CodeIgniter\CodeIgniter->runController(Object(App\Controllers\Coba))
#3 C:\xampp\htdocs\Pw_A\system\CodeIgniter.php(312): CodeIgniter\CodeIgniter->handleRequest(NULL, Object(Config\Cache), false)
#4 C:\xampp\htdocs\Pw_A\public\index.php(45): CodeIgniter\CodeIgniter->run()
#5 C:\xampp\htdocs\Pw_A\system\Commands\Server\rewrite.php(34): require_once('C:\\xampp\\htdocs...')
#6 {main}
CRITICAL - 2020-12-06 08:52:45 --> Invalid file: layout/header.php
#0 C:\xampp\htdocs\Pw_A\system\View\View.php(228): CodeIgniter\Exceptions\FrameworkException::forInvalidFile('layout/header.p...')
#1 C:\xampp\htdocs\Pw_A\system\Common.php(1119): CodeIgniter\View\View->render('layout/header', Array, true)
#2 C:\xampp\htdocs\Pw_A\app\Controllers\Pages.php(15): view('layout/header')
#3 C:\xampp\htdocs\Pw_A\system\CodeIgniter.php(918): App\Controllers\Pages->about()
#4 C:\xampp\htdocs\Pw_A\system\CodeIgniter.php(404): CodeIgniter\CodeIgniter->runController(Object(App\Controllers\Pages))
#5 C:\xampp\htdocs\Pw_A\system\CodeIgniter.php(312): CodeIgniter\CodeIgniter->handleRequest(NULL, Object(Config\Cache), false)
#6 C:\xampp\htdocs\Pw_A\public\index.php(45): CodeIgniter\CodeIgniter->run()
#7 C:\xampp\htdocs\Pw_A\system\Commands\Server\rewrite.php(34): require_once('C:\\xampp\\htdocs...')
#8 {main}
CRITICAL - 2020-12-06 08:54:38 --> Invalid file: layout/header.php
#0 C:\xampp\htdocs\Pw_A\system\View\View.php(228): CodeIgniter\Exceptions\FrameworkException::forInvalidFile('layout/header.p...')
#1 C:\xampp\htdocs\Pw_A\system\Common.php(1119): CodeIgniter\View\View->render('layout/header', Array, true)
#2 C:\xampp\htdocs\Pw_A\app\Controllers\Pages.php(9): view('layout/header')
#3 C:\xampp\htdocs\Pw_A\system\CodeIgniter.php(918): App\Controllers\Pages->index()
#4 C:\xampp\htdocs\Pw_A\system\CodeIgniter.php(404): CodeIgniter\CodeIgniter->runController(Object(App\Controllers\Pages))
#5 C:\xampp\htdocs\Pw_A\system\CodeIgniter.php(312): CodeIgniter\CodeIgniter->handleRequest(NULL, Object(Config\Cache), false)
#6 C:\xampp\htdocs\Pw_A\public\index.php(45): CodeIgniter\CodeIgniter->run()
#7 C:\xampp\htdocs\Pw_A\system\Commands\Server\rewrite.php(34): require_once('C:\\xampp\\htdocs...')
#8 {main}
CRITICAL - 2020-12-06 08:57:28 --> Invalid file: layout/header.php
#0 C:\xampp\htdocs\Pw_A\system\View\View.php(228): CodeIgniter\Exceptions\FrameworkException::forInvalidFile('layout/header.p...')
#1 C:\xampp\htdocs\Pw_A\system\Common.php(1119): CodeIgniter\View\View->render('layout/header', Array, true)
#2 C:\xampp\htdocs\Pw_A\app\Controllers\Pages.php(9): view('layout/header')
#3 C:\xampp\htdocs\Pw_A\system\CodeIgniter.php(918): App\Controllers\Pages->index()
#4 C:\xampp\htdocs\Pw_A\system\CodeIgniter.php(404): CodeIgniter\CodeIgniter->runController(Object(App\Controllers\Pages))
#5 C:\xampp\htdocs\Pw_A\system\CodeIgniter.php(312): CodeIgniter\CodeIgniter->handleRequest(NULL, Object(Config\Cache), false)
#6 C:\xampp\htdocs\Pw_A\public\index.php(45): CodeIgniter\CodeIgniter->run()
#7 C:\xampp\htdocs\Pw_A\system\Commands\Server\rewrite.php(34): require_once('C:\\xampp\\htdocs...')
#8 {main}
CRITICAL - 2020-12-06 08:57:29 --> Invalid file: layout/header.php
#0 C:\xampp\htdocs\Pw_A\system\View\View.php(228): CodeIgniter\Exceptions\FrameworkException::forInvalidFile('layout/header.p...')
#1 C:\xampp\htdocs\Pw_A\system\Common.php(1119): CodeIgniter\View\View->render('layout/header', Array, true)
#2 C:\xampp\htdocs\Pw_A\app\Controllers\Pages.php(9): view('layout/header')
#3 C:\xampp\htdocs\Pw_A\system\CodeIgniter.php(918): App\Controllers\Pages->index()
#4 C:\xampp\htdocs\Pw_A\system\CodeIgniter.php(404): CodeIgniter\CodeIgniter->runController(Object(App\Controllers\Pages))
#5 C:\xampp\htdocs\Pw_A\system\CodeIgniter.php(312): CodeIgniter\CodeIgniter->handleRequest(NULL, Object(Config\Cache), false)
#6 C:\xampp\htdocs\Pw_A\public\index.php(45): CodeIgniter\CodeIgniter->run()
#7 C:\xampp\htdocs\Pw_A\system\Commands\Server\rewrite.php(34): require_once('C:\\xampp\\htdocs...')
#8 {main}
CRITICAL - 2020-12-06 08:57:31 --> Invalid file: layout/header.php
#0 C:\xampp\htdocs\Pw_A\system\View\View.php(228): CodeIgniter\Exceptions\FrameworkException::forInvalidFile('layout/header.p...')
#1 C:\xampp\htdocs\Pw_A\system\Common.php(1119): CodeIgniter\View\View->render('layout/header', Array, true)
#2 C:\xampp\htdocs\Pw_A\app\Controllers\Pages.php(9): view('layout/header')
#3 C:\xampp\htdocs\Pw_A\system\CodeIgniter.php(918): App\Controllers\Pages->index()
#4 C:\xampp\htdocs\Pw_A\system\CodeIgniter.php(404): CodeIgniter\CodeIgniter->runController(Object(App\Controllers\Pages))
#5 C:\xampp\htdocs\Pw_A\system\CodeIgniter.php(312): CodeIgniter\CodeIgniter->handleRequest(NULL, Object(Config\Cache), false)
#6 C:\xampp\htdocs\Pw_A\public\index.php(45): CodeIgniter\CodeIgniter->run()
#7 C:\xampp\htdocs\Pw_A\system\Commands\Server\rewrite.php(34): require_once('C:\\xampp\\htdocs...')
#8 {main}
CRITICAL - 2020-12-06 08:57:44 --> Invalid file: layout/header.php
#0 C:\xampp\htdocs\Pw_A\system\View\View.php(228): CodeIgniter\Exceptions\FrameworkException::forInvalidFile('layout/header.p...')
#1 C:\xampp\htdocs\Pw_A\system\Common.php(1119): CodeIgniter\View\View->render('layout/header', Array, true)
#2 C:\xampp\htdocs\Pw_A\app\Controllers\Pages.php(9): view('layout/header')
#3 C:\xampp\htdocs\Pw_A\system\CodeIgniter.php(918): App\Controllers\Pages->index()
#4 C:\xampp\htdocs\Pw_A\system\CodeIgniter.php(404): CodeIgniter\CodeIgniter->runController(Object(App\Controllers\Pages))
#5 C:\xampp\htdocs\Pw_A\system\CodeIgniter.php(312): CodeIgniter\CodeIgniter->handleRequest(NULL, Object(Config\Cache), false)
#6 C:\xampp\htdocs\Pw_A\public\index.php(45): CodeIgniter\CodeIgniter->run()
#7 C:\xampp\htdocs\Pw_A\system\Commands\Server\rewrite.php(34): require_once('C:\\xampp\\htdocs...')
#8 {main}
CRITICAL - 2020-12-06 08:57:56 --> Invalid file: layout/header.php
#0 C:\xampp\htdocs\Pw_A\system\View\View.php(228): CodeIgniter\Exceptions\FrameworkException::forInvalidFile('layout/header.p...')
#1 C:\xampp\htdocs\Pw_A\system\Common.php(1119): CodeIgniter\View\View->render('layout/header', Array, true)
#2 C:\xampp\htdocs\Pw_A\app\Controllers\Pages.php(9): view('layout/header')
#3 C:\xampp\htdocs\Pw_A\system\CodeIgniter.php(918): App\Controllers\Pages->index()
#4 C:\xampp\htdocs\Pw_A\system\CodeIgniter.php(404): CodeIgniter\CodeIgniter->runController(Object(App\Controllers\Pages))
#5 C:\xampp\htdocs\Pw_A\system\CodeIgniter.php(312): CodeIgniter\CodeIgniter->handleRequest(NULL, Object(Config\Cache), false)
#6 C:\xampp\htdocs\Pw_A\public\index.php(45): CodeIgniter\CodeIgniter->run()
#7 C:\xampp\htdocs\Pw_A\system\Commands\Server\rewrite.php(34): require_once('C:\\xampp\\htdocs...')
#8 {main}
CRITICAL - 2020-12-06 09:00:47 --> Invalid file: layout/header.php
#0 C:\xampp\htdocs\Pw_A\system\View\View.php(228): CodeIgniter\Exceptions\FrameworkException::forInvalidFile('layout/header.p...')
#1 C:\xampp\htdocs\Pw_A\system\Common.php(1119): CodeIgniter\View\View->render('layout/header', Array, true)
#2 C:\xampp\htdocs\Pw_A\app\Controllers\Pages.php(9): view('layout/header')
#3 C:\xampp\htdocs\Pw_A\system\CodeIgniter.php(918): App\Controllers\Pages->index()
#4 C:\xampp\htdocs\Pw_A\system\CodeIgniter.php(404): CodeIgniter\CodeIgniter->runController(Object(App\Controllers\Pages))
#5 C:\xampp\htdocs\Pw_A\system\CodeIgniter.php(312): CodeIgniter\CodeIgniter->handleRequest(NULL, Object(Config\Cache), false)
#6 C:\xampp\htdocs\Pw_A\public\index.php(45): CodeIgniter\CodeIgniter->run()
#7 C:\xampp\htdocs\Pw_A\system\Commands\Server\rewrite.php(34): require_once('C:\\xampp\\htdocs...')
#8 {main}
CRITICAL - 2020-12-06 09:00:54 --> Invalid file: layout/header.php
#0 C:\xampp\htdocs\Pw_A\system\View\View.php(228): CodeIgniter\Exceptions\FrameworkException::forInvalidFile('layout/header.p...')
#1 C:\xampp\htdocs\Pw_A\system\Common.php(1119): CodeIgniter\View\View->render('layout/header', Array, true)
#2 C:\xampp\htdocs\Pw_A\app\Controllers\Pages.php(15): view('layout/header')
#3 C:\xampp\htdocs\Pw_A\system\CodeIgniter.php(918): App\Controllers\Pages->about()
#4 C:\xampp\htdocs\Pw_A\system\CodeIgniter.php(404): CodeIgniter\CodeIgniter->runController(Object(App\Controllers\Pages))
#5 C:\xampp\htdocs\Pw_A\system\CodeIgniter.php(312): CodeIgniter\CodeIgniter->handleRequest(NULL, Object(Config\Cache), false)
#6 C:\xampp\htdocs\Pw_A\public\index.php(45): CodeIgniter\CodeIgniter->run()
#7 C:\xampp\htdocs\Pw_A\system\Commands\Server\rewrite.php(34): require_once('C:\\xampp\\htdocs...')
#8 {main}
CRITICAL - 2020-12-06 09:03:47 --> Invalid file: layout/header.php
#0 C:\xampp\htdocs\Pw_A\system\View\View.php(228): CodeIgniter\Exceptions\FrameworkException::forInvalidFile('layout/header.p...')
#1 C:\xampp\htdocs\Pw_A\system\Common.php(1119): CodeIgniter\View\View->render('layout/header', Array, true)
#2 C:\xampp\htdocs\Pw_A\app\Controllers\Pages.php(15): view('layout/header')
#3 C:\xampp\htdocs\Pw_A\system\CodeIgniter.php(918): App\Controllers\Pages->about()
#4 C:\xampp\htdocs\Pw_A\system\CodeIgniter.php(404): CodeIgniter\CodeIgniter->runController(Object(App\Controllers\Pages))
#5 C:\xampp\htdocs\Pw_A\system\CodeIgniter.php(312): CodeIgniter\CodeIgniter->handleRequest(NULL, Object(Config\Cache), false)
#6 C:\xampp\htdocs\Pw_A\public\index.php(45): CodeIgniter\CodeIgniter->run()
#7 C:\xampp\htdocs\Pw_A\system\Commands\Server\rewrite.php(34): require_once('C:\\xampp\\htdocs...')
#8 {main}
CRITICAL - 2020-12-06 09:04:20 --> Invalid file: layout/header.php
#0 C:\xampp\htdocs\Pw_A\system\View\View.php(228): CodeIgniter\Exceptions\FrameworkException::forInvalidFile('layout/header.p...')
#1 C:\xampp\htdocs\Pw_A\system\Common.php(1119): CodeIgniter\View\View->render('layout/header', Array, true)
#2 C:\xampp\htdocs\Pw_A\app\Controllers\Pages.php(15): view('layout/header')
#3 C:\xampp\htdocs\Pw_A\system\CodeIgniter.php(918): App\Controllers\Pages->about()
#4 C:\xampp\htdocs\Pw_A\system\CodeIgniter.php(404): CodeIgniter\CodeIgniter->runController(Object(App\Controllers\Pages))
#5 C:\xampp\htdocs\Pw_A\system\CodeIgniter.php(312): CodeIgniter\CodeIgniter->handleRequest(NULL, Object(Config\Cache), false)
#6 C:\xampp\htdocs\Pw_A\public\index.php(45): CodeIgniter\CodeIgniter->run()
#7 C:\xampp\htdocs\Pw_A\system\Commands\Server\rewrite.php(34): require_once('C:\\xampp\\htdocs...')
#8 {main}
CRITICAL - 2020-12-06 09:04:21 --> Invalid file: layout/header.php
#0 C:\xampp\htdocs\Pw_A\system\View\View.php(228): CodeIgniter\Exceptions\FrameworkException::forInvalidFile('layout/header.p...')
#1 C:\xampp\htdocs\Pw_A\system\Common.php(1119): CodeIgniter\View\View->render('layout/header', Array, true)
#2 C:\xampp\htdocs\Pw_A\app\Controllers\Pages.php(15): view('layout/header')
#3 C:\xampp\htdocs\Pw_A\system\CodeIgniter.php(918): App\Controllers\Pages->about()
#4 C:\xampp\htdocs\Pw_A\system\CodeIgniter.php(404): CodeIgniter\CodeIgniter->runController(Object(App\Controllers\Pages))
#5 C:\xampp\htdocs\Pw_A\system\CodeIgniter.php(312): CodeIgniter\CodeIgniter->handleRequest(NULL, Object(Config\Cache), false)
#6 C:\xampp\htdocs\Pw_A\public\index.php(45): CodeIgniter\CodeIgniter->run()
#7 C:\xampp\htdocs\Pw_A\system\Commands\Server\rewrite.php(34): require_once('C:\\xampp\\htdocs...')
#8 {main}
CRITICAL - 2020-12-06 09:04:21 --> Invalid file: layout/header.php
#0 C:\xampp\htdocs\Pw_A\system\View\View.php(228): CodeIgniter\Exceptions\FrameworkException::forInvalidFile('layout/header.p...')
#1 C:\xampp\htdocs\Pw_A\system\Common.php(1119): CodeIgniter\View\View->render('layout/header', Array, true)
#2 C:\xampp\htdocs\Pw_A\app\Controllers\Pages.php(15): view('layout/header')
#3 C:\xampp\htdocs\Pw_A\system\CodeIgniter.php(918): App\Controllers\Pages->about()
#4 C:\xampp\htdocs\Pw_A\system\CodeIgniter.php(404): CodeIgniter\CodeIgniter->runController(Object(App\Controllers\Pages))
#5 C:\xampp\htdocs\Pw_A\system\CodeIgniter.php(312): CodeIgniter\CodeIgniter->handleRequest(NULL, Object(Config\Cache), false)
#6 C:\xampp\htdocs\Pw_A\public\index.php(45): CodeIgniter\CodeIgniter->run()
#7 C:\xampp\htdocs\Pw_A\system\Commands\Server\rewrite.php(34): require_once('C:\\xampp\\htdocs...')
#8 {main}
CRITICAL - 2020-12-06 09:04:21 --> Invalid file: layout/header.php
#0 C:\xampp\htdocs\Pw_A\system\View\View.php(228): CodeIgniter\Exceptions\FrameworkException::forInvalidFile('layout/header.p...')
#1 C:\xampp\htdocs\Pw_A\system\Common.php(1119): CodeIgniter\View\View->render('layout/header', Array, true)
#2 C:\xampp\htdocs\Pw_A\app\Controllers\Pages.php(15): view('layout/header')
#3 C:\xampp\htdocs\Pw_A\system\CodeIgniter.php(918): App\Controllers\Pages->about()
#4 C:\xampp\htdocs\Pw_A\system\CodeIgniter.php(404): CodeIgniter\CodeIgniter->runController(Object(App\Controllers\Pages))
#5 C:\xampp\htdocs\Pw_A\system\CodeIgniter.php(312): CodeIgniter\CodeIgniter->handleRequest(NULL, Object(Config\Cache), false)
#6 C:\xampp\htdocs\Pw_A\public\index.php(45): CodeIgniter\CodeIgniter->run()
#7 C:\xampp\htdocs\Pw_A\system\Commands\Server\rewrite.php(34): require_once('C:\\xampp\\htdocs...')
#8 {main}
CRITICAL - 2020-12-06 09:04:23 --> Invalid file: layout/header.php
#0 C:\xampp\htdocs\Pw_A\system\View\View.php(228): CodeIgniter\Exceptions\FrameworkException::forInvalidFile('layout/header.p...')
#1 C:\xampp\htdocs\Pw_A\system\Common.php(1119): CodeIgniter\View\View->render('layout/header', Array, true)
#2 C:\xampp\htdocs\Pw_A\app\Controllers\Pages.php(15): view('layout/header')
#3 C:\xampp\htdocs\Pw_A\system\CodeIgniter.php(918): App\Controllers\Pages->about()
#4 C:\xampp\htdocs\Pw_A\system\CodeIgniter.php(404): CodeIgniter\CodeIgniter->runController(Object(App\Controllers\Pages))
#5 C:\xampp\htdocs\Pw_A\system\CodeIgniter.php(312): CodeIgniter\CodeIgniter->handleRequest(NULL, Object(Config\Cache), false)
#6 C:\xampp\htdocs\Pw_A\public\index.php(45): CodeIgniter\CodeIgniter->run()
#7 C:\xampp\htdocs\Pw_A\system\Commands\Server\rewrite.php(34): require_once('C:\\xampp\\htdocs...')
#8 {main}
CRITICAL - 2020-12-06 09:06:37 --> Invalid file: layout/header.php
#0 C:\xampp\htdocs\Pw_A\system\View\View.php(228): CodeIgniter\Exceptions\FrameworkException::forInvalidFile('layout/header.p...')
#1 C:\xampp\htdocs\Pw_A\system\Common.php(1119): CodeIgniter\View\View->render('layout/header', Array, true)
#2 C:\xampp\htdocs\Pw_A\app\Controllers\Pages.php(15): view('layout/header')
#3 C:\xampp\htdocs\Pw_A\system\CodeIgniter.php(918): App\Controllers\Pages->about()
#4 C:\xampp\htdocs\Pw_A\system\CodeIgniter.php(404): CodeIgniter\CodeIgniter->runController(Object(App\Controllers\Pages))
#5 C:\xampp\htdocs\Pw_A\system\CodeIgniter.php(312): CodeIgniter\CodeIgniter->handleRequest(NULL, Object(Config\Cache), false)
#6 C:\xampp\htdocs\Pw_A\public\index.php(45): CodeIgniter\CodeIgniter->run()
#7 C:\xampp\htdocs\Pw_A\system\Commands\Server\rewrite.php(34): require_once('C:\\xampp\\htdocs...')
#8 {main}
CRITICAL - 2020-12-06 09:14:04 --> Invalid file: layout/header.php
#0 C:\xampp\htdocs\Pw_A\system\View\View.php(228): CodeIgniter\Exceptions\FrameworkException::forInvalidFile('layout/header.p...')
#1 C:\xampp\htdocs\Pw_A\system\Common.php(1119): CodeIgniter\View\View->render('layout/header', Array, true)
#2 C:\xampp\htdocs\Pw_A\app\Controllers\Pages.php(15): view('layout/header')
#3 C:\xampp\htdocs\Pw_A\system\CodeIgniter.php(918): App\Controllers\Pages->about()
#4 C:\xampp\htdocs\Pw_A\system\CodeIgniter.php(404): CodeIgniter\CodeIgniter->runController(Object(App\Controllers\Pages))
#5 C:\xampp\htdocs\Pw_A\system\CodeIgniter.php(312): CodeIgniter\CodeIgniter->handleRequest(NULL, Object(Config\Cache), false)
#6 C:\xampp\htdocs\Pw_A\public\index.php(45): CodeIgniter\CodeIgniter->run()
#7 C:\xampp\htdocs\Pw_A\system\Commands\Server\rewrite.php(34): require_once('C:\\xampp\\htdocs...')
#8 {main}
CRITICAL - 2020-12-06 09:14:06 --> Invalid file: layout/header.php
#0 C:\xampp\htdocs\Pw_A\system\View\View.php(228): CodeIgniter\Exceptions\FrameworkException::forInvalidFile('layout/header.p...')
#1 C:\xampp\htdocs\Pw_A\system\Common.php(1119): CodeIgniter\View\View->render('layout/header', Array, true)
#2 C:\xampp\htdocs\Pw_A\app\Controllers\Pages.php(15): view('layout/header')
#3 C:\xampp\htdocs\Pw_A\system\CodeIgniter.php(918): App\Controllers\Pages->about()
#4 C:\xampp\htdocs\Pw_A\system\CodeIgniter.php(404): CodeIgniter\CodeIgniter->runController(Object(App\Controllers\Pages))
#5 C:\xampp\htdocs\Pw_A\system\CodeIgniter.php(312): CodeIgniter\CodeIgniter->handleRequest(NULL, Object(Config\Cache), false)
#6 C:\xampp\htdocs\Pw_A\public\index.php(45): CodeIgniter\CodeIgniter->run()
#7 C:\xampp\htdocs\Pw_A\system\Commands\Server\rewrite.php(34): require_once('C:\\xampp\\htdocs...')
#8 {main}
CRITICAL - 2020-12-06 09:14:06 --> Invalid file: layout/header.php
#0 C:\xampp\htdocs\Pw_A\system\View\View.php(228): CodeIgniter\Exceptions\FrameworkException::forInvalidFile('layout/header.p...')
#1 C:\xampp\htdocs\Pw_A\system\Common.php(1119): CodeIgniter\View\View->render('layout/header', Array, true)
#2 C:\xampp\htdocs\Pw_A\app\Controllers\Pages.php(15): view('layout/header')
#3 C:\xampp\htdocs\Pw_A\system\CodeIgniter.php(918): App\Controllers\Pages->about()
#4 C:\xampp\htdocs\Pw_A\system\CodeIgniter.php(404): CodeIgniter\CodeIgniter->runController(Object(App\Controllers\Pages))
#5 C:\xampp\htdocs\Pw_A\system\CodeIgniter.php(312): CodeIgniter\CodeIgniter->handleRequest(NULL, Object(Config\Cache), false)
#6 C:\xampp\htdocs\Pw_A\public\index.php(45): CodeIgniter\CodeIgniter->run()
#7 C:\xampp\htdocs\Pw_A\system\Commands\Server\rewrite.php(34): require_once('C:\\xampp\\htdocs...')
#8 {main}
CRITICAL - 2020-12-06 09:14:08 --> Invalid file: layout/header.php
#0 C:\xampp\htdocs\Pw_A\system\View\View.php(228): CodeIgniter\Exceptions\FrameworkException::forInvalidFile('layout/header.p...')
#1 C:\xampp\htdocs\Pw_A\system\Common.php(1119): CodeIgniter\View\View->render('layout/header', Array, true)
#2 C:\xampp\htdocs\Pw_A\app\Controllers\Pages.php(15): view('layout/header')
#3 C:\xampp\htdocs\Pw_A\system\CodeIgniter.php(918): App\Controllers\Pages->about()
#4 C:\xampp\htdocs\Pw_A\system\CodeIgniter.php(404): CodeIgniter\CodeIgniter->runController(Object(App\Controllers\Pages))
#5 C:\xampp\htdocs\Pw_A\system\CodeIgniter.php(312): CodeIgniter\CodeIgniter->handleRequest(NULL, Object(Config\Cache), false)
#6 C:\xampp\htdocs\Pw_A\public\index.php(45): CodeIgniter\CodeIgniter->run()
#7 C:\xampp\htdocs\Pw_A\system\Commands\Server\rewrite.php(34): require_once('C:\\xampp\\htdocs...')
#8 {main}
CRITICAL - 2020-12-06 09:14:09 --> Invalid file: layout/header.php
#0 C:\xampp\htdocs\Pw_A\system\View\View.php(228): CodeIgniter\Exceptions\FrameworkException::forInvalidFile('layout/header.p...')
#1 C:\xampp\htdocs\Pw_A\system\Common.php(1119): CodeIgniter\View\View->render('layout/header', Array, true)
#2 C:\xampp\htdocs\Pw_A\app\Controllers\Pages.php(15): view('layout/header')
#3 C:\xampp\htdocs\Pw_A\system\CodeIgniter.php(918): App\Controllers\Pages->about()
#4 C:\xampp\htdocs\Pw_A\system\CodeIgniter.php(404): CodeIgniter\CodeIgniter->runController(Object(App\Controllers\Pages))
#5 C:\xampp\htdocs\Pw_A\system\CodeIgniter.php(312): CodeIgniter\CodeIgniter->handleRequest(NULL, Object(Config\Cache), false)
#6 C:\xampp\htdocs\Pw_A\public\index.php(45): CodeIgniter\CodeIgniter->run()
#7 C:\xampp\htdocs\Pw_A\system\Commands\Server\rewrite.php(34): require_once('C:\\xampp\\htdocs...')
#8 {main}
CRITICAL - 2020-12-06 09:14:13 --> Invalid file: layout/header.php
#0 C:\xampp\htdocs\Pw_A\system\View\View.php(228): CodeIgniter\Exceptions\FrameworkException::forInvalidFile('layout/header.p...')
#1 C:\xampp\htdocs\Pw_A\system\Common.php(1119): CodeIgniter\View\View->render('layout/header', Array, true)
#2 C:\xampp\htdocs\Pw_A\app\Controllers\Pages.php(9): view('layout/header')
#3 C:\xampp\htdocs\Pw_A\system\CodeIgniter.php(918): App\Controllers\Pages->index()
#4 C:\xampp\htdocs\Pw_A\system\CodeIgniter.php(404): CodeIgniter\CodeIgniter->runController(Object(App\Controllers\Pages))
#5 C:\xampp\htdocs\Pw_A\system\CodeIgniter.php(312): CodeIgniter\CodeIgniter->handleRequest(NULL, Object(Config\Cache), false)
#6 C:\xampp\htdocs\Pw_A\public\index.php(45): CodeIgniter\CodeIgniter->run()
#7 C:\xampp\htdocs\Pw_A\system\Commands\Server\rewrite.php(34): require_once('C:\\xampp\\htdocs...')
#8 {main}
CRITICAL - 2020-12-06 09:14:19 --> Invalid file: layout/header.php
#0 C:\xampp\htdocs\Pw_A\system\View\View.php(228): CodeIgniter\Exceptions\FrameworkException::forInvalidFile('layout/header.p...')
#1 C:\xampp\htdocs\Pw_A\system\Common.php(1119): CodeIgniter\View\View->render('layout/header', Array, true)
#2 C:\xampp\htdocs\Pw_A\app\Controllers\Pages.php(9): view('layout/header')
#3 C:\xampp\htdocs\Pw_A\system\CodeIgniter.php(918): App\Controllers\Pages->index()
#4 C:\xampp\htdocs\Pw_A\system\CodeIgniter.php(404): CodeIgniter\CodeIgniter->runController(Object(App\Controllers\Pages))
#5 C:\xampp\htdocs\Pw_A\system\CodeIgniter.php(312): CodeIgniter\CodeIgniter->handleRequest(NULL, Object(Config\Cache), false)
#6 C:\xampp\htdocs\Pw_A\public\index.php(45): CodeIgniter\CodeIgniter->run()
#7 C:\xampp\htdocs\Pw_A\system\Commands\Server\rewrite.php(34): require_once('C:\\xampp\\htdocs...')
#8 {main}
CRITICAL - 2020-12-06 09:15:03 --> Invalid file: layout/header.php
#0 C:\xampp\htdocs\Pw_A\system\View\View.php(228): CodeIgniter\Exceptions\FrameworkException::forInvalidFile('layout/header.p...')
#1 C:\xampp\htdocs\Pw_A\system\Common.php(1119): CodeIgniter\View\View->render('layout/header.p...', Array, true)
#2 C:\xampp\htdocs\Pw_A\app\Controllers\Pages.php(9): view('layout/header.p...')
#3 C:\xampp\htdocs\Pw_A\system\CodeIgniter.php(918): App\Controllers\Pages->index()
#4 C:\xampp\htdocs\Pw_A\system\CodeIgniter.php(404): CodeIgniter\CodeIgniter->runController(Object(App\Controllers\Pages))
#5 C:\xampp\htdocs\Pw_A\system\CodeIgniter.php(312): CodeIgniter\CodeIgniter->handleRequest(NULL, Object(Config\Cache), false)
#6 C:\xampp\htdocs\Pw_A\public\index.php(45): CodeIgniter\CodeIgniter->run()
#7 C:\xampp\htdocs\Pw_A\system\Commands\Server\rewrite.php(34): require_once('C:\\xampp\\htdocs...')
#8 {main}
CRITICAL - 2020-12-06 09:15:04 --> Invalid file: layout/header.php
#0 C:\xampp\htdocs\Pw_A\system\View\View.php(228): CodeIgniter\Exceptions\FrameworkException::forInvalidFile('layout/header.p...')
#1 C:\xampp\htdocs\Pw_A\system\Common.php(1119): CodeIgniter\View\View->render('layout/header.p...', Array, true)
#2 C:\xampp\htdocs\Pw_A\app\Controllers\Pages.php(9): view('layout/header.p...')
#3 C:\xampp\htdocs\Pw_A\system\CodeIgniter.php(918): App\Controllers\Pages->index()
#4 C:\xampp\htdocs\Pw_A\system\CodeIgniter.php(404): CodeIgniter\CodeIgniter->runController(Object(App\Controllers\Pages))
#5 C:\xampp\htdocs\Pw_A\system\CodeIgniter.php(312): CodeIgniter\CodeIgniter->handleRequest(NULL, Object(Config\Cache), false)
#6 C:\xampp\htdocs\Pw_A\public\index.php(45): CodeIgniter\CodeIgniter->run()
#7 C:\xampp\htdocs\Pw_A\system\Commands\Server\rewrite.php(34): require_once('C:\\xampp\\htdocs...')
#8 {main}
CRITICAL - 2020-12-06 09:15:08 --> Invalid file: layout/header.php
#0 C:\xampp\htdocs\Pw_A\system\View\View.php(228): CodeIgniter\Exceptions\FrameworkException::forInvalidFile('layout/header.p...')
#1 C:\xampp\htdocs\Pw_A\system\Common.php(1119): CodeIgniter\View\View->render('layout/header.p...', Array, true)
#2 C:\xampp\htdocs\Pw_A\app\Controllers\Pages.php(9): view('layout/header.p...')
#3 C:\xampp\htdocs\Pw_A\system\CodeIgniter.php(918): App\Controllers\Pages->index()
#4 C:\xampp\htdocs\Pw_A\system\CodeIgniter.php(404): CodeIgniter\CodeIgniter->runController(Object(App\Controllers\Pages))
#5 C:\xampp\htdocs\Pw_A\system\CodeIgniter.php(312): CodeIgniter\CodeIgniter->handleRequest(NULL, Object(Config\Cache), false)
#6 C:\xampp\htdocs\Pw_A\public\index.php(45): CodeIgniter\CodeIgniter->run()
#7 C:\xampp\htdocs\Pw_A\system\Commands\Server\rewrite.php(34): require_once('C:\\xampp\\htdocs...')
#8 {main}
CRITICAL - 2020-12-06 09:15:33 --> Invalid file: layout/header.php
#0 C:\xampp\htdocs\Pw_A\system\View\View.php(228): CodeIgniter\Exceptions\FrameworkException::forInvalidFile('layout/header.p...')
#1 C:\xampp\htdocs\Pw_A\system\Common.php(1119): CodeIgniter\View\View->render('layout/header.p...', Array, true)
#2 C:\xampp\htdocs\Pw_A\app\Controllers\Pages.php(9): view('layout/header.p...')
#3 C:\xampp\htdocs\Pw_A\system\CodeIgniter.php(918): App\Controllers\Pages->index()
#4 C:\xampp\htdocs\Pw_A\system\CodeIgniter.php(404): CodeIgniter\CodeIgniter->runController(Object(App\Controllers\Pages))
#5 C:\xampp\htdocs\Pw_A\system\CodeIgniter.php(312): CodeIgniter\CodeIgniter->handleRequest(NULL, Object(Config\Cache), false)
#6 C:\xampp\htdocs\Pw_A\public\index.php(45): CodeIgniter\CodeIgniter->run()
#7 C:\xampp\htdocs\Pw_A\system\Commands\Server\rewrite.php(34): require_once('C:\\xampp\\htdocs...')
#8 {main}
CRITICAL - 2020-12-06 09:19:51 --> Invalid file: layout/header.php
#0 C:\xampp\htdocs\Pw_A\system\View\View.php(228): CodeIgniter\Exceptions\FrameworkException::forInvalidFile('layout/header.p...')
#1 C:\xampp\htdocs\Pw_A\system\Common.php(1119): CodeIgniter\View\View->render('layout/header.p...', Array, true)
#2 C:\xampp\htdocs\Pw_A\app\Controllers\Pages.php(9): view('layout/header.p...')
#3 C:\xampp\htdocs\Pw_A\system\CodeIgniter.php(918): App\Controllers\Pages->index()
#4 C:\xampp\htdocs\Pw_A\system\CodeIgniter.php(404): CodeIgniter\CodeIgniter->runController(Object(App\Controllers\Pages))
#5 C:\xampp\htdocs\Pw_A\system\CodeIgniter.php(312): CodeIgniter\CodeIgniter->handleRequest(NULL, Object(Config\Cache), false)
#6 C:\xampp\htdocs\Pw_A\public\index.php(45): CodeIgniter\CodeIgniter->run()
#7 C:\xampp\htdocs\Pw_A\system\Commands\Server\rewrite.php(34): require_once('C:\\xampp\\htdocs...')
#8 {main}
CRITICAL - 2020-12-06 09:21:35 --> Invalid file: layout/header.php
#0 C:\xampp\htdocs\Pw_A\system\View\View.php(228): CodeIgniter\Exceptions\FrameworkException::forInvalidFile('layout/header.p...')
#1 C:\xampp\htdocs\Pw_A\system\Common.php(1119): CodeIgniter\View\View->render('layout/header.p...', Array, true)
#2 C:\xampp\htdocs\Pw_A\app\Controllers\Pages.php(9): view('layout/header.p...')
#3 C:\xampp\htdocs\Pw_A\system\CodeIgniter.php(918): App\Controllers\Pages->index()
#4 C:\xampp\htdocs\Pw_A\system\CodeIgniter.php(404): CodeIgniter\CodeIgniter->runController(Object(App\Controllers\Pages))
#5 C:\xampp\htdocs\Pw_A\system\CodeIgniter.php(312): CodeIgniter\CodeIgniter->handleRequest(NULL, Object(Config\Cache), false)
#6 C:\xampp\htdocs\Pw_A\public\index.php(45): CodeIgniter\CodeIgniter->run()
#7 C:\xampp\htdocs\Pw_A\system\Commands\Server\rewrite.php(34): require_once('C:\\xampp\\htdocs...')
#8 {main}
CRITICAL - 2020-12-06 09:25:24 --> Invalid file: layout/header.php
#0 C:\xampp\htdocs\Pw_A\system\View\View.php(228): CodeIgniter\Exceptions\FrameworkException::forInvalidFile('layout/header.p...')
#1 C:\xampp\htdocs\Pw_A\system\Common.php(1119): CodeIgniter\View\View->render('layout/header.p...', Array, true)
#2 C:\xampp\htdocs\Pw_A\app\Controllers\Pages.php(9): view('layout/header.p...')
#3 C:\xampp\htdocs\Pw_A\system\CodeIgniter.php(918): App\Controllers\Pages->index()
#4 C:\xampp\htdocs\Pw_A\system\CodeIgniter.php(404): CodeIgniter\CodeIgniter->runController(Object(App\Controllers\Pages))
#5 C:\xampp\htdocs\Pw_A\system\CodeIgniter.php(312): CodeIgniter\CodeIgniter->handleRequest(NULL, Object(Config\Cache), false)
#6 C:\xampp\htdocs\Pw_A\public\index.php(45): CodeIgniter\CodeIgniter->run()
#7 C:\xampp\htdocs\Pw_A\system\Commands\Server\rewrite.php(34): require_once('C:\\xampp\\htdocs...')
#8 {main}
CRITICAL - 2020-12-06 09:26:49 --> Invalid file: layout/header.php
#0 C:\xampp\htdocs\Pw_A\system\View\View.php(228): CodeIgniter\Exceptions\FrameworkException::forInvalidFile('layout/header.p...')
#1 C:\xampp\htdocs\Pw_A\system\Common.php(1119): CodeIgniter\View\View->render('layout/header.p...', Array, true)
#2 C:\xampp\htdocs\Pw_A\app\Controllers\Pages.php(9): view('layout/header.p...')
#3 C:\xampp\htdocs\Pw_A\system\CodeIgniter.php(918): App\Controllers\Pages->index()
#4 C:\xampp\htdocs\Pw_A\system\CodeIgniter.php(404): CodeIgniter\CodeIgniter->runController(Object(App\Controllers\Pages))
#5 C:\xampp\htdocs\Pw_A\system\CodeIgniter.php(312): CodeIgniter\CodeIgniter->handleRequest(NULL, Object(Config\Cache), false)
#6 C:\xampp\htdocs\Pw_A\public\index.php(45): CodeIgniter\CodeIgniter->run()
#7 C:\xampp\htdocs\Pw_A\system\Commands\Server\rewrite.php(34): require_once('C:\\xampp\\htdocs...')
#8 {main}
CRITICAL - 2020-12-06 09:27:23 --> Invalid file: layout/header.php
#0 C:\xampp\htdocs\Pw_A\system\View\View.php(228): CodeIgniter\Exceptions\FrameworkException::forInvalidFile('layout/header.p...')
#1 C:\xampp\htdocs\Pw_A\system\Common.php(1119): CodeIgniter\View\View->render('layout/header.p...', Array, true)
#2 C:\xampp\htdocs\Pw_A\app\Controllers\Pages.php(9): view('layout/header.p...')
#3 C:\xampp\htdocs\Pw_A\system\CodeIgniter.php(918): App\Controllers\Pages->index()
#4 C:\xampp\htdocs\Pw_A\system\CodeIgniter.php(404): CodeIgniter\CodeIgniter->runController(Object(App\Controllers\Pages))
#5 C:\xampp\htdocs\Pw_A\system\CodeIgniter.php(312): CodeIgniter\CodeIgniter->handleRequest(NULL, Object(Config\Cache), false)
#6 C:\xampp\htdocs\Pw_A\public\index.php(45): CodeIgniter\CodeIgniter->run()
#7 C:\xampp\htdocs\Pw_A\system\Commands\Server\rewrite.php(34): require_once('C:\\xampp\\htdocs...')
#8 {main}
CRITICAL - 2020-12-06 10:31:12 --> Undefined variable: tittle
#0 C:\xampp\htdocs\Pw_A\app\Views\layout\template.php(12): CodeIgniter\Debug\Exceptions->errorHandler(8, 'Undefined varia...', 'C:\\xampp\\htdocs...', 12, Array)
#1 C:\xampp\htdocs\Pw_A\system\View\View.php(246): include('C:\\xampp\\htdocs...')
#2 C:\xampp\htdocs\Pw_A\system\View\View.php(257): CodeIgniter\View\View->render('layout/template', Array, true)
#3 C:\xampp\htdocs\Pw_A\system\Common.php(1119): CodeIgniter\View\View->render('Pages/about', Array, true)
#4 C:\xampp\htdocs\Pw_A\app\Controllers\Pages.php(19): view('Pages/about', Array)
#5 C:\xampp\htdocs\Pw_A\system\CodeIgniter.php(918): App\Controllers\Pages->about()
#6 C:\xampp\htdocs\Pw_A\system\CodeIgniter.php(404): CodeIgniter\CodeIgniter->runController(Object(App\Controllers\Pages))
#7 C:\xampp\htdocs\Pw_A\system\CodeIgniter.php(312): CodeIgniter\CodeIgniter->handleRequest(NULL, Object(Config\Cache), false)
#8 C:\xampp\htdocs\Pw_A\public\index.php(45): CodeIgniter\CodeIgniter->run()
#9 C:\xampp\htdocs\Pw_A\system\Commands\Server\rewrite.php(34): require_once('C:\\xampp\\htdocs...')
#10 {main}
CRITICAL - 2020-12-06 10:31:42 --> Undefined variable: title
#0 C:\xampp\htdocs\Pw_A\app\Views\layout\template.php(12): CodeIgniter\Debug\Exceptions->errorHandler(8, 'Undefined varia...', 'C:\\xampp\\htdocs...', 12, Array)
#1 C:\xampp\htdocs\Pw_A\system\View\View.php(246): include('C:\\xampp\\htdocs...')
#2 C:\xampp\htdocs\Pw_A\system\View\View.php(257): CodeIgniter\View\View->render('layout/template', Array, true)
#3 C:\xampp\htdocs\Pw_A\system\Common.php(1119): CodeIgniter\View\View->render('Pages/home', Array, true)
#4 C:\xampp\htdocs\Pw_A\app\Controllers\Pages.php(12): view('Pages/home')
#5 C:\xampp\htdocs\Pw_A\system\CodeIgniter.php(918): App\Controllers\Pages->index()
#6 C:\xampp\htdocs\Pw_A\system\CodeIgniter.php(404): CodeIgniter\CodeIgniter->runController(Object(App\Controllers\Pages))
#7 C:\xampp\htdocs\Pw_A\system\CodeIgniter.php(312): CodeIgniter\CodeIgniter->handleRequest(NULL, Object(Config\Cache), false)
#8 C:\xampp\htdocs\Pw_A\public\index.php(45): CodeIgniter\CodeIgniter->run()
#9 C:\xampp\htdocs\Pw_A\system\Commands\Server\rewrite.php(34): require_once('C:\\xampp\\htdocs...')
#10 {main}
CRITICAL - 2020-12-06 10:31:45 --> Undefined variable: title
#0 C:\xampp\htdocs\Pw_A\app\Views\layout\template.php(12): CodeIgniter\Debug\Exceptions->errorHandler(8, 'Undefined varia...', 'C:\\xampp\\htdocs...', 12, Array)
#1 C:\xampp\htdocs\Pw_A\system\View\View.php(246): include('C:\\xampp\\htdocs...')
#2 C:\xampp\htdocs\Pw_A\system\View\View.php(257): CodeIgniter\View\View->render('layout/template', Array, true)
#3 C:\xampp\htdocs\Pw_A\system\Common.php(1119): CodeIgniter\View\View->render('Pages/home', Array, true)
#4 C:\xampp\htdocs\Pw_A\app\Controllers\Pages.php(12): view('Pages/home')
#5 C:\xampp\htdocs\Pw_A\system\CodeIgniter.php(918): App\Controllers\Pages->index()
#6 C:\xampp\htdocs\Pw_A\system\CodeIgniter.php(404): CodeIgniter\CodeIgniter->runController(Object(App\Controllers\Pages))
#7 C:\xampp\htdocs\Pw_A\system\CodeIgniter.php(312): CodeIgniter\CodeIgniter->handleRequest(NULL, Object(Config\Cache), false)
#8 C:\xampp\htdocs\Pw_A\public\index.php(45): CodeIgniter\CodeIgniter->run()
#9 C:\xampp\htdocs\Pw_A\system\Commands\Server\rewrite.php(34): require_once('C:\\xampp\\htdocs...')
#10 {main}
CRITICAL - 2020-12-06 10:32:02 --> Undefined variable: title
#0 C:\xampp\htdocs\Pw_A\app\Views\layout\template.php(12): CodeIgniter\Debug\Exceptions->errorHandler(8, 'Undefined varia...', 'C:\\xampp\\htdocs...', 12, Array)
#1 C:\xampp\htdocs\Pw_A\system\View\View.php(246): include('C:\\xampp\\htdocs...')
#2 C:\xampp\htdocs\Pw_A\system\View\View.php(257): CodeIgniter\View\View->render('layout/template', Array, true)
#3 C:\xampp\htdocs\Pw_A\system\Common.php(1119): CodeIgniter\View\View->render('Pages/home', Array, true)
#4 C:\xampp\htdocs\Pw_A\app\Controllers\Pages.php(12): view('Pages/home')
#5 C:\xampp\htdocs\Pw_A\system\CodeIgniter.php(918): App\Controllers\Pages->index()
#6 C:\xampp\htdocs\Pw_A\system\CodeIgniter.php(404): CodeIgniter\CodeIgniter->runController(Object(App\Controllers\Pages))
#7 C:\xampp\htdocs\Pw_A\system\CodeIgniter.php(312): CodeIgniter\CodeIgniter->handleRequest(NULL, Object(Config\Cache), false)
#8 C:\xampp\htdocs\Pw_A\public\index.php(45): CodeIgniter\CodeIgniter->run()
#9 C:\xampp\htdocs\Pw_A\system\Commands\Server\rewrite.php(34): require_once('C:\\xampp\\htdocs...')
#10 {main}
CRITICAL - 2020-12-06 10:32:07 --> Undefined variable: title
#0 C:\xampp\htdocs\Pw_A\app\Views\layout\template.php(12): CodeIgniter\Debug\Exceptions->errorHandler(8, 'Undefined varia...', 'C:\\xampp\\htdocs...', 12, Array)
#1 C:\xampp\htdocs\Pw_A\system\View\View.php(246): include('C:\\xampp\\htdocs...')
#2 C:\xampp\htdocs\Pw_A\system\View\View.php(257): CodeIgniter\View\View->render('layout/template', Array, true)
#3 C:\xampp\htdocs\Pw_A\system\Common.php(1119): CodeIgniter\View\View->render('Pages/home', Array, true)
#4 C:\xampp\htdocs\Pw_A\app\Controllers\Pages.php(12): view('Pages/home')
#5 C:\xampp\htdocs\Pw_A\system\CodeIgniter.php(918): App\Controllers\Pages->index()
#6 C:\xampp\htdocs\Pw_A\system\CodeIgniter.php(404): CodeIgniter\CodeIgniter->runController(Object(App\Controllers\Pages))
#7 C:\xampp\htdocs\Pw_A\system\CodeIgniter.php(312): CodeIgniter\CodeIgniter->handleRequest(NULL, Object(Config\Cache), false)
#8 C:\xampp\htdocs\Pw_A\public\index.php(45): CodeIgniter\CodeIgniter->run()
#9 C:\xampp\htdocs\Pw_A\system\Commands\Server\rewrite.php(34): require_once('C:\\xampp\\htdocs...')
#10 {main}
CRITICAL - 2020-12-06 11:19:50 --> Invalid file: kartun/index.php
#0 C:\xampp\htdocs\Pw_A\system\View\View.php(228): CodeIgniter\Exceptions\FrameworkException::forInvalidFile('kartun/index.ph...')
#1 C:\xampp\htdocs\Pw_A\system\Common.php(1119): CodeIgniter\View\View->render('kartun/index', Array, true)
#2 C:\xampp\htdocs\Pw_A\app\Controllers\cartoon.php(13): view('kartun/index', Array)
#3 C:\xampp\htdocs\Pw_A\system\CodeIgniter.php(918): App\Controllers\cartoon->index()
#4 C:\xampp\htdocs\Pw_A\system\CodeIgniter.php(404): CodeIgniter\CodeIgniter->runController(Object(App\Controllers\cartoon))
#5 C:\xampp\htdocs\Pw_A\system\CodeIgniter.php(312): CodeIgniter\CodeIgniter->handleRequest(NULL, Object(Config\Cache), false)
#6 C:\xampp\htdocs\Pw_A\public\index.php(45): CodeIgniter\CodeIgniter->run()
#7 C:\xampp\htdocs\Pw_A\system\Commands\Server\rewrite.php(34): require_once('C:\\xampp\\htdocs...')
#8 {main}
CRITICAL - 2020-12-06 11:19:56 --> Invalid file: kartun/index.php
#0 C:\xampp\htdocs\Pw_A\system\View\View.php(228): CodeIgniter\Exceptions\FrameworkException::forInvalidFile('kartun/index.ph...')
#1 C:\xampp\htdocs\Pw_A\system\Common.php(1119): CodeIgniter\View\View->render('kartun/index', Array, true)
#2 C:\xampp\htdocs\Pw_A\app\Controllers\cartoon.php(13): view('kartun/index', Array)
#3 C:\xampp\htdocs\Pw_A\system\CodeIgniter.php(918): App\Controllers\cartoon->index()
#4 C:\xampp\htdocs\Pw_A\system\CodeIgniter.php(404): CodeIgniter\CodeIgniter->runController(Object(App\Controllers\cartoon))
#5 C:\xampp\htdocs\Pw_A\system\CodeIgniter.php(312): CodeIgniter\CodeIgniter->handleRequest(NULL, Object(Config\Cache), false)
#6 C:\xampp\htdocs\Pw_A\public\index.php(45): CodeIgniter\CodeIgniter->run()
#7 C:\xampp\htdocs\Pw_A\system\Commands\Server\rewrite.php(34): require_once('C:\\xampp\\htdocs...')
#8 {main}
CRITICAL - 2020-12-06 11:22:32 --> Invalid file: kartun/index.php
#0 C:\xampp\htdocs\Pw_A\system\View\View.php(228): CodeIgniter\Exceptions\FrameworkException::forInvalidFile('kartun/index.ph...')
#1 C:\xampp\htdocs\Pw_A\system\Common.php(1119): CodeIgniter\View\View->render('kartun/index', Array, true)
#2 C:\xampp\htdocs\Pw_A\app\Controllers\cartoon.php(13): view('kartun/index', Array)
#3 C:\xampp\htdocs\Pw_A\system\CodeIgniter.php(918): App\Controllers\cartoon->index()
#4 C:\xampp\htdocs\Pw_A\system\CodeIgniter.php(404): CodeIgniter\CodeIgniter->runController(Object(App\Controllers\cartoon))
#5 C:\xampp\htdocs\Pw_A\system\CodeIgniter.php(312): CodeIgniter\CodeIgniter->handleRequest(NULL, Object(Config\Cache), false)
#6 C:\xampp\htdocs\Pw_A\public\index.php(45): CodeIgniter\CodeIgniter->run()
#7 C:\xampp\htdocs\Pw_A\system\Commands\Server\rewrite.php(34): require_once('C:\\xampp\\htdocs...')
#8 {main}
CRITICAL - 2020-12-06 11:23:31 --> Invalid file: kartun/index.php
#0 C:\xampp\htdocs\Pw_A\system\View\View.php(228): CodeIgniter\Exceptions\FrameworkException::forInvalidFile('kartun/index.ph...')
#1 C:\xampp\htdocs\Pw_A\system\Common.php(1119): CodeIgniter\View\View->render('kartun/index', Array, true)
#2 C:\xampp\htdocs\Pw_A\app\Controllers\cartoon.php(13): view('kartun/index', Array)
#3 C:\xampp\htdocs\Pw_A\system\CodeIgniter.php(918): App\Controllers\cartoon->index()
#4 C:\xampp\htdocs\Pw_A\system\CodeIgniter.php(404): CodeIgniter\CodeIgniter->runController(Object(App\Controllers\cartoon))
#5 C:\xampp\htdocs\Pw_A\system\CodeIgniter.php(312): CodeIgniter\CodeIgniter->handleRequest(NULL, Object(Config\Cache), false)
#6 C:\xampp\htdocs\Pw_A\public\index.php(45): CodeIgniter\CodeIgniter->run()
#7 C:\xampp\htdocs\Pw_A\system\Commands\Server\rewrite.php(34): require_once('C:\\xampp\\htdocs...')
#8 {main}
CRITICAL - 2020-12-06 11:24:22 --> Undefined property: CodeIgniter\View\View::$endSection
#0 C:\xampp\htdocs\Pw_A\app\Views\cartoon\index.php(39): CodeIgniter\Debug\Exceptions->errorHandler(8, 'Undefined prope...', 'C:\\xampp\\htdocs...', 39, Array)
#1 C:\xampp\htdocs\Pw_A\system\View\View.php(246): include('C:\\xampp\\htdocs...')
#2 C:\xampp\htdocs\Pw_A\system\Common.php(1119): CodeIgniter\View\View->render('cartoon/index', Array, true)
#3 C:\xampp\htdocs\Pw_A\app\Controllers\cartoon.php(13): view('cartoon/index', Array)
#4 C:\xampp\htdocs\Pw_A\system\CodeIgniter.php(918): App\Controllers\cartoon->index()
#5 C:\xampp\htdocs\Pw_A\system\CodeIgniter.php(404): CodeIgniter\CodeIgniter->runController(Object(App\Controllers\cartoon))
#6 C:\xampp\htdocs\Pw_A\system\CodeIgniter.php(312): CodeIgniter\CodeIgniter->handleRequest(NULL, Object(Config\Cache), false)
#7 C:\xampp\htdocs\Pw_A\public\index.php(45): CodeIgniter\CodeIgniter->run()
#8 C:\xampp\htdocs\Pw_A\system\Commands\Server\rewrite.php(34): require_once('C:\\xampp\\htdocs...')
#9 {main}
CRITICAL - 2020-12-06 11:29:08 --> Undefined property: CodeIgniter\View\View::$endSection
#0 C:\xampp\htdocs\Pw_A\app\Views\cartoon\index.php(39): CodeIgniter\Debug\Exceptions->errorHandler(8, 'Undefined prope...', 'C:\\xampp\\htdocs...', 39, Array)
#1 C:\xampp\htdocs\Pw_A\system\View\View.php(246): include('C:\\xampp\\htdocs...')
#2 C:\xampp\htdocs\Pw_A\system\Common.php(1119): CodeIgniter\View\View->render('cartoon/index', Array, true)
#3 C:\xampp\htdocs\Pw_A\app\Controllers\cartoon.php(13): view('cartoon/index', Array)
#4 C:\xampp\htdocs\Pw_A\system\CodeIgniter.php(918): App\Controllers\cartoon->index()
#5 C:\xampp\htdocs\Pw_A\system\CodeIgniter.php(404): CodeIgniter\CodeIgniter->runController(Object(App\Controllers\cartoon))
#6 C:\xampp\htdocs\Pw_A\system\CodeIgniter.php(312): CodeIgniter\CodeIgniter->handleRequest(NULL, Object(Config\Cache), false)
#7 C:\xampp\htdocs\Pw_A\public\index.php(45): CodeIgniter\CodeIgniter->run()
#8 C:\xampp\htdocs\Pw_A\system\Commands\Server\rewrite.php(34): require_once('C:\\xampp\\htdocs...')
#9 {main}
CRITICAL - 2020-12-06 11:29:15 --> Undefined property: CodeIgniter\View\View::$endSection
#0 C:\xampp\htdocs\Pw_A\app\Views\cartoon\index.php(39): CodeIgniter\Debug\Exceptions->errorHandler(8, 'Undefined prope...', 'C:\\xampp\\htdocs...', 39, Array)
#1 C:\xampp\htdocs\Pw_A\system\View\View.php(246): include('C:\\xampp\\htdocs...')
#2 C:\xampp\htdocs\Pw_A\system\Common.php(1119): CodeIgniter\View\View->render('cartoon/index', Array, true)
#3 C:\xampp\htdocs\Pw_A\app\Controllers\cartoon.php(13): view('cartoon/index', Array)
#4 C:\xampp\htdocs\Pw_A\system\CodeIgniter.php(918): App\Controllers\cartoon->index()
#5 C:\xampp\htdocs\Pw_A\system\CodeIgniter.php(404): CodeIgniter\CodeIgniter->runController(Object(App\Controllers\cartoon))
#6 C:\xampp\htdocs\Pw_A\system\CodeIgniter.php(312): CodeIgniter\CodeIgniter->handleRequest(NULL, Object(Config\Cache), false)
#7 C:\xampp\htdocs\Pw_A\public\index.php(45): CodeIgniter\CodeIgniter->run()
#8 C:\xampp\htdocs\Pw_A\system\Commands\Server\rewrite.php(34): require_once('C:\\xampp\\htdocs...')
#9 {main}
CRITICAL - 2020-12-06 11:29:44 --> Undefined property: CodeIgniter\View\View::$endSection
#0 C:\xampp\htdocs\Pw_A\app\Views\cartoon\index.php(39): CodeIgniter\Debug\Exceptions->errorHandler(8, 'Undefined prope...', 'C:\\xampp\\htdocs...', 39, Array)
#1 C:\xampp\htdocs\Pw_A\system\View\View.php(246): include('C:\\xampp\\htdocs...')
#2 C:\xampp\htdocs\Pw_A\system\Common.php(1119): CodeIgniter\View\View->render('cartoon/index', Array, true)
#3 C:\xampp\htdocs\Pw_A\app\Controllers\cartoon.php(13): view('cartoon/index', Array)
#4 C:\xampp\htdocs\Pw_A\system\CodeIgniter.php(918): App\Controllers\cartoon->index()
#5 C:\xampp\htdocs\Pw_A\system\CodeIgniter.php(404): CodeIgniter\CodeIgniter->runController(Object(App\Controllers\cartoon))
#6 C:\xampp\htdocs\Pw_A\system\CodeIgniter.php(312): CodeIgniter\CodeIgniter->handleRequest(NULL, Object(Config\Cache), false)
#7 C:\xampp\htdocs\Pw_A\public\index.php(45): CodeIgniter\CodeIgniter->run()
#8 C:\xampp\htdocs\Pw_A\system\Commands\Server\rewrite.php(34): require_once('C:\\xampp\\htdocs...')
#9 {main}
CRITICAL - 2020-12-06 11:29:45 --> Undefined property: CodeIgniter\View\View::$endSection
#0 C:\xampp\htdocs\Pw_A\app\Views\cartoon\index.php(39): CodeIgniter\Debug\Exceptions->errorHandler(8, 'Undefined prope...', 'C:\\xampp\\htdocs...', 39, Array)
#1 C:\xampp\htdocs\Pw_A\system\View\View.php(246): include('C:\\xampp\\htdocs...')
#2 C:\xampp\htdocs\Pw_A\system\Common.php(1119): CodeIgniter\View\View->render('cartoon/index', Array, true)
#3 C:\xampp\htdocs\Pw_A\app\Controllers\cartoon.php(13): view('cartoon/index', Array)
#4 C:\xampp\htdocs\Pw_A\system\CodeIgniter.php(918): App\Controllers\cartoon->index()
#5 C:\xampp\htdocs\Pw_A\system\CodeIgniter.php(404): CodeIgniter\CodeIgniter->runController(Object(App\Controllers\cartoon))
#6 C:\xampp\htdocs\Pw_A\system\CodeIgniter.php(312): CodeIgniter\CodeIgniter->handleRequest(NULL, Object(Config\Cache), false)
#7 C:\xampp\htdocs\Pw_A\public\index.php(45): CodeIgniter\CodeIgniter->run()
#8 C:\xampp\htdocs\Pw_A\system\Commands\Server\rewrite.php(34): require_once('C:\\xampp\\htdocs...')
#9 {main}
CRITICAL - 2020-12-06 11:31:21 --> Undefined property: CodeIgniter\View\View::$endSection
#0 C:\xampp\htdocs\Pw_A\app\Views\cartoon\index.php(40): CodeIgniter\Debug\Exceptions->errorHandler(8, 'Undefined prope...', 'C:\\xampp\\htdocs...', 40, Array)
#1 C:\xampp\htdocs\Pw_A\system\View\View.php(246): include('C:\\xampp\\htdocs...')
#2 C:\xampp\htdocs\Pw_A\system\Common.php(1119): CodeIgniter\View\View->render('cartoon/index', Array, true)
#3 C:\xampp\htdocs\Pw_A\app\Controllers\cartoon.php(13): view('cartoon/index', Array)
#4 C:\xampp\htdocs\Pw_A\system\CodeIgniter.php(918): App\Controllers\cartoon->index()
#5 C:\xampp\htdocs\Pw_A\system\CodeIgniter.php(404): CodeIgniter\CodeIgniter->runController(Object(App\Controllers\cartoon))
#6 C:\xampp\htdocs\Pw_A\system\CodeIgniter.php(312): CodeIgniter\CodeIgniter->handleRequest(NULL, Object(Config\Cache), false)
#7 C:\xampp\htdocs\Pw_A\public\index.php(45): CodeIgniter\CodeIgniter->run()
#8 C:\xampp\htdocs\Pw_A\system\Commands\Server\rewrite.php(34): require_once('C:\\xampp\\htdocs...')
#9 {main}
CRITICAL - 2020-12-06 11:31:24 --> Undefined property: CodeIgniter\View\View::$endSection
#0 C:\xampp\htdocs\Pw_A\app\Views\cartoon\index.php(40): CodeIgniter\Debug\Exceptions->errorHandler(8, 'Undefined prope...', 'C:\\xampp\\htdocs...', 40, Array)
#1 C:\xampp\htdocs\Pw_A\system\View\View.php(246): include('C:\\xampp\\htdocs...')
#2 C:\xampp\htdocs\Pw_A\system\Common.php(1119): CodeIgniter\View\View->render('cartoon/index', Array, true)
#3 C:\xampp\htdocs\Pw_A\app\Controllers\cartoon.php(13): view('cartoon/index', Array)
#4 C:\xampp\htdocs\Pw_A\system\CodeIgniter.php(918): App\Controllers\cartoon->index()
#5 C:\xampp\htdocs\Pw_A\system\CodeIgniter.php(404): CodeIgniter\CodeIgniter->runController(Object(App\Controllers\cartoon))
#6 C:\xampp\htdocs\Pw_A\system\CodeIgniter.php(312): CodeIgniter\CodeIgniter->handleRequest(NULL, Object(Config\Cache), false)
#7 C:\xampp\htdocs\Pw_A\public\index.php(45): CodeIgniter\CodeIgniter->run()
#8 C:\xampp\htdocs\Pw_A\system\Commands\Server\rewrite.php(34): require_once('C:\\xampp\\htdocs...')
#9 {main}
CRITICAL - 2020-12-06 11:31:24 --> Undefined property: CodeIgniter\View\View::$endSection
#0 C:\xampp\htdocs\Pw_A\app\Views\cartoon\index.php(40): CodeIgniter\Debug\Exceptions->errorHandler(8, 'Undefined prope...', 'C:\\xampp\\htdocs...', 40, Array)
#1 C:\xampp\htdocs\Pw_A\system\View\View.php(246): include('C:\\xampp\\htdocs...')
#2 C:\xampp\htdocs\Pw_A\system\Common.php(1119): CodeIgniter\View\View->render('cartoon/index', Array, true)
#3 C:\xampp\htdocs\Pw_A\app\Controllers\cartoon.php(13): view('cartoon/index', Array)
#4 C:\xampp\htdocs\Pw_A\system\CodeIgniter.php(918): App\Controllers\cartoon->index()
#5 C:\xampp\htdocs\Pw_A\system\CodeIgniter.php(404): CodeIgniter\CodeIgniter->runController(Object(App\Controllers\cartoon))
#6 C:\xampp\htdocs\Pw_A\system\CodeIgniter.php(312): CodeIgniter\CodeIgniter->handleRequest(NULL, Object(Config\Cache), false)
#7 C:\xampp\htdocs\Pw_A\public\index.php(45): CodeIgniter\CodeIgniter->run()
#8 C:\xampp\htdocs\Pw_A\system\Commands\Server\rewrite.php(34): require_once('C:\\xampp\\htdocs...')
#9 {main}
CRITICAL - 2020-12-06 11:31:24 --> Undefined property: CodeIgniter\View\View::$endSection
#0 C:\xampp\htdocs\Pw_A\app\Views\cartoon\index.php(40): CodeIgniter\Debug\Exceptions->errorHandler(8, 'Undefined prope...', 'C:\\xampp\\htdocs...', 40, Array)
#1 C:\xampp\htdocs\Pw_A\system\View\View.php(246): include('C:\\xampp\\htdocs...')
#2 C:\xampp\htdocs\Pw_A\system\Common.php(1119): CodeIgniter\View\View->render('cartoon/index', Array, true)
#3 C:\xampp\htdocs\Pw_A\app\Controllers\cartoon.php(13): view('cartoon/index', Array)
#4 C:\xampp\htdocs\Pw_A\system\CodeIgniter.php(918): App\Controllers\cartoon->index()
#5 C:\xampp\htdocs\Pw_A\system\CodeIgniter.php(404): CodeIgniter\CodeIgniter->runController(Object(App\Controllers\cartoon))
#6 C:\xampp\htdocs\Pw_A\system\CodeIgniter.php(312): CodeIgniter\CodeIgniter->handleRequest(NULL, Object(Config\Cache), false)
#7 C:\xampp\htdocs\Pw_A\public\index.php(45): CodeIgniter\CodeIgniter->run()
#8 C:\xampp\htdocs\Pw_A\system\Commands\Server\rewrite.php(34): require_once('C:\\xampp\\htdocs...')
#9 {main}
CRITICAL - 2020-12-06 11:31:24 --> Undefined property: CodeIgniter\View\View::$endSection
#0 C:\xampp\htdocs\Pw_A\app\Views\cartoon\index.php(40): CodeIgniter\Debug\Exceptions->errorHandler(8, 'Undefined prope...', 'C:\\xampp\\htdocs...', 40, Array)
#1 C:\xampp\htdocs\Pw_A\system\View\View.php(246): include('C:\\xampp\\htdocs...')
#2 C:\xampp\htdocs\Pw_A\system\Common.php(1119): CodeIgniter\View\View->render('cartoon/index', Array, true)
#3 C:\xampp\htdocs\Pw_A\app\Controllers\cartoon.php(13): view('cartoon/index', Array)
#4 C:\xampp\htdocs\Pw_A\system\CodeIgniter.php(918): App\Controllers\cartoon->index()
#5 C:\xampp\htdocs\Pw_A\system\CodeIgniter.php(404): CodeIgniter\CodeIgniter->runController(Object(App\Controllers\cartoon))
#6 C:\xampp\htdocs\Pw_A\system\CodeIgniter.php(312): CodeIgniter\CodeIgniter->handleRequest(NULL, Object(Config\Cache), false)
#7 C:\xampp\htdocs\Pw_A\public\index.php(45): CodeIgniter\CodeIgniter->run()
#8 C:\xampp\htdocs\Pw_A\system\Commands\Server\rewrite.php(34): require_once('C:\\xampp\\htdocs...')
#9 {main}
CRITICAL - 2020-12-06 11:31:24 --> Undefined property: CodeIgniter\View\View::$endSection
#0 C:\xampp\htdocs\Pw_A\app\Views\cartoon\index.php(40): CodeIgniter\Debug\Exceptions->errorHandler(8, 'Undefined prope...', 'C:\\xampp\\htdocs...', 40, Array)
#1 C:\xampp\htdocs\Pw_A\system\View\View.php(246): include('C:\\xampp\\htdocs...')
#2 C:\xampp\htdocs\Pw_A\system\Common.php(1119): CodeIgniter\View\View->render('cartoon/index', Array, true)
#3 C:\xampp\htdocs\Pw_A\app\Controllers\cartoon.php(13): view('cartoon/index', Array)
#4 C:\xampp\htdocs\Pw_A\system\CodeIgniter.php(918): App\Controllers\cartoon->index()
#5 C:\xampp\htdocs\Pw_A\system\CodeIgniter.php(404): CodeIgniter\CodeIgniter->runController(Object(App\Controllers\cartoon))
#6 C:\xampp\htdocs\Pw_A\system\CodeIgniter.php(312): CodeIgniter\CodeIgniter->handleRequest(NULL, Object(Config\Cache), false)
#7 C:\xampp\htdocs\Pw_A\public\index.php(45): CodeIgniter\CodeIgniter->run()
#8 C:\xampp\htdocs\Pw_A\system\Commands\Server\rewrite.php(34): require_once('C:\\xampp\\htdocs...')
#9 {main}
CRITICAL - 2020-12-06 11:31:24 --> Undefined property: CodeIgniter\View\View::$endSection
#0 C:\xampp\htdocs\Pw_A\app\Views\cartoon\index.php(40): CodeIgniter\Debug\Exceptions->errorHandler(8, 'Undefined prope...', 'C:\\xampp\\htdocs...', 40, Array)
#1 C:\xampp\htdocs\Pw_A\system\View\View.php(246): include('C:\\xampp\\htdocs...')
#2 C:\xampp\htdocs\Pw_A\system\Common.php(1119): CodeIgniter\View\View->render('cartoon/index', Array, true)
#3 C:\xampp\htdocs\Pw_A\app\Controllers\cartoon.php(13): view('cartoon/index', Array)
#4 C:\xampp\htdocs\Pw_A\system\CodeIgniter.php(918): App\Controllers\cartoon->index()
#5 C:\xampp\htdocs\Pw_A\system\CodeIgniter.php(404): CodeIgniter\CodeIgniter->runController(Object(App\Controllers\cartoon))
#6 C:\xampp\htdocs\Pw_A\system\CodeIgniter.php(312): CodeIgniter\CodeIgniter->handleRequest(NULL, Object(Config\Cache), false)
#7 C:\xampp\htdocs\Pw_A\public\index.php(45): CodeIgniter\CodeIgniter->run()
#8 C:\xampp\htdocs\Pw_A\system\Commands\Server\rewrite.php(34): require_once('C:\\xampp\\htdocs...')
#9 {main}
CRITICAL - 2020-12-06 11:31:25 --> Undefined property: CodeIgniter\View\View::$endSection
#0 C:\xampp\htdocs\Pw_A\app\Views\cartoon\index.php(40): CodeIgniter\Debug\Exceptions->errorHandler(8, 'Undefined prope...', 'C:\\xampp\\htdocs...', 40, Array)
#1 C:\xampp\htdocs\Pw_A\system\View\View.php(246): include('C:\\xampp\\htdocs...')
#2 C:\xampp\htdocs\Pw_A\system\Common.php(1119): CodeIgniter\View\View->render('cartoon/index', Array, true)
#3 C:\xampp\htdocs\Pw_A\app\Controllers\cartoon.php(13): view('cartoon/index', Array)
#4 C:\xampp\htdocs\Pw_A\system\CodeIgniter.php(918): App\Controllers\cartoon->index()
#5 C:\xampp\htdocs\Pw_A\system\CodeIgniter.php(404): CodeIgniter\CodeIgniter->runController(Object(App\Controllers\cartoon))
#6 C:\xampp\htdocs\Pw_A\system\CodeIgniter.php(312): CodeIgniter\CodeIgniter->handleRequest(NULL, Object(Config\Cache), false)
#7 C:\xampp\htdocs\Pw_A\public\index.php(45): CodeIgniter\CodeIgniter->run()
#8 C:\xampp\htdocs\Pw_A\system\Commands\Server\rewrite.php(34): require_once('C:\\xampp\\htdocs...')
#9 {main}
CRITICAL - 2020-12-06 11:32:01 --> Undefined property: CodeIgniter\View\View::$endSection
#0 C:\xampp\htdocs\Pw_A\app\Views\cartoon\index.php(40): CodeIgniter\Debug\Exceptions->errorHandler(8, 'Undefined prope...', 'C:\\xampp\\htdocs...', 40, Array)
#1 C:\xampp\htdocs\Pw_A\system\View\View.php(246): include('C:\\xampp\\htdocs...')
#2 C:\xampp\htdocs\Pw_A\system\Common.php(1119): CodeIgniter\View\View->render('cartoon/index', Array, true)
#3 C:\xampp\htdocs\Pw_A\app\Controllers\cartoon.php(13): view('cartoon/index', Array)
#4 C:\xampp\htdocs\Pw_A\system\CodeIgniter.php(918): App\Controllers\cartoon->index()
#5 C:\xampp\htdocs\Pw_A\system\CodeIgniter.php(404): CodeIgniter\CodeIgniter->runController(Object(App\Controllers\cartoon))
#6 C:\xampp\htdocs\Pw_A\system\CodeIgniter.php(312): CodeIgniter\CodeIgniter->handleRequest(NULL, Object(Config\Cache), false)
#7 C:\xampp\htdocs\Pw_A\public\index.php(45): CodeIgniter\CodeIgniter->run()
#8 C:\xampp\htdocs\Pw_A\system\Commands\Server\rewrite.php(34): require_once('C:\\xampp\\htdocs...')
#9 {main}
CRITICAL - 2020-12-06 11:32:02 --> Undefined property: CodeIgniter\View\View::$endSection
#0 C:\xampp\htdocs\Pw_A\app\Views\cartoon\index.php(40): CodeIgniter\Debug\Exceptions->errorHandler(8, 'Undefined prope...', 'C:\\xampp\\htdocs...', 40, Array)
#1 C:\xampp\htdocs\Pw_A\system\View\View.php(246): include('C:\\xampp\\htdocs...')
#2 C:\xampp\htdocs\Pw_A\system\Common.php(1119): CodeIgniter\View\View->render('cartoon/index', Array, true)
#3 C:\xampp\htdocs\Pw_A\app\Controllers\cartoon.php(13): view('cartoon/index', Array)
#4 C:\xampp\htdocs\Pw_A\system\CodeIgniter.php(918): App\Controllers\cartoon->index()
#5 C:\xampp\htdocs\Pw_A\system\CodeIgniter.php(404): CodeIgniter\CodeIgniter->runController(Object(App\Controllers\cartoon))
#6 C:\xampp\htdocs\Pw_A\system\CodeIgniter.php(312): CodeIgniter\CodeIgniter->handleRequest(NULL, Object(Config\Cache), false)
#7 C:\xampp\htdocs\Pw_A\public\index.php(45): CodeIgniter\CodeIgniter->run()
#8 C:\xampp\htdocs\Pw_A\system\Commands\Server\rewrite.php(34): require_once('C:\\xampp\\htdocs...')
#9 {main}
CRITICAL - 2020-12-06 11:32:37 --> Undefined property: CodeIgniter\View\View::$endSection
#0 C:\xampp\htdocs\Pw_A\app\Views\cartoon\index.php(40): CodeIgniter\Debug\Exceptions->errorHandler(8, 'Undefined prope...', 'C:\\xampp\\htdocs...', 40, Array)
#1 C:\xampp\htdocs\Pw_A\system\View\View.php(246): include('C:\\xampp\\htdocs...')
#2 C:\xampp\htdocs\Pw_A\system\Common.php(1119): CodeIgniter\View\View->render('cartoon/index', Array, true)
#3 C:\xampp\htdocs\Pw_A\app\Controllers\cartoon.php(13): view('cartoon/index', Array)
#4 C:\xampp\htdocs\Pw_A\system\CodeIgniter.php(918): App\Controllers\cartoon->index()
#5 C:\xampp\htdocs\Pw_A\system\CodeIgniter.php(404): CodeIgniter\CodeIgniter->runController(Object(App\Controllers\cartoon))
#6 C:\xampp\htdocs\Pw_A\system\CodeIgniter.php(312): CodeIgniter\CodeIgniter->handleRequest(NULL, Object(Config\Cache), false)
#7 C:\xampp\htdocs\Pw_A\public\index.php(45): CodeIgniter\CodeIgniter->run()
#8 C:\xampp\htdocs\Pw_A\system\Commands\Server\rewrite.php(34): require_once('C:\\xampp\\htdocs...')
#9 {main}
CRITICAL - 2020-12-06 11:39:33 --> Undefined property: CodeIgniter\View\View::$endSection
#0 C:\xampp\htdocs\Pw_A\app\Views\cartoon\index.php(40): CodeIgniter\Debug\Exceptions->errorHandler(8, 'Undefined prope...', 'C:\\xampp\\htdocs...', 40, Array)
#1 C:\xampp\htdocs\Pw_A\system\View\View.php(246): include('C:\\xampp\\htdocs...')
#2 C:\xampp\htdocs\Pw_A\system\Common.php(1119): CodeIgniter\View\View->render('cartoon/index', Array, true)
#3 C:\xampp\htdocs\Pw_A\app\Controllers\cartoon.php(13): view('cartoon/index', Array)
#4 C:\xampp\htdocs\Pw_A\system\CodeIgniter.php(918): App\Controllers\cartoon->index()
#5 C:\xampp\htdocs\Pw_A\system\CodeIgniter.php(404): CodeIgniter\CodeIgniter->runController(Object(App\Controllers\cartoon))
#6 C:\xampp\htdocs\Pw_A\system\CodeIgniter.php(312): CodeIgniter\CodeIgniter->handleRequest(NULL, Object(Config\Cache), false)
#7 C:\xampp\htdocs\Pw_A\public\index.php(45): CodeIgniter\CodeIgniter->run()
#8 C:\xampp\htdocs\Pw_A\system\Commands\Server\rewrite.php(34): require_once('C:\\xampp\\htdocs...')
#9 {main}
CRITICAL - 2020-12-06 11:39:45 --> Undefined property: CodeIgniter\View\View::$endSection
#0 C:\xampp\htdocs\Pw_A\app\Views\cartoon\index.php(40): CodeIgniter\Debug\Exceptions->errorHandler(8, 'Undefined prope...', 'C:\\xampp\\htdocs...', 40, Array)
#1 C:\xampp\htdocs\Pw_A\system\View\View.php(246): include('C:\\xampp\\htdocs...')
#2 C:\xampp\htdocs\Pw_A\system\Common.php(1119): CodeIgniter\View\View->render('cartoon/index', Array, true)
#3 C:\xampp\htdocs\Pw_A\app\Controllers\cartoon.php(13): view('cartoon/index', Array)
#4 C:\xampp\htdocs\Pw_A\system\CodeIgniter.php(918): App\Controllers\cartoon->index()
#5 C:\xampp\htdocs\Pw_A\system\CodeIgniter.php(404): CodeIgniter\CodeIgniter->runController(Object(App\Controllers\cartoon))
#6 C:\xampp\htdocs\Pw_A\system\CodeIgniter.php(312): CodeIgniter\CodeIgniter->handleRequest(NULL, Object(Config\Cache), false)
#7 C:\xampp\htdocs\Pw_A\public\index.php(45): CodeIgniter\CodeIgniter->run()
#8 C:\xampp\htdocs\Pw_A\system\Commands\Server\rewrite.php(34): require_once('C:\\xampp\\htdocs...')
#9 {main}
CRITICAL - 2020-12-06 11:45:58 --> Undefined property: CodeIgniter\View\View::$endSection
#0 C:\xampp\htdocs\Pw_A\app\Views\cartoon\index.php(40): CodeIgniter\Debug\Exceptions->errorHandler(8, 'Undefined prope...', 'C:\\xampp\\htdocs...', 40, Array)
#1 C:\xampp\htdocs\Pw_A\system\View\View.php(246): include('C:\\xampp\\htdocs...')
#2 C:\xampp\htdocs\Pw_A\system\Common.php(1119): CodeIgniter\View\View->render('cartoon/index', Array, true)
#3 C:\xampp\htdocs\Pw_A\app\Controllers\cartoon.php(13): view('cartoon/index', Array)
#4 C:\xampp\htdocs\Pw_A\system\CodeIgniter.php(918): App\Controllers\cartoon->index()
#5 C:\xampp\htdocs\Pw_A\system\CodeIgniter.php(404): CodeIgniter\CodeIgniter->runController(Object(App\Controllers\cartoon))
#6 C:\xampp\htdocs\Pw_A\system\CodeIgniter.php(312): CodeIgniter\CodeIgniter->handleRequest(NULL, Object(Config\Cache), false)
#7 C:\xampp\htdocs\Pw_A\public\index.php(45): CodeIgniter\CodeIgniter->run()
#8 C:\xampp\htdocs\Pw_A\system\Commands\Server\rewrite.php(34): require_once('C:\\xampp\\htdocs...')
#9 {main}
CRITICAL - 2020-12-06 11:46:04 --> Undefined property: CodeIgniter\View\View::$endSection
#0 C:\xampp\htdocs\Pw_A\app\Views\cartoon\index.php(40): CodeIgniter\Debug\Exceptions->errorHandler(8, 'Undefined prope...', 'C:\\xampp\\htdocs...', 40, Array)
#1 C:\xampp\htdocs\Pw_A\system\View\View.php(246): include('C:\\xampp\\htdocs...')
#2 C:\xampp\htdocs\Pw_A\system\Common.php(1119): CodeIgniter\View\View->render('cartoon/index', Array, true)
#3 C:\xampp\htdocs\Pw_A\app\Controllers\cartoon.php(13): view('cartoon/index', Array)
#4 C:\xampp\htdocs\Pw_A\system\CodeIgniter.php(918): App\Controllers\cartoon->index()
#5 C:\xampp\htdocs\Pw_A\system\CodeIgniter.php(404): CodeIgniter\CodeIgniter->runController(Object(App\Controllers\cartoon))
#6 C:\xampp\htdocs\Pw_A\system\CodeIgniter.php(312): CodeIgniter\CodeIgniter->handleRequest(NULL, Object(Config\Cache), false)
#7 C:\xampp\htdocs\Pw_A\public\index.php(45): CodeIgniter\CodeIgniter->run()
#8 C:\xampp\htdocs\Pw_A\system\Commands\Server\rewrite.php(34): require_once('C:\\xampp\\htdocs...')
#9 {main}
CRITICAL - 2020-12-06 11:48:41 --> Undefined property: CodeIgniter\View\View::$endSection
#0 C:\xampp\htdocs\Pw_A\app\Views\cartoon\index.php(41): CodeIgniter\Debug\Exceptions->errorHandler(8, 'Undefined prope...', 'C:\\xampp\\htdocs...', 41, Array)
#1 C:\xampp\htdocs\Pw_A\system\View\View.php(246): include('C:\\xampp\\htdocs...')
#2 C:\xampp\htdocs\Pw_A\system\Common.php(1119): CodeIgniter\View\View->render('cartoon/index', Array, true)
#3 C:\xampp\htdocs\Pw_A\app\Controllers\cartoon.php(13): view('cartoon/index', Array)
#4 C:\xampp\htdocs\Pw_A\system\CodeIgniter.php(918): App\Controllers\cartoon->index()
#5 C:\xampp\htdocs\Pw_A\system\CodeIgniter.php(404): CodeIgniter\CodeIgniter->runController(Object(App\Controllers\cartoon))
#6 C:\xampp\htdocs\Pw_A\system\CodeIgniter.php(312): CodeIgniter\CodeIgniter->handleRequest(NULL, Object(Config\Cache), false)
#7 C:\xampp\htdocs\Pw_A\public\index.php(45): CodeIgniter\CodeIgniter->run()
#8 C:\xampp\htdocs\Pw_A\system\Commands\Server\rewrite.php(34): require_once('C:\\xampp\\htdocs...')
#9 {main}
CRITICAL - 2020-12-06 13:16:55 --> Undefined variable: k
#0 C:\xampp\htdocs\Pw_A\app\Views\cartoon\index.php(26): CodeIgniter\Debug\Exceptions->errorHandler(8, 'Undefined varia...', 'C:\\xampp\\htdocs...', 26, Array)
#1 C:\xampp\htdocs\Pw_A\system\View\View.php(246): include('C:\\xampp\\htdocs...')
#2 C:\xampp\htdocs\Pw_A\system\Common.php(1119): CodeIgniter\View\View->render('cartoon/index', Array, true)
#3 C:\xampp\htdocs\Pw_A\app\Controllers\cartoon.php(32): view('cartoon/index', Array)
#4 C:\xampp\htdocs\Pw_A\system\CodeIgniter.php(918): App\Controllers\cartoon->index()
#5 C:\xampp\htdocs\Pw_A\system\CodeIgniter.php(404): CodeIgniter\CodeIgniter->runController(Object(App\Controllers\cartoon))
#6 C:\xampp\htdocs\Pw_A\system\CodeIgniter.php(312): CodeIgniter\CodeIgniter->handleRequest(NULL, Object(Config\Cache), false)
#7 C:\xampp\htdocs\Pw_A\public\index.php(45): CodeIgniter\CodeIgniter->run()
#8 C:\xampp\htdocs\Pw_A\system\Commands\Server\rewrite.php(34): require_once('C:\\xampp\\htdocs...')
#9 {main}
