CRITICAL - 2020-12-16 00:37:15 --> Invalid file: Pages/about.php
#0 C:\xampp\htdocs\Pw_A\system\View\View.php(228): CodeIgniter\Exceptions\FrameworkException::forInvalidFile('Pages/about.php')
#1 C:\xampp\htdocs\Pw_A\system\Common.php(1119): CodeIgniter\View\View->render('Pages/about', Array, true)
#2 C:\xampp\htdocs\Pw_A\app\Controllers\Pages.php(19): view('Pages/about', Array)
#3 C:\xampp\htdocs\Pw_A\system\CodeIgniter.php(918): App\Controllers\Pages->about()
#4 C:\xampp\htdocs\Pw_A\system\CodeIgniter.php(404): CodeIgniter\CodeIgniter->runController(Object(App\Controllers\Pages))
#5 C:\xampp\htdocs\Pw_A\system\CodeIgniter.php(312): CodeIgniter\CodeIgniter->handleRequest(NULL, Object(Config\Cache), false)
#6 C:\xampp\htdocs\Pw_A\public\index.php(45): CodeIgniter\CodeIgniter->run()
#7 C:\xampp\htdocs\Pw_A\system\Commands\Server\rewrite.php(34): require_once('C:\\xampp\\htdocs...')
#8 {main}
CRITICAL - 2020-12-16 03:45:12 --> Undefined index: Cartoon
#0 C:\xampp\htdocs\Pw_A\app\Views\orang\index.php(37): CodeIgniter\Debug\Exceptions->errorHandler(8, 'Undefined index...', 'C:\\xampp\\htdocs...', 37, Array)
#1 C:\xampp\htdocs\Pw_A\system\View\View.php(246): include('C:\\xampp\\htdocs...')
#2 C:\xampp\htdocs\Pw_A\system\Common.php(1119): CodeIgniter\View\View->render('orang/index', Array, true)
#3 C:\xampp\htdocs\Pw_A\app\Controllers\Orang.php(37): view('orang/index', Array)
#4 C:\xampp\htdocs\Pw_A\system\CodeIgniter.php(918): App\Controllers\Orang->index()
#5 C:\xampp\htdocs\Pw_A\system\CodeIgniter.php(404): CodeIgniter\CodeIgniter->runController(Object(App\Controllers\Orang))
#6 C:\xampp\htdocs\Pw_A\system\CodeIgniter.php(312): CodeIgniter\CodeIgniter->handleRequest(NULL, Object(Config\Cache), false)
#7 C:\xampp\htdocs\Pw_A\public\index.php(45): CodeIgniter\CodeIgniter->run()
#8 C:\xampp\htdocs\Pw_A\system\Commands\Server\rewrite.php(34): require_once('C:\\xampp\\htdocs...')
#9 {main}
CRITICAL - 2020-12-16 03:47:21 --> Undefined index: Cartoon
#0 C:\xampp\htdocs\Pw_A\app\Views\orang\index.php(37): CodeIgniter\Debug\Exceptions->errorHandler(8, 'Undefined index...', 'C:\\xampp\\htdocs...', 37, Array)
#1 C:\xampp\htdocs\Pw_A\system\View\View.php(246): include('C:\\xampp\\htdocs...')
#2 C:\xampp\htdocs\Pw_A\system\Common.php(1119): CodeIgniter\View\View->render('orang/index', Array, true)
#3 C:\xampp\htdocs\Pw_A\app\Controllers\Orang.php(37): view('orang/index', Array)
#4 C:\xampp\htdocs\Pw_A\system\CodeIgniter.php(918): App\Controllers\Orang->index()
#5 C:\xampp\htdocs\Pw_A\system\CodeIgniter.php(404): CodeIgniter\CodeIgniter->runController(Object(App\Controllers\Orang))
#6 C:\xampp\htdocs\Pw_A\system\CodeIgniter.php(312): CodeIgniter\CodeIgniter->handleRequest(NULL, Object(Config\Cache), false)
#7 C:\xampp\htdocs\Pw_A\public\index.php(45): CodeIgniter\CodeIgniter->run()
#8 C:\xampp\htdocs\Pw_A\system\Commands\Server\rewrite.php(34): require_once('C:\\xampp\\htdocs...')
#9 {main}
CRITICAL - 2020-12-16 03:48:44 --> Undefined index: Cartoon
#0 C:\xampp\htdocs\Pw_A\app\Views\orang\index.php(37): CodeIgniter\Debug\Exceptions->errorHandler(8, 'Undefined index...', 'C:\\xampp\\htdocs...', 37, Array)
#1 C:\xampp\htdocs\Pw_A\system\View\View.php(246): include('C:\\xampp\\htdocs...')
#2 C:\xampp\htdocs\Pw_A\system\Common.php(1119): CodeIgniter\View\View->render('orang/index', Array, true)
#3 C:\xampp\htdocs\Pw_A\app\Controllers\Orang.php(37): view('orang/index', Array)
#4 C:\xampp\htdocs\Pw_A\system\CodeIgniter.php(918): App\Controllers\Orang->index()
#5 C:\xampp\htdocs\Pw_A\system\CodeIgniter.php(404): CodeIgniter\CodeIgniter->runController(Object(App\Controllers\Orang))
#6 C:\xampp\htdocs\Pw_A\system\CodeIgniter.php(312): CodeIgniter\CodeIgniter->handleRequest(NULL, Object(Config\Cache), false)
#7 C:\xampp\htdocs\Pw_A\public\index.php(45): CodeIgniter\CodeIgniter->run()
#8 C:\xampp\htdocs\Pw_A\system\Commands\Server\rewrite.php(34): require_once('C:\\xampp\\htdocs...')
#9 {main}
CRITICAL - 2020-12-16 03:48:46 --> Undefined index: Cartoon
#0 C:\xampp\htdocs\Pw_A\app\Views\orang\index.php(37): CodeIgniter\Debug\Exceptions->errorHandler(8, 'Undefined index...', 'C:\\xampp\\htdocs...', 37, Array)
#1 C:\xampp\htdocs\Pw_A\system\View\View.php(246): include('C:\\xampp\\htdocs...')
#2 C:\xampp\htdocs\Pw_A\system\Common.php(1119): CodeIgniter\View\View->render('orang/index', Array, true)
#3 C:\xampp\htdocs\Pw_A\app\Controllers\Orang.php(37): view('orang/index', Array)
#4 C:\xampp\htdocs\Pw_A\system\CodeIgniter.php(918): App\Controllers\Orang->index()
#5 C:\xampp\htdocs\Pw_A\system\CodeIgniter.php(404): CodeIgniter\CodeIgniter->runController(Object(App\Controllers\Orang))
#6 C:\xampp\htdocs\Pw_A\system\CodeIgniter.php(312): CodeIgniter\CodeIgniter->handleRequest(NULL, Object(Config\Cache), false)
#7 C:\xampp\htdocs\Pw_A\public\index.php(45): CodeIgniter\CodeIgniter->run()
#8 C:\xampp\htdocs\Pw_A\system\Commands\Server\rewrite.php(34): require_once('C:\\xampp\\htdocs...')
#9 {main}
CRITICAL - 2020-12-16 04:51:37 --> Unknown column 'cartoon' in 'where clause'
#0 C:\xampp\htdocs\Pw_A\system\Database\MySQLi\Connection.php(331): mysqli->query('SELECT COUNT(*)...')
#1 C:\xampp\htdocs\Pw_A\system\Database\BaseConnection.php(741): CodeIgniter\Database\MySQLi\Connection->execute('SELECT COUNT(*)...')
#2 C:\xampp\htdocs\Pw_A\system\Database\BaseConnection.php(669): CodeIgniter\Database\BaseConnection->simpleQuery('SELECT COUNT(*)...')
#3 C:\xampp\htdocs\Pw_A\system\Database\BaseBuilder.php(1952): CodeIgniter\Database\BaseConnection->query('SELECT COUNT(*)...', Array, false)
#4 C:\xampp\htdocs\Pw_A\system\Model.php(1673): CodeIgniter\Database\BaseBuilder->countAllResults(false)
#5 C:\xampp\htdocs\Pw_A\system\Model.php(1176): CodeIgniter\Model->countAllResults(false)
#6 C:\xampp\htdocs\Pw_A\app\Controllers\Orang.php(31): CodeIgniter\Model->paginate(5, 'orang')
#7 C:\xampp\htdocs\Pw_A\system\CodeIgniter.php(918): App\Controllers\Orang->index()
#8 C:\xampp\htdocs\Pw_A\system\CodeIgniter.php(404): CodeIgniter\CodeIgniter->runController(Object(App\Controllers\Orang))
#9 C:\xampp\htdocs\Pw_A\system\CodeIgniter.php(312): CodeIgniter\CodeIgniter->handleRequest(NULL, Object(Config\Cache), false)
#10 C:\xampp\htdocs\Pw_A\public\index.php(45): CodeIgniter\CodeIgniter->run()
#11 C:\xampp\htdocs\Pw_A\system\Commands\Server\rewrite.php(34): require_once('C:\\xampp\\htdocs...')
#12 {main}
CRITICAL - 2020-12-16 05:36:18 --> Declaration of Myth\Auth\Filters\LoginFilter::before(CodeIgniter\HTTP\RequestInterface $request) must be compatible with CodeIgniter\Filters\FilterInterface::before(CodeIgniter\HTTP\RequestInterface $request, $arguments = NULL)
#0 [internal function]: CodeIgniter\Debug\Exceptions->shutdownHandler()
#1 {main}
CRITICAL - 2020-12-16 05:38:27 --> Declaration of Myth\Auth\Filters\LoginFilter::after(CodeIgniter\HTTP\RequestInterface $request, CodeIgniter\HTTP\ResponseInterface $response) must be compatible with CodeIgniter\Filters\FilterInterface::after(CodeIgniter\HTTP\RequestInterface $request, CodeIgniter\HTTP\ResponseInterface $response, $arguments = NULL)
#0 [internal function]: CodeIgniter\Debug\Exceptions->shutdownHandler()
#1 {main}
CRITICAL - 2020-12-16 08:55:19 --> Invalid file: Pages/about.php
#0 C:\xampp\htdocs\Pw_A\system\View\View.php(228): CodeIgniter\Exceptions\FrameworkException::forInvalidFile('Pages/about.php')
#1 C:\xampp\htdocs\Pw_A\system\Common.php(1119): CodeIgniter\View\View->render('Pages/about', Array, true)
#2 C:\xampp\htdocs\Pw_A\app\Controllers\Pages.php(19): view('Pages/about', Array)
#3 C:\xampp\htdocs\Pw_A\system\CodeIgniter.php(918): App\Controllers\Pages->about()
#4 C:\xampp\htdocs\Pw_A\system\CodeIgniter.php(404): CodeIgniter\CodeIgniter->runController(Object(App\Controllers\Pages))
#5 C:\xampp\htdocs\Pw_A\system\CodeIgniter.php(312): CodeIgniter\CodeIgniter->handleRequest(NULL, Object(Config\Cache), false)
#6 C:\xampp\htdocs\Pw_A\public\index.php(44): CodeIgniter\CodeIgniter->run()
#7 C:\xampp\htdocs\Pw_A\system\Commands\Server\rewrite.php(34): require_once('C:\\xampp\\htdocs...')
#8 {main}
CRITICAL - 2020-12-16 09:35:17 --> Invalid file: Pages/about.php
#0 C:\xampp\htdocs\Pw_A\system\View\View.php(228): CodeIgniter\Exceptions\FrameworkException::forInvalidFile('Pages/about.php')
#1 C:\xampp\htdocs\Pw_A\system\Common.php(1119): CodeIgniter\View\View->render('Pages/about', Array, true)
#2 C:\xampp\htdocs\Pw_A\app\Controllers\Pages.php(19): view('Pages/about', Array)
#3 C:\xampp\htdocs\Pw_A\system\CodeIgniter.php(918): App\Controllers\Pages->about()
#4 C:\xampp\htdocs\Pw_A\system\CodeIgniter.php(404): CodeIgniter\CodeIgniter->runController(Object(App\Controllers\Pages))
#5 C:\xampp\htdocs\Pw_A\system\CodeIgniter.php(312): CodeIgniter\CodeIgniter->handleRequest(NULL, Object(Config\Cache), false)
#6 C:\xampp\htdocs\Pw_A\public\index.php(44): CodeIgniter\CodeIgniter->run()
#7 C:\xampp\htdocs\Pw_A\system\Commands\Server\rewrite.php(34): require_once('C:\\xampp\\htdocs...')
#8 {main}
